#
# A fatal error has been detected by the Java Runtime Environment:
#
#  SIGSEGV (0xb) at pc=0x00007fff8c5b0064, pid=38119, tid=1299
#
# JRE version: Java(TM) SE Runtime Environment (8.0_11-b12) (build 1.8.0_11-b12)
# Java VM: Java HotSpot(TM) 64-Bit Server VM (25.11-b03 mixed mode bsd-amd64 compressed oops)
# Problematic frame:
# C  [libobjc.A.dylib+0x9064]  objc_retain+0x14
#
# Failed to write core dump. Core dumps have been disabled. To enable core dumping, try "ulimit -c unlimited" before starting Java again
#
# If you would like to submit a bug report, please visit:
#   http://bugreport.sun.com/bugreport/crash.jsp
# The crash happened outside the Java Virtual Machine in native code.
# See problematic frame for where to report the bug.
#

---------------  T H R E A D  ---------------

Current thread (0x00007fa00c072000):  JavaThread "JavaFX Application Thread" [_thread_in_native, id=1299, stack(0x00007fff4fa35000,0x00007fff50235000)]

siginfo:si_signo=SIGSEGV: si_errno=0, si_code=0 (SEGV0), si_addr=0x0000000000000000

Registers:
RAX=0x5000000000000000, RBX=0x00007fa00b67efa0, RCX=0x00000000ffffffff, RDX=0x0000000000000050
RSP=0x00007fff50230558, RBP=0x00007fff50230570, RSI=0x00007fff8922696a, RDI=0x00007fa0104541a0
R8 =0x0000000000000000, R9 =0x00007fa00b700000, R10=0x00007fa00b5d02e0, R11=0x00007fff789d4358
R12=0x0000000000000003, R13=0x00007fff8c5a80c0, R14=0x00007fff791e25a8, R15=0x00007fa0101673b0
RIP=0x00007fff8c5b0064, EFLAGS=0x0000000000010246, ERR=0x0000000000000000
  TRAPNO=0x000000000000000d

Top of Stack: (sp=0x00007fff50230558)
0x00007fff50230558:   00007fff8c5b1656 00007fa00b67a820
0x00007fff50230568:   00007fa00b67ef50 00007fff502305b0
0x00007fff50230578:   00007fff88982d83 00007fff88982c11
0x00007fff50230588:   00007fa010304870 0000000000000003
0x00007fff50230598:   00007fa00b51cc88 00007fa00b6caf80
0x00007fff502305a8:   00007fff502305f0 00007fff502305d0
0x00007fff502305b8:   00007fff88982c2e 00007fff88982c11
0x00007fff502305c8:   00007fa00b6caf70 00007fff502305e0
0x00007fff502305d8:   00007fff8d8e7da7 00007fff50230670
0x00007fff502305e8:   00007fff8d8e7d00 00007fa00b6caf70
0x00007fff502305f8:   00007fa010456190 00007fa010451a00
0x00007fff50230608:   00007fff8d8e7be6 00007fff502305f0
0x00007fff50230618:   00007fff50230610 00007fa00b51cca0
0x00007fff50230628:   00007fa00b51c9b0 00007fff502305f0
0x00007fff50230638:   0000000000000002 0700030379cdcfe7
0x00007fff50230648:   0000000000000001 00007fff50230720
0x00007fff50230658:   0000000000001403 00007fa00b51c9a0
0x00007fff50230668:   00007fa00b51cc90 00007fff50231350
0x00007fff50230678:   00007fff8d8d9e08 000000011140045f
0x00007fff50230688:   0000000133245978 00007fff79491cf0
0x00007fff50230698:   0000000000000000 00007fa00b51cc90
0x00007fff502306a8:   000000016ce65b08 00007fa010134440
0x00007fff502306b8:   0000000100000001 00007fa00b51cca0
0x00007fff502306c8:   00007fa00b51c9b0 00000000ffffff01
0x00007fff502306d8:   00024f80acf56352 00001803502306c9
0x00007fff502306e8:   422d2c1658628a83 000015030b554310
0x00007fff502306f8:   0000000000000000 00000000502306e9
0x00007fff50230708:   0000000000000000 0000000000000000
0x00007fff50230718:   ffffffffffffffff 0000045820001100
0x00007fff50230728:   0001171b00000000 0000753000000000
0x00007fff50230738:   0000000100000000 0000000000000000
0x00007fff50230748:   000004286a92ef4c 0000026c00000000 

Instructions: (pc=0x00007fff8c5b0064)
0x00007fff8c5b0044:   5f 5d c3 90 90 90 90 90 90 90 90 90 31 c0 48 85
0x00007fff8c5b0054:   ff 74 09 40 f6 c7 01 74 04 48 89 f8 c3 48 8b 07
0x00007fff8c5b0064:   f6 40 20 02 74 05 e9 55 83 01 00 48 8d 05 62 1a
0x00007fff8c5b0074:   c3 ec 48 8b 30 e9 42 80 ff ff 90 90 90 90 90 90 

Register to memory mapping:

RAX=0x5000000000000000 is an unknown value
RBX=0x00007fa00b67efa0 is an unknown value
RCX=0x00000000ffffffff is an unknown value
RDX=0x0000000000000050 is an unknown value
RSP=0x00007fff50230558 is pointing into the stack for thread: 0x00007fa00c072000
RBP=0x00007fff50230570 is pointing into the stack for thread: 0x00007fa00c072000
RSI=0x00007fff8922696a: -[NSTitlebarContainerView shouldRoundCorners]+0xb258c in /System/Library/Frameworks/AppKit.framework/Versions/C/AppKit at 0x00007fff88800000
RDI=0x00007fa0104541a0 is an unknown value
R8 =0x0000000000000000 is an unknown value
R9 =0x00007fa00b700000 is an unknown value
R10=0x00007fa00b5d02e0 is an unknown value
R11=0x00007fff789d4358: OBJC_CLASS_$__NSAutomaticFocusRingState+0 in /System/Library/Frameworks/AppKit.framework/Versions/C/AppKit at 0x00007fff88800000
R12=0x0000000000000003 is an unknown value
R13=0x00007fff8c5a80c0: objc_msgSend+0 in /usr/lib/libobjc.A.dylib at 0x00007fff8c5a7000
R14=0x00007fff791e25a8: _ZL13PropertyLocks+0x3e8 in /usr/lib/libobjc.A.dylib at 0x00007fff8c5a7000
R15=0x00007fa0101673b0 is an unknown value


Stack: [0x00007fff4fa35000,0x00007fff50235000],  sp=0x00007fff50230558,  free space=8173k
Native frames: (J=compiled Java code, j=interpreted, Vv=VM code, C=native code)
C  [libobjc.A.dylib+0x9064]  objc_retain+0x14
C  [AppKit+0x182d83]  +[_NSAutomaticFocusRing setActiveFirstResponderChanged]+0xe1
C  [AppKit+0x182c2e]  ___NSPostActiveFirstResponderChanged_block_invoke+0x1d
C  [CoreFoundation+0x7fda7]  __CFRUNLOOP_IS_CALLING_OUT_TO_AN_OBSERVER_CALLBACK_FUNCTION__+0x17
C  [CoreFoundation+0x7fd00]  __CFRunLoopDoObservers+0x170
C  [CoreFoundation+0x71e08]  __CFRunLoopRun+0x368
C  [CoreFoundation+0x71858]  CFRunLoopRunSpecific+0x128
C  [HIToolbox+0x2eaef]  RunCurrentEventLoopInMode+0xeb
C  [HIToolbox+0x2e86a]  ReceiveNextEventCommon+0x1af
C  [HIToolbox+0x2e6ab]  _BlockUntilNextEventMatchingListInModeWithFilter+0x47
C  [AppKit+0x23f81]  _DPSNextEvent+0x3c4
C  [AppKit+0x23730]  -[NSApplication nextEventMatchingMask:untilDate:inMode:dequeue:]+0xc2
C  [AppKit+0x17593]  -[NSApplication run]+0x252
C  [libglass.dylib+0xbf95]  -[GlassApplication runLoop:]+0x6a5
C  [Foundation+0x65cdc]  __NSThreadPerformPerform+0x125
C  [CoreFoundation+0x80681]  __CFRUNLOOP_IS_CALLING_OUT_TO_A_SOURCE0_PERFORM_FUNCTION__+0x11
C  [CoreFoundation+0x7280d]  __CFRunLoopDoSources0+0x10d
C  [CoreFoundation+0x71e3f]  __CFRunLoopRun+0x39f
C  [CoreFoundation+0x71858]  CFRunLoopRunSpecific+0x128
C  [java+0x56cb]  CreateExecutionEnvironment+0x367
C  [java+0x166c]  JLI_Launch+0x7a0
C  [java+0x7689]  main+0x65
C  [java+0xec4]  start+0x34


---------------  P R O C E S S  ---------------

Java Threads: ( => current thread )
  0x00007fa00c1e3800 JavaThread "Timer-4" daemon [_thread_blocked, id=76195, stack(0x000000013b8b3000,0x000000013b9b3000)]
  0x00007fa010831800 JavaThread "JFXMedia Player EventQueueThread" daemon [_thread_blocked, id=36927, stack(0x0000000138225000,0x0000000138325000)]
  0x00007fa010a6a800 JavaThread "Timer-3" daemon [_thread_blocked, id=63763, stack(0x000000013b7b0000,0x000000013b8b0000)]
  0x00007fa00c152800 JavaThread "JFXMedia Player EventQueueThread" daemon [_thread_blocked, id=13083, stack(0x0000000138b1f000,0x0000000138c1f000)]
  0x00007fa010834800 JavaThread "Timer-2" daemon [_thread_blocked, id=12131, stack(0x0000000138f1f000,0x000000013901f000)]
  0x00007fa00ba2c000 JavaThread "JFXMedia Player EventQueueThread" daemon [_thread_blocked, id=12979, stack(0x000000013c7fb000,0x000000013c8fb000)]
  0x00007fa00c1eb800 JavaThread "Timer-1" [_thread_blocked, id=65215, stack(0x0000000134771000,0x0000000134871000)]
  0x00007fa00cae3000 JavaThread "Timer-0" daemon [_thread_blocked, id=48647, stack(0x0000000135ef1000,0x0000000135ff1000)]
  0x00007fa00d329800 JavaThread "Media Resource Disposer" daemon [_thread_blocked, id=67087, stack(0x0000000135274000,0x0000000135374000)]
  0x00007fa00d24a000 JavaThread "Prism Font Disposer" daemon [_thread_blocked, id=64799, stack(0x0000000133b79000,0x0000000133c79000)]
  0x00007fa00b90c800 JavaThread "JFXMedia Player EventQueueThread" daemon [_thread_blocked, id=48903, stack(0x00000001321a3000,0x00000001322a3000)]
  0x00007fa00c0fc800 JavaThread "Thread-4" daemon [_thread_in_native, id=35851, stack(0x0000000130b68000,0x0000000130be8000)]
=>0x00007fa00c072000 JavaThread "JavaFX Application Thread" [_thread_in_native, id=1299, stack(0x00007fff4fa35000,0x00007fff50235000)]
  0x00007fa00d0fb800 JavaThread "Thread-2" daemon [_thread_blocked, id=24095, stack(0x000000012e716000,0x000000012e816000)]
  0x00007fa00d0f6800 JavaThread "QuantumRenderer-0" daemon [_thread_blocked, id=20227, stack(0x000000012e0fc000,0x000000012e1fc000)]
  0x00007fa00c066800 JavaThread "JavaFX-Launcher" [_thread_blocked, id=19715, stack(0x000000012dff9000,0x000000012e0f9000)]
  0x00007fa00d0ef000 JavaThread "Monitor Ctrl-Break" daemon [_thread_in_native, id=19203, stack(0x000000012ddf2000,0x000000012def2000)]
  0x00007fa00c81e000 JavaThread "Service Thread" daemon [_thread_blocked, id=18179, stack(0x000000012da9b000,0x000000012db9b000)]
  0x00007fa00d08f000 JavaThread "C1 CompilerThread2" daemon [_thread_blocked, id=17667, stack(0x000000012d998000,0x000000012da98000)]
  0x00007fa00d047000 JavaThread "C2 CompilerThread1" daemon [_thread_blocked, id=17155, stack(0x000000012d895000,0x000000012d995000)]
  0x00007fa00d04b000 JavaThread "C2 CompilerThread0" daemon [_thread_blocked, id=16643, stack(0x000000012d792000,0x000000012d892000)]
  0x00007fa00d048000 JavaThread "Signal Dispatcher" daemon [_thread_blocked, id=13579, stack(0x000000012d68f000,0x000000012d78f000)]
  0x00007fa00d044000 JavaThread "Finalizer" daemon [_thread_blocked, id=11011, stack(0x000000012bd42000,0x000000012be42000)]
  0x00007fa00c801000 JavaThread "Reference Handler" daemon [_thread_blocked, id=10499, stack(0x000000012bc3f000,0x000000012bd3f000)]
  0x00007fa00d000000 JavaThread "main" [_thread_blocked, id=3331, stack(0x000000011098b000,0x0000000110a8b000)]

Other Threads:
  0x00007fa00d043800 VMThread [stack: 0x000000012bb3c000,0x000000012bc3c000] [id=9987]
  0x00007fa00b81d000 WatcherThread [stack: 0x000000012db9e000,0x000000012dc9e000] [id=18691]

VM state:not at safepoint (normal execution)

VM Mutex/Monitor currently owned by a thread: None

Heap:
 PSYoungGen      total 54784K, used 50473K [0x000000076ab00000, 0x000000076f980000, 0x00000007c0000000)
  eden space 50688K, 91% used [0x000000076ab00000,0x000000076d8690e0,0x000000076dc80000)
  from space 4096K, 97% used [0x000000076dc80000,0x000000076e0614a8,0x000000076e080000)
  to   space 4608K, 0% used [0x000000076f500000,0x000000076f500000,0x000000076f980000)
 ParOldGen       total 260608K, used 62371K [0x00000006c0000000, 0x00000006cfe80000, 0x000000076ab00000)
  object space 260608K, 23% used [0x00000006c0000000,0x00000006c3ce8f18,0x00000006cfe80000)
 Metaspace       used 19295K, capacity 19552K, committed 19712K, reserved 1067008K
  class space    used 2746K, capacity 2811K, committed 2816K, reserved 1048576K

Card table byte_map: [0x00000001207c0000,0x0000000120fc1000] byte_map_base: 0x000000011d1c0000

Marking Bits: (ParMarkBitMap*) 0x00000001103300a0
 Begin Bits: [0x0000000121820000, 0x0000000125820000)
 End Bits:   [0x0000000125820000, 0x0000000129820000)

Polling page: 0x0000000110acf000

CodeCache: size=245760Kb used=12086Kb max_used=12090Kb free=233673Kb
 bounds [0x0000000111400000, 0x0000000111fe0000, 0x0000000120400000]
 total_blobs=4463 nmethods=3791 adapters=586
 compilation: enabled

Compilation events (10 events):
Event: 136.604 Thread 0x00007fa00d08f000 4205       3       javafx.beans.property.BooleanPropertyBase::addListener (14 bytes)
Event: 136.604 Thread 0x00007fa00d08f000 nmethod 4205 0x0000000111fce810 code [0x0000000111fce980, 0x0000000111fceb48]
Event: 136.604 Thread 0x00007fa00d08f000 4206       1       com.sun.javafx.text.PrismTextLayout::getTextSpans (5 bytes)
Event: 136.604 Thread 0x00007fa00d08f000 nmethod 4206 0x0000000111fce550 code [0x0000000111fce6a0, 0x0000000111fce7b0]
Event: 136.604 Thread 0x00007fa00d08f000 4207       1       com.sun.javafx.text.PrismTextLayout::getFont (5 bytes)
Event: 136.604 Thread 0x00007fa00d08f000 nmethod 4207 0x0000000111fce290 code [0x0000000111fce3e0, 0x0000000111fce4f0]
Event: 136.604 Thread 0x00007fa00d08f000 4208       1       com.sun.javafx.font.PrismFont::getFontResource (5 bytes)
Event: 136.604 Thread 0x00007fa00d08f000 nmethod 4208 0x0000000111fcdfd0 code [0x0000000111fce120, 0x0000000111fce230]
Event: 136.605 Thread 0x00007fa00d08f000 4209       1       com.sun.javafx.font.PrismFont::getFeatures (5 bytes)
Event: 136.605 Thread 0x00007fa00d08f000 nmethod 4209 0x0000000111fda990 code [0x0000000111fdaae0, 0x0000000111fdabf0]

GC Heap History (10 events):
Event: 2.553 GC heap before
{Heap before GC invocations=13 (full 0):
 PSYoungGen      total 22016K, used 20128K [0x000000076ab00000, 0x000000076c280000, 0x00000007c0000000)
  eden space 19968K, 100% used [0x000000076ab00000,0x000000076be80000,0x000000076be80000)
  from space 2048K, 7% used [0x000000076c080000,0x000000076c0a8000,0x000000076c280000)
  to   space 2048K, 0% used [0x000000076be80000,0x000000076be80000,0x000000076c080000)
 ParOldGen       total 260608K, used 39583K [0x00000006c0000000, 0x00000006cfe80000, 0x000000076ab00000)
  object space 260608K, 15% used [0x00000006c0000000,0x00000006c26a7f80,0x00000006cfe80000)
 Metaspace       used 12145K, capacity 12322K, committed 12544K, reserved 1060864K
  class space    used 1705K, capacity 1760K, committed 1792K, reserved 1048576K
Event: 2.557 GC heap after
Heap after GC invocations=13 (full 0):
 PSYoungGen      total 22016K, used 1691K [0x000000076ab00000, 0x000000076cf80000, 0x00000007c0000000)
  eden space 19968K, 0% used [0x000000076ab00000,0x000000076ab00000,0x000000076be80000)
  from space 2048K, 82% used [0x000000076be80000,0x000000076c026c10,0x000000076c080000)
  to   space 2560K, 0% used [0x000000076cd00000,0x000000076cd00000,0x000000076cf80000)
 ParOldGen       total 260608K, used 46944K [0x00000006c0000000, 0x00000006cfe80000, 0x000000076ab00000)
  object space 260608K, 18% used [0x00000006c0000000,0x00000006c2dd81e0,0x00000006cfe80000)
 Metaspace       used 12145K, capacity 12322K, committed 12544K, reserved 1060864K
  class space    used 1705K, capacity 1760K, committed 1792K, reserved 1048576K
}
Event: 2.793 GC heap before
{Heap before GC invocations=14 (full 0):
 PSYoungGen      total 22016K, used 21394K [0x000000076ab00000, 0x000000076cf80000, 0x00000007c0000000)
  eden space 19968K, 98% used [0x000000076ab00000,0x000000076be3de28,0x000000076be80000)
  from space 2048K, 82% used [0x000000076be80000,0x000000076c026c10,0x000000076c080000)
  to   space 2560K, 0% used [0x000000076cd00000,0x000000076cd00000,0x000000076cf80000)
 ParOldGen       total 260608K, used 46944K [0x00000006c0000000, 0x00000006cfe80000, 0x000000076ab00000)
  object space 260608K, 18% used [0x00000006c0000000,0x00000006c2dd81e0,0x00000006cfe80000)
 Metaspace       used 12328K, capacity 12486K, committed 12800K, reserved 1060864K
  class space    used 1712K, capacity 1766K, committed 1792K, reserved 1048576K
Event: 2.802 GC heap after
Heap after GC invocations=14 (full 0):
 PSYoungGen      total 34304K, used 2556K [0x000000076ab00000, 0x000000076d080000, 0x00000007c0000000)
  eden space 31744K, 0% used [0x000000076ab00000,0x000000076ab00000,0x000000076ca00000)
  from space 2560K, 99% used [0x000000076cd00000,0x000000076cf7f3b8,0x000000076cf80000)
  to   space 3072K, 0% used [0x000000076ca00000,0x000000076ca00000,0x000000076cd00000)
 ParOldGen       total 260608K, used 51991K [0x00000006c0000000, 0x00000006cfe80000, 0x000000076ab00000)
  object space 260608K, 19% used [0x00000006c0000000,0x00000006c32c5c58,0x00000006cfe80000)
 Metaspace       used 12328K, capacity 12486K, committed 12800K, reserved 1060864K
  class space    used 1712K, capacity 1766K, committed 1792K, reserved 1048576K
}
Event: 3.108 GC heap before
{Heap before GC invocations=15 (full 0):
 PSYoungGen      total 34304K, used 34300K [0x000000076ab00000, 0x000000076d080000, 0x00000007c0000000)
  eden space 31744K, 100% used [0x000000076ab00000,0x000000076ca00000,0x000000076ca00000)
  from space 2560K, 99% used [0x000000076cd00000,0x000000076cf7f3b8,0x000000076cf80000)
  to   space 3072K, 0% used [0x000000076ca00000,0x000000076ca00000,0x000000076cd00000)
 ParOldGen       total 260608K, used 51991K [0x00000006c0000000, 0x00000006cfe80000, 0x000000076ab00000)
  object space 260608K, 19% used [0x00000006c0000000,0x00000006c32c5c58,0x00000006cfe80000)
 Metaspace       used 13085K, capacity 13334K, committed 13568K, reserved 1060864K
  class space    used 1877K, capacity 1934K, committed 2048K, reserved 1048576K
Event: 3.112 GC heap after
Heap after GC invocations=15 (full 0):
 PSYoungGen      total 34816K, used 2920K [0x000000076ab00000, 0x000000076e400000, 0x00000007c0000000)
  eden space 31744K, 0% used [0x000000076ab00000,0x000000076ab00000,0x000000076ca00000)
  from space 3072K, 95% used [0x000000076ca00000,0x000000076ccda140,0x000000076cd00000)
  to   space 3584K, 0% used [0x000000076e080000,0x000000076e080000,0x000000076e400000)
 ParOldGen       total 260608K, used 54412K [0x00000006c0000000, 0x00000006cfe80000, 0x000000076ab00000)
  object space 260608K, 20% used [0x00000006c0000000,0x00000006c3523010,0x00000006cfe80000)
 Metaspace       used 13085K, capacity 13334K, committed 13568K, reserved 1060864K
  class space    used 1877K, capacity 1934K, committed 2048K, reserved 1048576K
}
Event: 54.139 GC heap before
{Heap before GC invocations=16 (full 0):
 PSYoungGen      total 34816K, used 34664K [0x000000076ab00000, 0x000000076e400000, 0x00000007c0000000)
  eden space 31744K, 100% used [0x000000076ab00000,0x000000076ca00000,0x000000076ca00000)
  from space 3072K, 95% used [0x000000076ca00000,0x000000076ccda140,0x000000076cd00000)
  to   space 3584K, 0% used [0x000000076e080000,0x000000076e080000,0x000000076e400000)
 ParOldGen       total 260608K, used 54412K [0x00000006c0000000, 0x00000006cfe80000, 0x000000076ab00000)
  object space 260608K, 20% used [0x00000006c0000000,0x00000006c3523010,0x00000006cfe80000)
 Metaspace       used 15816K, capacity 16054K, committed 16128K, reserved 1062912K
  class space    used 2238K, capacity 2286K, committed 2304K, reserved 1048576K
Event: 54.143 GC heap after
Heap after GC invocations=16 (full 0):
 PSYoungGen      total 54272K, used 3012K [0x000000076ab00000, 0x000000076e500000, 0x00000007c0000000)
  eden space 50688K, 0% used [0x000000076ab00000,0x000000076ab00000,0x000000076dc80000)
  from space 3584K, 84% used [0x000000076e080000,0x000000076e3713b0,0x000000076e400000)
  to   space 4096K, 0% used [0x000000076dc80000,0x000000076dc80000,0x000000076e080000)
 ParOldGen       total 260608K, used 57282K [0x00000006c0000000, 0x00000006cfe80000, 0x000000076ab00000)
  object space 260608K, 21% used [0x00000006c0000000,0x00000006c37f09a0,0x00000006cfe80000)
 Metaspace       used 15816K, capacity 16054K, committed 16128K, reserved 1062912K
  class space    used 2238K, capacity 2286K, committed 2304K, reserved 1048576K
}
Event: 97.335 GC heap before
{Heap before GC invocations=17 (full 0):
 PSYoungGen      total 54272K, used 49516K [0x000000076ab00000, 0x000000076e500000, 0x00000007c0000000)
  eden space 50688K, 91% used [0x000000076ab00000,0x000000076d869c50,0x000000076dc80000)
  from space 3584K, 84% used [0x000000076e080000,0x000000076e3713b0,0x000000076e400000)
  to   space 4096K, 0% used [0x000000076dc80000,0x000000076dc80000,0x000000076e080000)
 ParOldGen       total 260608K, used 57282K [0x00000006c0000000, 0x00000006cfe80000, 0x000000076ab00000)
  object space 260608K, 21% used [0x00000006c0000000,0x00000006c37f09a0,0x00000006cfe80000)
 Metaspace       used 19120K, capacity 19400K, committed 19456K, reserved 1067008K
  class space    used 2733K, capacity 2807K, committed 2816K, reserved 1048576K
Event: 97.346 GC heap after
Heap after GC invocations=17 (full 0):
 PSYoungGen      total 54784K, used 3973K [0x000000076ab00000, 0x000000076f980000, 0x00000007c0000000)
  eden space 50688K, 0% used [0x000000076ab00000,0x000000076ab00000,0x000000076dc80000)
  from space 4096K, 97% used [0x000000076dc80000,0x000000076e0614a8,0x000000076e080000)
  to   space 4608K, 0% used [0x000000076f500000,0x000000076f500000,0x000000076f980000)
 ParOldGen       total 260608K, used 62371K [0x00000006c0000000, 0x00000006cfe80000, 0x000000076ab00000)
  object space 260608K, 23% used [0x00000006c0000000,0x00000006c3ce8f18,0x00000006cfe80000)
 Metaspace       used 19120K, capacity 19400K, committed 19456K, reserved 1067008K
  class space    used 2733K, capacity 2807K, committed 2816K, reserved 1048576K
}

Deoptimization events (10 events):
Event: 97.350 Thread 0x00007fa00d0f6800 Uncommon trap: reason=class_check action=maybe_recompile pc=0x0000000111c4f074 method=java.util.concurrent.ConcurrentHashMap.putVal(Ljava/lang/Object;Ljava/lang/Object;Z)Ljava/lang/Object; @ 192
Event: 98.454 Thread 0x00007fa00c072000 Uncommon trap: reason=unreached action=reinterpret pc=0x0000000111dd7744 method=javafx.scene.Node.impl_intersectsBounds(Lcom/sun/javafx/geom/PickRay;)D @ 814
Event: 100.672 Thread 0x00007fa00d0f6800 Uncommon trap: reason=class_check action=maybe_recompile pc=0x0000000111be3e44 method=com.sun.javafx.sg.prism.NGNode.doRender(Lcom/sun/prism/Graphics;)V @ 5
Event: 100.672 Thread 0x00007fa00d0f6800 Uncommon trap: reason=class_check action=maybe_recompile pc=0x0000000111be3e44 method=com.sun.javafx.sg.prism.NGNode.doRender(Lcom/sun/prism/Graphics;)V @ 5
Event: 100.673 Thread 0x00007fa00d0f6800 Uncommon trap: reason=class_check action=maybe_recompile pc=0x0000000111be3e44 method=com.sun.javafx.sg.prism.NGNode.doRender(Lcom/sun/prism/Graphics;)V @ 5
Event: 100.673 Thread 0x00007fa00d0f6800 Uncommon trap: reason=class_check action=maybe_recompile pc=0x0000000111be3e44 method=com.sun.javafx.sg.prism.NGNode.doRender(Lcom/sun/prism/Graphics;)V @ 5
Event: 115.629 Thread 0x00007fa00c072000 Uncommon trap: reason=class_check action=maybe_recompile pc=0x0000000111f832d4 method=javafx.scene.Scene$ScenePulseListener.pulse()V @ 186
Event: 115.646 Thread 0x00007fa00c072000 Uncommon trap: reason=class_check action=maybe_recompile pc=0x0000000111f832d4 method=javafx.scene.Scene$ScenePulseListener.pulse()V @ 186
Event: 115.731 Thread 0x00007fa00c072000 Uncommon trap: reason=class_check action=maybe_recompile pc=0x0000000111f832d4 method=javafx.scene.Scene$ScenePulseListener.pulse()V @ 186
Event: 115.745 Thread 0x00007fa00c072000 Uncommon trap: reason=class_check action=maybe_recompile pc=0x0000000111f832d4 method=javafx.scene.Scene$ScenePulseListener.pulse()V @ 186

Internal exceptions (10 events):
Event: 136.592 Thread 0x00007fa00c072000 Exception <a 'java/security/PrivilegedActionException'> (0x000000076d08b190) thrown at [/HUDSON3/workspace/8-2-build-macosx-x86_64/jdk8u11/648/hotspot/src/share/vm/prims/jvm.cpp, line 1248]
Event: 136.592 Thread 0x00007fa00c072000 Exception <a 'java/security/PrivilegedActionException'> (0x000000076d08d028) thrown at [/HUDSON3/workspace/8-2-build-macosx-x86_64/jdk8u11/648/hotspot/src/share/vm/prims/jvm.cpp, line 1248]
Event: 136.593 Thread 0x00007fa00c072000 Exception <a 'java/security/PrivilegedActionException'> (0x000000076d090d78) thrown at [/HUDSON3/workspace/8-2-build-macosx-x86_64/jdk8u11/648/hotspot/src/share/vm/prims/jvm.cpp, line 1248]
Event: 136.593 Thread 0x00007fa00c072000 Exception <a 'java/security/PrivilegedActionException'> (0x000000076d092b48) thrown at [/HUDSON3/workspace/8-2-build-macosx-x86_64/jdk8u11/648/hotspot/src/share/vm/prims/jvm.cpp, line 1248]
Event: 136.593 Thread 0x00007fa00c072000 Exception <a 'java/security/PrivilegedActionException'> (0x000000076d76f680) thrown at [/HUDSON3/workspace/8-2-build-macosx-x86_64/jdk8u11/648/hotspot/src/share/vm/prims/jvm.cpp, line 1248]
Event: 136.593 Thread 0x00007fa00c072000 Exception <a 'java/security/PrivilegedActionException'> (0x000000076d789fd8) thrown at [/HUDSON3/workspace/8-2-build-macosx-x86_64/jdk8u11/648/hotspot/src/share/vm/prims/jvm.cpp, line 1248]
Event: 136.593 Thread 0x00007fa00c072000 Exception <a 'java/security/PrivilegedActionException'> (0x000000076d7a4330) thrown at [/HUDSON3/workspace/8-2-build-macosx-x86_64/jdk8u11/648/hotspot/src/share/vm/prims/jvm.cpp, line 1248]
Event: 136.594 Thread 0x00007fa00c072000 Exception <a 'java/security/PrivilegedActionException'> (0x000000076d7bf610) thrown at [/HUDSON3/workspace/8-2-build-macosx-x86_64/jdk8u11/648/hotspot/src/share/vm/prims/jvm.cpp, line 1248]
Event: 136.595 Thread 0x00007fa00c072000 Exception <a 'java/security/PrivilegedActionException'> (0x000000076d7c73a8) thrown at [/HUDSON3/workspace/8-2-build-macosx-x86_64/jdk8u11/648/hotspot/src/share/vm/prims/jvm.cpp, line 1248]
Event: 136.595 Thread 0x00007fa00c072000 Exception <a 'java/security/PrivilegedActionException'> (0x000000076d7c92e0) thrown at [/HUDSON3/workspace/8-2-build-macosx-x86_64/jdk8u11/648/hotspot/src/share/vm/prims/jvm.cpp, line 1248]

Events (10 events):
Event: 136.592 loading class java/lang/Font
Event: 136.592 loading class java/lang/Font done
Event: 136.593 loading class javafx/scene/control/Font
Event: 136.593 loading class javafx/scene/control/Font done
Event: 136.593 loading class javafx/scene/layout/Font
Event: 136.593 loading class javafx/scene/layout/Font done
Event: 136.594 loading class java/lang/Button
Event: 136.594 loading class java/lang/Button done
Event: 136.613 Executing VM operation: RevokeBias
Event: 136.613 Executing VM operation: RevokeBias done


Dynamic libraries:
0x0000000008759000 	/System/Library/Frameworks/Cocoa.framework/Versions/A/Cocoa
0x0000000008759000 	/System/Library/Frameworks/Security.framework/Versions/A/Security
0x0000000008759000 	/System/Library/Frameworks/ApplicationServices.framework/Versions/A/ApplicationServices
0x0000000008759000 	/usr/lib/libz.1.dylib
0x0000000008759000 	/usr/lib/libSystem.B.dylib
0x0000000008759000 	/usr/lib/libobjc.A.dylib
0x0000000008759000 	/System/Library/Frameworks/CoreFoundation.framework/Versions/A/CoreFoundation
0x0000000008759000 	/System/Library/Frameworks/Foundation.framework/Versions/C/Foundation
0x0000000008759000 	/System/Library/Frameworks/AppKit.framework/Versions/C/AppKit
0x0000000008759000 	/System/Library/Frameworks/CoreData.framework/Versions/A/CoreData
0x0000000008759000 	/System/Library/PrivateFrameworks/RemoteViewServices.framework/Versions/A/RemoteViewServices
0x0000000008759000 	/System/Library/PrivateFrameworks/UIFoundation.framework/Versions/A/UIFoundation
0x0000000008759000 	/System/Library/Frameworks/IOSurface.framework/Versions/A/IOSurface
0x0000000008759000 	/System/Library/Frameworks/AudioToolbox.framework/Versions/A/AudioToolbox
0x0000000008759000 	/System/Library/Frameworks/AudioUnit.framework/Versions/A/AudioUnit
0x0000000008759000 	/System/Library/PrivateFrameworks/DataDetectorsCore.framework/Versions/A/DataDetectorsCore
0x0000000008759000 	/System/Library/PrivateFrameworks/DesktopServicesPriv.framework/Versions/A/DesktopServicesPriv
0x0000000008759000 	/System/Library/Frameworks/Carbon.framework/Versions/A/Frameworks/HIToolbox.framework/Versions/A/HIToolbox
0x0000000008759000 	/System/Library/Frameworks/QuartzCore.framework/Versions/A/QuartzCore
0x0000000008759000 	/System/Library/Frameworks/Carbon.framework/Versions/A/Frameworks/SpeechRecognition.framework/Versions/A/SpeechRecognition
0x0000000008759000 	/usr/lib/libauto.dylib
0x0000000008759000 	/usr/lib/libicucore.A.dylib
0x0000000008759000 	/usr/lib/libxml2.2.dylib
0x0000000008759000 	/System/Library/PrivateFrameworks/CoreUI.framework/Versions/A/CoreUI
0x0000000008759000 	/System/Library/Frameworks/CoreAudio.framework/Versions/A/CoreAudio
0x0000000008759000 	/System/Library/Frameworks/DiskArbitration.framework/Versions/A/DiskArbitration
0x0000000008759000 	/usr/lib/liblangid.dylib
0x0000000008759000 	/System/Library/PrivateFrameworks/MultitouchSupport.framework/Versions/A/MultitouchSupport
0x0000000008759000 	/System/Library/Frameworks/IOKit.framework/Versions/A/IOKit
0x0000000008759000 	/usr/lib/libDiagnosticMessagesClient.dylib
0x0000000008759000 	/System/Library/Frameworks/CoreServices.framework/Versions/A/CoreServices
0x0000000008759000 	/System/Library/PrivateFrameworks/PerformanceAnalysis.framework/Versions/A/PerformanceAnalysis
0x0000000008759000 	/System/Library/PrivateFrameworks/GenerationalStorage.framework/Versions/A/GenerationalStorage
0x0000000008759000 	/System/Library/Frameworks/OpenGL.framework/Versions/A/OpenGL
0x0000000008759000 	/System/Library/PrivateFrameworks/Sharing.framework/Versions/A/Sharing
0x0000000008759000 	/System/Library/Frameworks/CoreGraphics.framework/Versions/A/CoreGraphics
0x0000000008759000 	/System/Library/Frameworks/CoreText.framework/Versions/A/CoreText
0x0000000008759000 	/System/Library/Frameworks/ImageIO.framework/Versions/A/ImageIO
0x0000000008759000 	/usr/lib/libextension.dylib
0x0000000008759000 	/System/Library/PrivateFrameworks/Backup.framework/Versions/A/Backup
0x0000000008759000 	/usr/lib/libarchive.2.dylib
0x0000000008759000 	/System/Library/Frameworks/CFNetwork.framework/Versions/A/CFNetwork
0x0000000008759000 	/System/Library/Frameworks/SystemConfiguration.framework/Versions/A/SystemConfiguration
0x0000000008759000 	/usr/lib/libCRFSuite.dylib
0x0000000008759000 	/usr/lib/libc++.1.dylib
0x0000000008759000 	/usr/lib/libc++abi.dylib
0x0000000008759000 	/usr/lib/system/libcache.dylib
0x0000000008759000 	/usr/lib/system/libcommonCrypto.dylib
0x0000000008759000 	/usr/lib/system/libcompiler_rt.dylib
0x0000000008759000 	/usr/lib/system/libcopyfile.dylib
0x0000000008759000 	/usr/lib/system/libcorecrypto.dylib
0x0000000008759000 	/usr/lib/system/libdispatch.dylib
0x0000000008759000 	/usr/lib/system/libdyld.dylib
0x0000000008759000 	/usr/lib/system/libkeymgr.dylib
0x0000000008759000 	/usr/lib/system/liblaunch.dylib
0x0000000008759000 	/usr/lib/system/libmacho.dylib
0x0000000008759000 	/usr/lib/system/libquarantine.dylib
0x0000000008759000 	/usr/lib/system/libremovefile.dylib
0x0000000008759000 	/usr/lib/system/libsystem_asl.dylib
0x0000000008759000 	/usr/lib/system/libsystem_blocks.dylib
0x0000000008759000 	/usr/lib/system/libsystem_c.dylib
0x0000000008759000 	/usr/lib/system/libsystem_configuration.dylib
0x0000000008759000 	/usr/lib/system/libsystem_coreservices.dylib
0x0000000008759000 	/usr/lib/system/libsystem_coretls.dylib
0x0000000008759000 	/usr/lib/system/libsystem_dnssd.dylib
0x0000000008759000 	/usr/lib/system/libsystem_info.dylib
0x0000000008759000 	/usr/lib/system/libsystem_kernel.dylib
0x0000000008759000 	/usr/lib/system/libsystem_m.dylib
0x0000000008759000 	/usr/lib/system/libsystem_malloc.dylib
0x0000000008759000 	/usr/lib/system/libsystem_network.dylib
0x0000000008759000 	/usr/lib/system/libsystem_networkextension.dylib
0x0000000008759000 	/usr/lib/system/libsystem_notify.dylib
0x0000000008759000 	/usr/lib/system/libsystem_platform.dylib
0x0000000008759000 	/usr/lib/system/libsystem_pthread.dylib
0x0000000008759000 	/usr/lib/system/libsystem_sandbox.dylib
0x0000000008759000 	/usr/lib/system/libsystem_secinit.dylib
0x0000000008759000 	/usr/lib/system/libsystem_stats.dylib
0x0000000008759000 	/usr/lib/system/libsystem_trace.dylib
0x0000000008759000 	/usr/lib/system/libunc.dylib
0x0000000008759000 	/usr/lib/system/libunwind.dylib
0x0000000008759000 	/usr/lib/system/libxpc.dylib
0x0000000008759000 	/usr/lib/libbz2.1.0.dylib
0x0000000008759000 	/usr/lib/liblzma.5.dylib
0x0000000008759000 	/usr/lib/libbsm.0.dylib
0x0000000008759000 	/usr/lib/libsqlite3.dylib
0x0000000008759000 	/usr/lib/system/libkxld.dylib
0x0000000008759000 	/usr/lib/libxar.1.dylib
0x0000000008759000 	/usr/lib/libpam.2.dylib
0x0000000008759000 	/usr/lib/libOpenScriptingUtil.dylib
0x0000000008759000 	/System/Library/Frameworks/CoreServices.framework/Versions/A/Frameworks/FSEvents.framework/Versions/A/FSEvents
0x0000000008759000 	/System/Library/Frameworks/CoreServices.framework/Versions/A/Frameworks/CarbonCore.framework/Versions/A/CarbonCore
0x0000000008759000 	/System/Library/Frameworks/CoreServices.framework/Versions/A/Frameworks/Metadata.framework/Versions/A/Metadata
0x0000000008759000 	/System/Library/Frameworks/CoreServices.framework/Versions/A/Frameworks/OSServices.framework/Versions/A/OSServices
0x0000000008759000 	/System/Library/Frameworks/CoreServices.framework/Versions/A/Frameworks/SearchKit.framework/Versions/A/SearchKit
0x0000000008759000 	/System/Library/Frameworks/CoreServices.framework/Versions/A/Frameworks/AE.framework/Versions/A/AE
0x0000000008759000 	/System/Library/Frameworks/CoreServices.framework/Versions/A/Frameworks/LaunchServices.framework/Versions/A/LaunchServices
0x0000000008759000 	/System/Library/Frameworks/CoreServices.framework/Versions/A/Frameworks/DictionaryServices.framework/Versions/A/DictionaryServices
0x0000000008759000 	/System/Library/Frameworks/NetFS.framework/Versions/A/NetFS
0x0000000008759000 	/System/Library/PrivateFrameworks/NetAuth.framework/Versions/A/NetAuth
0x0000000008759000 	/System/Library/PrivateFrameworks/login.framework/Versions/A/Frameworks/loginsupport.framework/Versions/A/loginsupport
0x0000000008759000 	/System/Library/PrivateFrameworks/TCC.framework/Versions/A/TCC
0x0000000008759000 	/usr/lib/libmecabra.dylib
0x0000000008759000 	/System/Library/Frameworks/ApplicationServices.framework/Versions/A/Frameworks/ATS.framework/Versions/A/ATS
0x0000000008759000 	/System/Library/Frameworks/ApplicationServices.framework/Versions/A/Frameworks/ColorSync.framework/Versions/A/ColorSync
0x0000000008759000 	/System/Library/Frameworks/ApplicationServices.framework/Versions/A/Frameworks/HIServices.framework/Versions/A/HIServices
0x0000000008759000 	/System/Library/Frameworks/ApplicationServices.framework/Versions/A/Frameworks/LangAnalysis.framework/Versions/A/LangAnalysis
0x0000000008759000 	/System/Library/Frameworks/ApplicationServices.framework/Versions/A/Frameworks/PrintCore.framework/Versions/A/PrintCore
0x0000000008759000 	/System/Library/Frameworks/ApplicationServices.framework/Versions/A/Frameworks/QD.framework/Versions/A/QD
0x0000000008759000 	/System/Library/Frameworks/ApplicationServices.framework/Versions/A/Frameworks/SpeechSynthesis.framework/Versions/A/SpeechSynthesis
0x0000000008759000 	/System/Library/Frameworks/Accelerate.framework/Versions/A/Accelerate
0x0000000008759000 	/System/Library/Frameworks/Accelerate.framework/Versions/A/Frameworks/vImage.framework/Versions/A/vImage
0x0000000008759000 	/System/Library/Frameworks/Accelerate.framework/Versions/A/Frameworks/vecLib.framework/Versions/A/vecLib
0x0000000008759000 	/System/Library/Frameworks/Accelerate.framework/Versions/A/Frameworks/vecLib.framework/Versions/A/libvDSP.dylib
0x0000000008759000 	/System/Library/Frameworks/Accelerate.framework/Versions/A/Frameworks/vecLib.framework/Versions/A/libvMisc.dylib
0x0000000008759000 	/System/Library/Frameworks/Accelerate.framework/Versions/A/Frameworks/vecLib.framework/Versions/A/libLAPACK.dylib
0x0000000008759000 	/System/Library/Frameworks/Accelerate.framework/Versions/A/Frameworks/vecLib.framework/Versions/A/libBLAS.dylib
0x0000000008759000 	/System/Library/Frameworks/Accelerate.framework/Versions/A/Frameworks/vecLib.framework/Versions/A/libLinearAlgebra.dylib
0x0000000008759000 	/System/Library/Frameworks/ApplicationServices.framework/Versions/A/Frameworks/ATS.framework/Versions/A/Resources/libFontParser.dylib
0x0000000008759000 	/System/Library/Frameworks/ApplicationServices.framework/Versions/A/Frameworks/ATS.framework/Versions/A/Resources/libFontRegistry.dylib
0x0000000008759000 	/System/Library/PrivateFrameworks/AppleVPA.framework/Versions/A/AppleVPA
0x0000000008759000 	/System/Library/PrivateFrameworks/AppleJPEG.framework/Versions/A/AppleJPEG
0x0000000008759000 	/System/Library/Frameworks/ImageIO.framework/Versions/A/Resources/libJPEG.dylib
0x0000000008759000 	/System/Library/Frameworks/ImageIO.framework/Versions/A/Resources/libTIFF.dylib
0x0000000008759000 	/System/Library/Frameworks/ImageIO.framework/Versions/A/Resources/libPng.dylib
0x0000000008759000 	/System/Library/Frameworks/ImageIO.framework/Versions/A/Resources/libGIF.dylib
0x0000000008759000 	/System/Library/Frameworks/ImageIO.framework/Versions/A/Resources/libJP2.dylib
0x0000000008759000 	/System/Library/Frameworks/ImageIO.framework/Versions/A/Resources/libRadiance.dylib
0x0000000008759000 	/System/Library/Frameworks/CoreVideo.framework/Versions/A/CoreVideo
0x0000000008759000 	/System/Library/Frameworks/OpenGL.framework/Versions/A/Libraries/libGLU.dylib
0x0000000008759000 	/System/Library/Frameworks/OpenGL.framework/Versions/A/Libraries/libGFXShared.dylib
0x0000000008759000 	/System/Library/Frameworks/OpenGL.framework/Versions/A/Libraries/libGL.dylib
0x0000000008759000 	/System/Library/Frameworks/OpenGL.framework/Versions/A/Libraries/libGLImage.dylib
0x0000000008759000 	/System/Library/Frameworks/OpenGL.framework/Versions/A/Libraries/libCVMSPluginSupport.dylib
0x0000000008759000 	/System/Library/Frameworks/OpenGL.framework/Versions/A/Libraries/libCoreVMClient.dylib
0x0000000008759000 	/usr/lib/libcups.2.dylib
0x0000000008759000 	/System/Library/Frameworks/Kerberos.framework/Versions/A/Kerberos
0x0000000008759000 	/System/Library/Frameworks/GSS.framework/Versions/A/GSS
0x0000000008759000 	/usr/lib/libresolv.9.dylib
0x0000000008759000 	/usr/lib/libiconv.2.dylib
0x0000000008759000 	/System/Library/PrivateFrameworks/Heimdal.framework/Versions/A/Heimdal
0x0000000008759000 	/usr/lib/libheimdal-asn1.dylib
0x0000000008759000 	/System/Library/Frameworks/OpenDirectory.framework/Versions/A/OpenDirectory
0x0000000008759000 	/System/Library/PrivateFrameworks/CommonAuth.framework/Versions/A/CommonAuth
0x0000000008759000 	/System/Library/Frameworks/OpenDirectory.framework/Versions/A/Frameworks/CFOpenDirectory.framework/Versions/A/CFOpenDirectory
0x0000000008759000 	/System/Library/Frameworks/SecurityFoundation.framework/Versions/A/SecurityFoundation
0x0000000008759000 	/System/Library/PrivateFrameworks/LanguageModeling.framework/Versions/A/LanguageModeling
0x0000000008759000 	/usr/lib/libcmph.dylib
0x0000000008759000 	/System/Library/Frameworks/ServiceManagement.framework/Versions/A/ServiceManagement
0x0000000008759000 	/usr/lib/libxslt.1.dylib
0x0000000008759000 	/System/Library/Frameworks/Carbon.framework/Versions/A/Frameworks/Ink.framework/Versions/A/Ink
0x0000000008759000 	/System/Library/Frameworks/QuartzCore.framework/Versions/A/Frameworks/CoreImage.framework/Versions/A/CoreImage
0x0000000008759000 	/System/Library/PrivateFrameworks/CrashReporterSupport.framework/Versions/A/CrashReporterSupport
0x0000000008759000 	/System/Library/Frameworks/OpenCL.framework/Versions/A/OpenCL
0x0000000008759000 	/System/Library/PrivateFrameworks/FaceCore.framework/Versions/A/FaceCore
0x0000000008759000 	/System/Library/PrivateFrameworks/Ubiquity.framework/Versions/A/Ubiquity
0x0000000008759000 	/System/Library/PrivateFrameworks/IconServices.framework/Versions/A/IconServices
0x0000000008759000 	/System/Library/PrivateFrameworks/ChunkingLibrary.framework/Versions/A/ChunkingLibrary
0x0000000008759000 	/System/Library/PrivateFrameworks/Apple80211.framework/Versions/A/Apple80211
0x0000000008759000 	/System/Library/Frameworks/CoreWLAN.framework/Versions/A/CoreWLAN
0x0000000008759000 	/System/Library/Frameworks/IOBluetooth.framework/Versions/A/IOBluetooth
0x0000000008759000 	/System/Library/PrivateFrameworks/CoreWiFi.framework/Versions/A/CoreWiFi
0x0000000008759000 	/System/Library/Frameworks/CoreBluetooth.framework/Versions/A/CoreBluetooth
0x0000000008759000 	/System/Library/PrivateFrameworks/DebugSymbols.framework/Versions/A/DebugSymbols
0x0000000008759000 	/System/Library/PrivateFrameworks/CoreSymbolication.framework/Versions/A/CoreSymbolication
0x0000000008759000 	/System/Library/PrivateFrameworks/Symbolication.framework/Versions/A/Symbolication
0x0000000008759000 	/System/Library/PrivateFrameworks/SpeechRecognitionCore.framework/Versions/A/SpeechRecognitionCore
0x000000010fac9000 	/Library/Java/JavaVirtualMachines/jdk1.8.0_11.jdk/Contents/Home/jre/lib/server/libjvm.dylib
0x0000000008759000 	/usr/lib/libstdc++.6.dylib
0x0000000110a8d000 	/Library/Java/JavaVirtualMachines/jdk1.8.0_11.jdk/Contents/Home/jre/lib/libverify.dylib
0x0000000110a9b000 	/Library/Java/JavaVirtualMachines/jdk1.8.0_11.jdk/Contents/Home/jre/lib/libjava.dylib
0x0000000110af0000 	/Library/Java/JavaVirtualMachines/jdk1.8.0_11.jdk/Contents/Home/jre/lib/libzip.dylib
0x000000012be44000 	/System/Library/Frameworks/JavaVM.framework/Frameworks/JavaRuntimeSupport.framework/JavaRuntimeSupport
0x000000012be5c000 	/System/Library/Frameworks/JavaVM.framework/Versions/A/Frameworks/JavaNativeFoundation.framework/Versions/A/JavaNativeFoundation
0x000000012be71000 	/System/Library/Frameworks/JavaVM.framework/Versions/A/JavaVM
0x0000000008759000 	/System/Library/Frameworks/Carbon.framework/Versions/A/Carbon
0x000000012be7e000 	/System/Library/PrivateFrameworks/JavaLaunching.framework/Versions/A/JavaLaunching
0x0000000008759000 	/System/Library/Frameworks/Carbon.framework/Versions/A/Frameworks/CommonPanels.framework/Versions/A/CommonPanels
0x0000000008759000 	/System/Library/Frameworks/Carbon.framework/Versions/A/Frameworks/Help.framework/Versions/A/Help
0x0000000008759000 	/System/Library/Frameworks/Carbon.framework/Versions/A/Frameworks/ImageCapture.framework/Versions/A/ImageCapture
0x0000000008759000 	/System/Library/Frameworks/Carbon.framework/Versions/A/Frameworks/OpenScripting.framework/Versions/A/OpenScripting
0x0000000008759000 	/System/Library/Frameworks/Carbon.framework/Versions/A/Frameworks/Print.framework/Versions/A/Print
0x0000000008759000 	/System/Library/Frameworks/Carbon.framework/Versions/A/Frameworks/SecurityHI.framework/Versions/A/SecurityHI
0x000000012ddee000 	/Applications/IntelliJ IDEA 14 CE.app/Contents/bin/libbreakgen64.jnilib
0x000000012df9a000 	/Library/Java/JavaVirtualMachines/jdk1.8.0_11.jdk/Contents/Home/jre/lib/libnet.dylib
0x000000012e1fe000 	/Library/Java/JavaVirtualMachines/jdk1.8.0_11.jdk/Contents/Home/jre/lib/libprism_es2.dylib
0x0000000008759000 	/System/Library/Frameworks/OpenGL.framework/Versions/A/Resources/GLEngine.bundle/GLEngine
0x0000000008759000 	/System/Library/Frameworks/OpenGL.framework/Versions/A/Libraries/libGLProgrammability.dylib
0x0000000000000000 	/System/Library/Extensions/AppleIntelHD5000GraphicsGLDriver.bundle/Contents/MacOS/AppleIntelHD5000GraphicsGLDriver
0x0000000008759000 	/System/Library/PrivateFrameworks/IOAccelerator.framework/Versions/A/IOAccelerator
0x0000000008759000 	/System/Library/PrivateFrameworks/GPUSupport.framework/Versions/A/Libraries/libGPUSupportMercury.dylib
0x0000000008759000 	/System/Library/Frameworks/OpenGL.framework/Versions/A/Resources/GLRendererFloat.bundle/GLRendererFloat
0x0000000008759000 	/System/Library/Frameworks/OpenCL.framework/Versions/A/Libraries/libcldcpuengine.dylib
0x0000000008759000 	/System/Library/PrivateFrameworks/DiskImages.framework/Versions/A/DiskImages
0x0000000008759000 	/System/Library/Frameworks/DiscRecording.framework/Versions/A/DiscRecording
0x0000000008759000 	/usr/lib/libcsfde.dylib
0x0000000008759000 	/usr/lib/libcurl.4.dylib
0x0000000008759000 	/System/Library/PrivateFrameworks/MediaKit.framework/Versions/A/MediaKit
0x0000000008759000 	/System/Library/PrivateFrameworks/ProtectedCloudStorage.framework/Versions/A/ProtectedCloudStorage
0x0000000008759000 	/usr/lib/libCoreStorage.dylib
0x0000000008759000 	/System/Library/PrivateFrameworks/EFILogin.framework/Versions/A/EFILogin
0x0000000008759000 	/usr/lib/libutil.dylib
0x0000000008759000 	/System/Library/PrivateFrameworks/FindMyDevice.framework/Versions/A/FindMyDevice
0x0000000008759000 	/System/Library/Frameworks/LDAP.framework/Versions/A/LDAP
0x0000000008759000 	/usr/lib/libsasl2.2.dylib
0x0000000008759000 	/System/Library/PrivateFrameworks/CoreDaemon.framework/Versions/B/CoreDaemon
0x0000000008759000 	/usr/lib/libcrypto.0.9.8.dylib
0x0000000008759000 	/System/Library/PrivateFrameworks/AppleSRP.framework/Versions/A/AppleSRP
0x0000000008759000 	/System/Library/PrivateFrameworks/TrustEvaluationAgent.framework/Versions/A/TrustEvaluationAgent
0x000000012e6ab000 	/Library/Java/JavaVirtualMachines/jdk1.8.0_11.jdk/Contents/Home/jre/lib/libglass.dylib
0x0000000008759000 	/System/Library/PrivateFrameworks/CoreServicesInternal.framework/Versions/A/CoreServicesInternal
0x0000000008759000 	/System/Library/PrivateFrameworks/CloudDocs.framework/Versions/A/CloudDocs
0x0000000008759000 	/System/Library/PrivateFrameworks/CoreDuet.framework/Versions/A/CoreDuet
0x0000000008759000 	/System/Library/Frameworks/CloudKit.framework/Versions/A/CloudKit
0x0000000008759000 	/System/Library/PrivateFrameworks/ProtocolBuffer.framework/Versions/A/ProtocolBuffer
0x0000000008759000 	/System/Library/PrivateFrameworks/CoreDuetDaemonProtocol.framework/Versions/A/CoreDuetDaemonProtocol
0x0000000008759000 	/System/Library/PrivateFrameworks/CoreDuetDebugLogging.framework/Versions/A/CoreDuetDebugLogging
0x0000000008759000 	/System/Library/Frameworks/CoreLocation.framework/Versions/A/CoreLocation
0x0000000008759000 	/System/Library/Frameworks/Accounts.framework/Versions/A/Accounts
0x0000000008759000 	/System/Library/PrivateFrameworks/ApplePushService.framework/Versions/A/ApplePushService
0x0000000008759000 	/System/Library/PrivateFrameworks/GeoServices.framework/Versions/A/GeoServices
0x0000000008759000 	/System/Library/PrivateFrameworks/OAuth.framework/Versions/A/OAuth
0x0000000008759000 	/System/Library/Frameworks/CoreGraphics.framework/Versions/A/Resources/libCGCMS.A.dylib
0x0000000008759000 	/System/Library/CoreServices/RawCamera.bundle/Contents/MacOS/RawCamera
0x0000000008759000 	/System/Library/Frameworks/CoreGraphics.framework/Versions/A/Resources/libRIP.A.dylib
0x0000000008759000 	/System/Library/PrivateFrameworks/FamilyControls.framework/Versions/A/FamilyControls
0x0000000008759000 	/System/Library/PrivateFrameworks/CommerceKit.framework/Versions/A/Frameworks/CommerceCore.framework/Versions/A/CommerceCore
0x0000000008759000 	/System/Library/PrivateFrameworks/SystemAdministration.framework/Versions/A/SystemAdministration
0x0000000008759000 	/System/Library/PrivateFrameworks/AppContainer.framework/Versions/A/AppContainer
0x0000000008759000 	/System/Library/PrivateFrameworks/SecCodeWrapper.framework/Versions/A/SecCodeWrapper
0x0000000008759000 	/System/Library/Frameworks/DirectoryService.framework/Versions/A/DirectoryService
0x0000000008759000 	/System/Library/PrivateFrameworks/LoginUIKit.framework/Versions/A/Frameworks/LoginUICore.framework/Versions/A/LoginUICore
0x0000000008759000 	/usr/lib/libodfde.dylib
0x0000000131e67000 	/Library/Java/JavaVirtualMachines/jdk1.8.0_11.jdk/Contents/Home/jre/lib/libnio.dylib
0x0000000131e76000 	/Library/Java/JavaVirtualMachines/jdk1.8.0_11.jdk/Contents/Home/jre/lib/libglib-lite.dylib
0x0000000131f9c000 	/Library/Java/JavaVirtualMachines/jdk1.8.0_11.jdk/Contents/Home/jre/lib/libgstreamer-lite.dylib
0x0000000131d64000 	/Library/Java/JavaVirtualMachines/jdk1.8.0_11.jdk/Contents/Home/jre/lib/libjfxmedia.dylib
0x0000000008759000 	/System/Library/Frameworks/QTKit.framework/Versions/A/QTKit
0x0000000008759000 	/System/Library/Frameworks/AVFoundation.framework/Versions/A/AVFoundation
0x0000000008759000 	/System/Library/Frameworks/CoreMedia.framework/Versions/A/CoreMedia
0x0000000008759000 	/System/Library/Frameworks/MediaToolbox.framework/Versions/A/MediaToolbox
0x0000000008759000 	/System/Library/Frameworks/VideoToolbox.framework/Versions/A/VideoToolbox
0x0000000008759000 	/System/Library/PrivateFrameworks/CoreMediaAuthoring.framework/Versions/A/CoreMediaAuthoring
0x0000000008759000 	/System/Library/Frameworks/CoreMediaIO.framework/Versions/A/CoreMediaIO
0x0000000008759000 	/System/Library/Frameworks/AVFoundation.framework/Versions/A/Resources/libAVFAudio.dylib
0x0000000008759000 	/System/Library/PrivateFrameworks/MediaControlSender.framework/Versions/A/MediaControlSender
0x0000000008759000 	/System/Library/PrivateFrameworks/CoreAVCHD.framework/Versions/A/CoreAVCHD
0x0000000008759000 	/System/Library/Frameworks/MediaAccessibility.framework/Versions/A/MediaAccessibility
0x0000000008759000 	/System/Library/PrivateFrameworks/Mangrove.framework/Versions/A/Mangrove
0x0000000008759000 	/System/Library/PrivateFrameworks/CoreAUC.framework/Versions/A/CoreAUC
0x0000000008759000 	/System/Library/PrivateFrameworks/NetworkStatistics.framework/Versions/A/NetworkStatistics
0x0000000008759000 	/System/Library/PrivateFrameworks/AirPlaySupport.framework/Versions/A/AirPlaySupport
0x0000000008759000 	/System/Library/PrivateFrameworks/CoreUtils.framework/Versions/A/CoreUtils
0x0000000008759000 	/System/Library/PrivateFrameworks/AppleVA.framework/Versions/A/AppleVA
0x0000000008759000 	/System/Library/PrivateFrameworks/XPCService.framework/Versions/A/XPCService
0x0000000008759000 	/System/Library/PrivateFrameworks/AppSandbox.framework/Versions/A/AppSandbox
0x0000000008759000 	/usr/lib/libsandbox.1.dylib
0x0000000008759000 	/usr/lib/libMatch.1.dylib
0x0000000131e0e000 	/Library/Java/JavaVirtualMachines/jdk1.8.0_11.jdk/Contents/Home/jre/lib/libfxplugins.dylib
0x0000000131e39000 	/System/Library/Frameworks/VideoDecodeAcceleration.framework/Versions/A/VideoDecodeAcceleration
0x0000000131e3f000 	/System/Library/Extensions/AppleHDA.kext/Contents/PlugIns/AppleHDAHALPlugIn.bundle/Contents/MacOS/AppleHDAHALPlugIn
0x00000001322b8000 	/System/Library/Components/CoreAudio.component/Contents/MacOS/CoreAudio
0x0000000132693000 	/System/Library/Components/AudioCodecs.component/Contents/MacOS/AudioCodecs
0x0000000131e5d000 	/Library/Java/JavaVirtualMachines/jdk1.8.0_11.jdk/Contents/Home/jre/lib/libjavafx_font.dylib
0x0000000008759000 	/System/Library/Frameworks/CoreGraphics.framework/Versions/A/Resources/libCGXType.A.dylib
0x000000013523b000 	/Library/Java/JavaVirtualMachines/jdk1.8.0_11.jdk/Contents/Home/jre/lib/libjavafx_iio.dylib
0x000000013335f000 	cl_kernels
0x00000001353e4000 	/System/Library/Frameworks/OpenCL.framework/Versions/A/Libraries/ImageFormats/unorm8_bgra.dylib
0x0000000133353000 	cl_kernels
0x0000000133085000 	/Library/Java/JavaVirtualMachines/jdk1.8.0_11.jdk/Contents/Home/jre/lib/libprism_common.dylib

VM Arguments:
jvm_args: -Didea.launcher.port=7532 -Didea.launcher.bin.path=/Applications/IntelliJ IDEA 14 CE.app/Contents/bin -Dfile.encoding=UTF-8 
java_command: com.intellij.rt.execution.application.AppMain Model.Main
java_class_path (initial): /Library/Java/JavaVirtualMachines/jdk1.8.0_11.jdk/Contents/Home/lib/ant-javafx.jar:/Library/Java/JavaVirtualMachines/jdk1.8.0_11.jdk/Contents/Home/lib/dt.jar:/Library/Java/JavaVirtualMachines/jdk1.8.0_11.jdk/Contents/Home/lib/javafx-mx.jar:/Library/Java/JavaVirtualMachines/jdk1.8.0_11.jdk/Contents/Home/lib/jconsole.jar:/Library/Java/JavaVirtualMachines/jdk1.8.0_11.jdk/Contents/Home/lib/sa-jdi.jar:/Library/Java/JavaVirtualMachines/jdk1.8.0_11.jdk/Contents/Home/lib/tools.jar:/Library/Java/JavaVirtualMachines/jdk1.8.0_11.jdk/Contents/Home/jre/lib/charsets.jar:/Library/Java/JavaVirtualMachines/jdk1.8.0_11.jdk/Contents/Home/jre/lib/deploy.jar:/Library/Java/JavaVirtualMachines/jdk1.8.0_11.jdk/Contents/Home/jre/lib/htmlconverter.jar:/Library/Java/JavaVirtualMachines/jdk1.8.0_11.jdk/Contents/Home/jre/lib/javaws.jar:/Library/Java/JavaVirtualMachines/jdk1.8.0_11.jdk/Contents/Home/jre/lib/jce.jar:/Library/Java/JavaVirtualMachines/jdk1.8.0_11.jdk/Contents/Home/jre/lib/jfr.jar:/Library/Java/JavaVirtualMachines/jdk1.8.0_11.jdk/Contents/Home/jre/lib/jfxswt.jar:/Library/Java/JavaVirtualMachines/jdk1.8.0_11.jdk/Contents/Home/jre/lib/jsse.jar:/Library/Java/JavaVirtualMachines/jdk1.8.0_11.jdk/Contents/Home/jre/lib/management-agent.jar:/Library/Java/JavaVirtualMachines/jdk1.8.0_11.jdk/Contents/Home/jre/lib/plugin.jar:/Library/Java/JavaVirtualMachines/jdk1.8.0_11.jdk/Contents/Home/jre/lib/resources.jar:/Library/Java/JavaVirtualMachines/jdk1.8.0_11.jdk/Contents/Home/jre/lib/rt.jar:/Library/Java/JavaVirtualMachines/jdk1.8.0_11.jdk/Contents/Home/jre/lib/ext/cldrdata.jar:/Library/Java/JavaVirtualMachines/jdk1.8.0_11.jdk/Contents/Home/jre/lib/ext/dnsns.jar:/Library/Java/JavaVirtualMachines/jdk1.8.0_11.jdk/Contents/Home/jre/lib/ext/jfxrt.jar:/Library/Java/JavaVirtualMachines/jdk1.8.0_11.jdk/Contents/Home/jre/lib/ext/localedata.jar:/Library/Java/JavaVirtualMachines/jdk1.8.0_11.jdk/Contents/Home/jre/lib/ext/nashorn.jar:/Library/Java/JavaVirtualMachines/jdk1.8.0_11.j
Launcher Type: SUN_STANDARD

Environment Variables:
CLASSPATH=.:/Users/yamininambiar/Downloads/junit.jar:/Users/yamininambiar/Downloads/hamcrest-core.jar
PATH=/Library/Frameworks/Python.framework/Versions/2.7/bin:/usr/local/heroku/bin:/Users/yamininambiar/anaconda/bin:/usr/local/bin:/usr/bin:/bin:/usr/sbin:/sbin:/usr/local/git/bin:/usr/local/MacGPG2/bin
SHELL=/bin/bash

Signal Handlers:
SIGSEGV: [libjvm.dylib+0x56059b], sa_mask[0]=0xfffefeff, sa_flags=0x00000043
SIGBUS: [libjvm.dylib+0x56059b], sa_mask[0]=0xfffefeff, sa_flags=0x00000042
SIGFPE: [libjvm.dylib+0x4438f2], sa_mask[0]=0xfffefeff, sa_flags=0x00000042
SIGPIPE: [libjvm.dylib+0x4438f2], sa_mask[0]=0xfffefeff, sa_flags=0x00000042
SIGXFSZ: [libjvm.dylib+0x4438f2], sa_mask[0]=0xfffefeff, sa_flags=0x00000042
SIGILL: [libjvm.dylib+0x4438f2], sa_mask[0]=0xfffefeff, sa_flags=0x00000042
SIGUSR1: SIG_DFL, sa_mask[0]=0x00000000, sa_flags=0x00000000
SIGUSR2: [libjvm.dylib+0x443410], sa_mask[0]=0x00000004, sa_flags=0x00000042
SIGHUP: [AudioToolbox+0xe0034], sa_mask[0]=0x00000000, sa_flags=0x00000002
SIGINT: [libjvm.dylib+0x44179b], sa_mask[0]=0xfffefeff, sa_flags=0x00000042
SIGTERM: [libjvm.dylib+0x44179b], sa_mask[0]=0xfffefeff, sa_flags=0x00000042
SIGQUIT: [libjvm.dylib+0x44179b], sa_mask[0]=0xfffefeff, sa_flags=0x00000042


---------------  S Y S T E M  ---------------

OS:Bsduname:Darwin 14.1.0 Darwin Kernel Version 14.1.0: Mon Dec 22 23:10:38 PST 2014; root:xnu-2782.10.72~2/RELEASE_X86_64 x86_64
rlimit: STACK 8192k, CORE 0k, NPROC 709, NOFILE 10240, AS infinity
load average:2.61 2.36 2.07

CPU:total 4 (2 cores per cpu, 2 threads per core) family 6 model 69 stepping 1, cmov, cx8, fxsr, mmx, sse, sse2, sse3, ssse3, sse4.1, sse4.2, popcnt, avx, avx2, aes, clmul, erms, ht, tsc, tscinvbit

Memory: 4k page, physical 16777216k(3402736k free)

/proc/meminfo:


vm_info: Java HotSpot(TM) 64-Bit Server VM (25.11-b03) for bsd-amd64 JRE (1.8.0_11-b12), built on Jun 16 2014 17:39:42 by "java_re" with gcc 4.2.1 (Based on Apple Inc. build 5658) (LLVM build 2336.11.00)

time: Tue Oct 20 11:20:46 2015
elapsed time: 136 seconds

