#
# A fatal error has been detected by the Java Runtime Environment:
#
#  SIGSEGV (0xb) at pc=0x00007fff8c5b0064, pid=38175, tid=1299
#
# JRE version: Java(TM) SE Runtime Environment (8.0_11-b12) (build 1.8.0_11-b12)
# Java VM: Java HotSpot(TM) 64-Bit Server VM (25.11-b03 mixed mode bsd-amd64 compressed oops)
# Problematic frame:
# C  [libobjc.A.dylib+0x9064]  objc_retain+0x14
#
# Failed to write core dump. Core dumps have been disabled. To enable core dumping, try "ulimit -c unlimited" before starting Java again
#
# If you would like to submit a bug report, please visit:
#   http://bugreport.sun.com/bugreport/crash.jsp
# The crash happened outside the Java Virtual Machine in native code.
# See problematic frame for where to report the bug.
#

---------------  T H R E A D  ---------------

Current thread (0x00007fa1f5853800):  JavaThread "JavaFX Application Thread" [_thread_in_native, id=1299, stack(0x00007fff5143c000,0x00007fff51c3c000)]

siginfo:si_signo=SIGSEGV: si_errno=0, si_code=0 (SEGV0), si_addr=0x0000000000000000

Registers:
RAX=0x100007fa1f678d10, RBX=0x00007fa1f3ec01c0, RCX=0x00000000ffffffff, RDX=0x0000000000000050
RSP=0x00007fff51c37558, RBP=0x00007fff51c37570, RSI=0x00007fff8922696a, RDI=0x00007fa1f6780ba0
R8 =0x0000000000000000, R9 =0x00007fa1f6700000, R10=0x00007fa1f6728430, R11=0x00007fff789d4358
R12=0x0000000000000003, R13=0x00007fff8c5a80c0, R14=0x00007fff791e2230, R15=0x00007fa1f885aa50
RIP=0x00007fff8c5b0064, EFLAGS=0x0000000000010246, ERR=0x0000000000000000
  TRAPNO=0x000000000000000d

Top of Stack: (sp=0x00007fff51c37558)
0x00007fff51c37558:   00007fff8c5b1656 00007fa1f3de7040
0x00007fff51c37568:   00007fa1f3ec0170 00007fff51c375b0
0x00007fff51c37578:   00007fff88982d83 00007fff88982c11
0x00007fff51c37588:   00007fa1f6722db0 0000000000000003
0x00007fff51c37598:   00007fa1f3d00188 00007fa1f6796450
0x00007fff51c375a8:   00007fff51c375f0 00007fff51c375d0
0x00007fff51c375b8:   00007fff88982c2e 00007fff88982c11
0x00007fff51c375c8:   00007fa1f6796440 00007fff51c375e0
0x00007fff51c375d8:   00007fff8d8e7da7 00007fff51c37670
0x00007fff51c375e8:   00007fff8d8e7d00 00007fa1f6796440
0x00007fff51c375f8:   00007fa1f8870840 00007fa1f88735b0
0x00007fff51c37608:   00007fff8d8e7be6 00007fff51c375f0
0x00007fff51c37618:   00007fff51c37610 00007fa1f3d00150
0x00007fff51c37628:   00007fa1f3d002c0 00007fff51c375f0
0x00007fff51c37638:   0000000000000002 41001265397335c7
0x00007fff51c37648:   0000000000000001 00007fff51c37720
0x00007fff51c37658:   0000000000000c03 00007fa1f3d002b0
0x00007fff51c37668:   00007fa1f3d00140 00007fff51c38350
0x00007fff51c37678:   00007fff8d8d9e08 000000010f8f545f
0x00007fff51c37688:   0000000131870ba8 00007fff79491cf0
0x00007fff51c37698:   0000000000000000 00007fa1f3d00140
0x00007fff51c376a8:   000000016d701108 00007fa1f6738eb0
0x00007fff51c376b8:   0000000100000001 00007fa1f3d00150
0x00007fff51c376c8:   00007fa1f3d002c0 00000000ffffff01
0x00007fff51c376d8:   00024fb13422e7d8 0000100300000000
0x00007fff51c376e8:   422d2c1656c1ad8b 00000d03f3f1c060
0x00007fff51c376f8:   0000000000000000 0000000051c376e9
0x00007fff51c37708:   0000000000000000 0000000000000000
0x00007fff51c37718:   ffffffffffffffff 0000001800001100
0x00007fff51c37728:   00000b0300000000 0000000000000000
0x00007fff51c37738:   0000004400000000 000001f5000012f6
0x00007fff51c37748:   000001f500000014 00000014000001f5 

Instructions: (pc=0x00007fff8c5b0064)
0x00007fff8c5b0044:   5f 5d c3 90 90 90 90 90 90 90 90 90 31 c0 48 85
0x00007fff8c5b0054:   ff 74 09 40 f6 c7 01 74 04 48 89 f8 c3 48 8b 07
0x00007fff8c5b0064:   f6 40 20 02 74 05 e9 55 83 01 00 48 8d 05 62 1a
0x00007fff8c5b0074:   c3 ec 48 8b 30 e9 42 80 ff ff 90 90 90 90 90 90 

Register to memory mapping:

RAX=0x100007fa1f678d10 is an unknown value
RBX=0x00007fa1f3ec01c0 is an unknown value
RCX=0x00000000ffffffff is an unknown value
RDX=0x0000000000000050 is an unknown value
RSP=0x00007fff51c37558 is pointing into the stack for thread: 0x00007fa1f5853800
RBP=0x00007fff51c37570 is pointing into the stack for thread: 0x00007fa1f5853800
RSI=0x00007fff8922696a: -[NSTitlebarContainerView shouldRoundCorners]+0xb258c in /System/Library/Frameworks/AppKit.framework/Versions/C/AppKit at 0x00007fff88800000
RDI=0x00007fa1f6780ba0 is an unknown value
R8 =0x0000000000000000 is an unknown value
R9 =0x00007fa1f6700000 is an unknown value
R10=0x00007fa1f6728430 is an unknown value
R11=0x00007fff789d4358: OBJC_CLASS_$__NSAutomaticFocusRingState+0 in /System/Library/Frameworks/AppKit.framework/Versions/C/AppKit at 0x00007fff88800000
R12=0x0000000000000003 is an unknown value
R13=0x00007fff8c5a80c0: objc_msgSend+0 in /usr/lib/libobjc.A.dylib at 0x00007fff8c5a7000
R14=0x00007fff791e2230: _ZL13PropertyLocks+0x70 in /usr/lib/libobjc.A.dylib at 0x00007fff8c5a7000
R15=0x00007fa1f885aa50 is an unknown value


Stack: [0x00007fff5143c000,0x00007fff51c3c000],  sp=0x00007fff51c37558,  free space=8173k
Native frames: (J=compiled Java code, j=interpreted, Vv=VM code, C=native code)
C  [libobjc.A.dylib+0x9064]  objc_retain+0x14
C  [AppKit+0x182d83]  +[_NSAutomaticFocusRing setActiveFirstResponderChanged]+0xe1
C  [AppKit+0x182c2e]  ___NSPostActiveFirstResponderChanged_block_invoke+0x1d
C  [CoreFoundation+0x7fda7]  __CFRUNLOOP_IS_CALLING_OUT_TO_AN_OBSERVER_CALLBACK_FUNCTION__+0x17
C  [CoreFoundation+0x7fd00]  __CFRunLoopDoObservers+0x170
C  [CoreFoundation+0x71e08]  __CFRunLoopRun+0x368
C  [CoreFoundation+0x71858]  CFRunLoopRunSpecific+0x128
C  [HIToolbox+0x2eaef]  RunCurrentEventLoopInMode+0xeb
C  [HIToolbox+0x2e86a]  ReceiveNextEventCommon+0x1af
C  [HIToolbox+0x2e6ab]  _BlockUntilNextEventMatchingListInModeWithFilter+0x47
C  [AppKit+0x23f81]  _DPSNextEvent+0x3c4
C  [AppKit+0x23730]  -[NSApplication nextEventMatchingMask:untilDate:inMode:dequeue:]+0xc2
C  [AppKit+0x17593]  -[NSApplication run]+0x252
C  [libglass.dylib+0xbf95]  -[GlassApplication runLoop:]+0x6a5
C  [Foundation+0x65cdc]  __NSThreadPerformPerform+0x125
C  [CoreFoundation+0x80681]  __CFRUNLOOP_IS_CALLING_OUT_TO_A_SOURCE0_PERFORM_FUNCTION__+0x11
C  [CoreFoundation+0x7280d]  __CFRunLoopDoSources0+0x10d
C  [CoreFoundation+0x71e3f]  __CFRunLoopRun+0x39f
C  [CoreFoundation+0x71858]  CFRunLoopRunSpecific+0x128
C  [java+0x56cb]  CreateExecutionEnvironment+0x367
C  [java+0x166c]  JLI_Launch+0x7a0
C  [java+0x7689]  main+0x65
C  [java+0xec4]  start+0x34


---------------  P R O C E S S  ---------------

Java Threads: ( => current thread )
  0x00007fa1f5d42000 JavaThread "Timer-2" daemon [_thread_blocked, id=37143, stack(0x0000000136310000,0x0000000136410000)]
  0x00007fa1f489c800 JavaThread "JFXMedia Player EventQueueThread" daemon [_thread_blocked, id=70439, stack(0x0000000135a35000,0x0000000135b35000)]
  0x00007fa1f5dc7800 JavaThread "Timer-1" [_thread_blocked, id=70699, stack(0x0000000131496000,0x0000000131596000)]
  0x00007fa1f4310000 JavaThread "Timer-0" daemon [_thread_blocked, id=71691, stack(0x000000013448a000,0x000000013458a000)]
  0x00007fa1f4a12000 JavaThread "Media Resource Disposer" daemon [_thread_blocked, id=67847, stack(0x00000001338fd000,0x00000001339fd000)]
  0x00007fa1f5b40800 JavaThread "Prism Font Disposer" daemon [_thread_blocked, id=64555, stack(0x0000000131630000,0x0000000131730000)]
  0x00007fa1f5911800 JavaThread "JFXMedia Player EventQueueThread" daemon [_thread_blocked, id=48647, stack(0x00000001307c3000,0x00000001308c3000)]
  0x00007fa1f5169800 JavaThread "Thread-4" daemon [_thread_in_native, id=35851, stack(0x000000012f161000,0x000000012f1e1000)]
=>0x00007fa1f5853800 JavaThread "JavaFX Application Thread" [_thread_in_native, id=1299, stack(0x00007fff5143c000,0x00007fff51c3c000)]
  0x00007fa1f514c800 JavaThread "Thread-2" daemon [_thread_blocked, id=24339, stack(0x000000012cd0f000,0x000000012ce0f000)]
  0x00007fa1f4062800 JavaThread "QuantumRenderer-0" daemon [_thread_blocked, id=20227, stack(0x000000012c6f5000,0x000000012c7f5000)]
  0x00007fa1f5138800 JavaThread "JavaFX-Launcher" [_thread_blocked, id=19715, stack(0x000000012c5f2000,0x000000012c6f2000)]
  0x00007fa1f4850800 JavaThread "Monitor Ctrl-Break" daemon [_thread_in_native, id=19203, stack(0x000000012c3eb000,0x000000012c4eb000)]
  0x00007fa1f580e800 JavaThread "Service Thread" daemon [_thread_blocked, id=18179, stack(0x000000012c093000,0x000000012c193000)]
  0x00007fa1f4038800 JavaThread "C1 CompilerThread2" daemon [_thread_blocked, id=17667, stack(0x000000012bf90000,0x000000012c090000)]
  0x00007fa1f4038000 JavaThread "C2 CompilerThread1" daemon [_thread_blocked, id=17155, stack(0x000000012be8d000,0x000000012bf8d000)]
  0x00007fa1f4036000 JavaThread "C2 CompilerThread0" daemon [_thread_blocked, id=16643, stack(0x000000012bd8a000,0x000000012be8a000)]
  0x00007fa1f400f000 JavaThread "Signal Dispatcher" daemon [_thread_blocked, id=16403, stack(0x000000012bc87000,0x000000012bd87000)]
  0x00007fa1f5039800 JavaThread "Finalizer" daemon [_thread_blocked, id=11523, stack(0x000000012a33a000,0x000000012a43a000)]
  0x00007fa1f4807800 JavaThread "Reference Handler" daemon [_thread_blocked, id=11011, stack(0x000000012a237000,0x000000012a337000)]
  0x00007fa1f5001000 JavaThread "main" [_thread_blocked, id=4867, stack(0x000000010e0da000,0x000000010e1da000)]

Other Threads:
  0x00007fa1f4803000 VMThread [stack: 0x000000012a134000,0x000000012a234000] [id=10499]
  0x00007fa1f4035800 WatcherThread [stack: 0x000000012c196000,0x000000012c296000] [id=18691]

VM state:not at safepoint (normal execution)

VM Mutex/Monitor currently owned by a thread: None

Heap:
 PSYoungGen      total 51200K, used 18853K [0x000000076ab00000, 0x000000076f700000, 0x00000007c0000000)
  eden space 45056K, 29% used [0x000000076ab00000,0x000000076b7d82c8,0x000000076d700000)
  from space 6144K, 92% used [0x000000076d700000,0x000000076dc91268,0x000000076dd00000)
  to   space 7168K, 0% used [0x000000076f000000,0x000000076f000000,0x000000076f700000)
 ParOldGen       total 260608K, used 61627K [0x00000006c0000000, 0x00000006cfe80000, 0x000000076ab00000)
  object space 260608K, 23% used [0x00000006c0000000,0x00000006c3c2ed20,0x00000006cfe80000)
 Metaspace       used 19171K, capacity 19412K, committed 19712K, reserved 1067008K
  class space    used 2738K, capacity 2809K, committed 2816K, reserved 1048576K

Card table byte_map: [0x000000011ecb5000,0x000000011f4b6000] byte_map_base: 0x000000011b6b5000

Marking Bits: (ParMarkBitMap*) 0x000000010f2670a0
 Begin Bits: [0x000000011fe18000, 0x0000000123e18000)
 End Bits:   [0x0000000123e18000, 0x0000000127e18000)

Polling page: 0x000000010e1ea000

CodeCache: size=245760Kb used=12235Kb max_used=12235Kb free=233524Kb
 bounds [0x000000010f8f5000, 0x00000001104f5000, 0x000000011e8f5000]
 total_blobs=4527 nmethods=3863 adapters=578
 compilation: enabled

Compilation events (10 events):
Event: 54.076 Thread 0x00007fa1f4038800 3859       3       com.sun.javafx.geom.transform.Affine3D::reset3Delements (31 bytes)
Event: 54.076 Thread 0x00007fa1f4038800 nmethod 3859 0x00000001104ed1d0 code [0x00000001104ed320, 0x00000001104ed4d0]
Event: 54.076 Thread 0x00007fa1f4038800 3860       3       com.sun.javafx.tk.quantum.GlassScene::entireSceneNeedsRepaint (30 bytes)
Event: 54.077 Thread 0x00007fa1f4038800 nmethod 3860 0x00000001104ed550 code [0x00000001104ed760, 0x00000001104edf28]
Event: 54.077 Thread 0x00007fa1f4038800 3861       3       javafx.application.Platform::isFxApplicationThread (4 bytes)
Event: 54.077 Thread 0x00007fa1f4038800 nmethod 3861 0x00000001104ee290 code [0x00000001104ee400, 0x00000001104ee6a8]
Event: 54.079 Thread 0x00007fa1f4038800 3862       3       javafx.scene.Node$5::onChanged (8 bytes)
Event: 54.079 Thread 0x00007fa1f4038800 nmethod 3862 0x00000001104ee7d0 code [0x00000001104ee940, 0x00000001104eeb48]
Event: 54.088 Thread 0x00007fa1f4038800 3863       1       com.sun.prism.impl.ManagedResource::access$000 (5 bytes)
Event: 54.088 Thread 0x00007fa1f4038800 nmethod 3863 0x00000001104dfc10 code [0x00000001104dfd60, 0x00000001104dfe50]

GC Heap History (10 events):
Event: 1.889 GC heap before
{Heap before GC invocations=13 (full 0):
 PSYoungGen      total 21504K, used 19154K [0x000000076ab00000, 0x000000076c380000, 0x00000007c0000000)
  eden space 19456K, 97% used [0x000000076ab00000,0x000000076bd94938,0x000000076be00000)
  from space 2048K, 6% used [0x000000076c080000,0x000000076c0a0000,0x000000076c280000)
  to   space 2560K, 0% used [0x000000076be00000,0x000000076be00000,0x000000076c080000)
 ParOldGen       total 260608K, used 39627K [0x00000006c0000000, 0x00000006cfe80000, 0x000000076ab00000)
  object space 260608K, 15% used [0x00000006c0000000,0x00000006c26b2ca0,0x00000006cfe80000)
 Metaspace       used 12134K, capacity 12322K, committed 12544K, reserved 1060864K
  class space    used 1704K, capacity 1760K, committed 1792K, reserved 1048576K
Event: 1.903 GC heap after
Heap after GC invocations=13 (full 0):
 PSYoungGen      total 22016K, used 1691K [0x000000076ab00000, 0x000000076ce80000, 0x00000007c0000000)
  eden space 19456K, 0% used [0x000000076ab00000,0x000000076ab00000,0x000000076be00000)
  from space 2560K, 66% used [0x000000076be00000,0x000000076bfa6c10,0x000000076c080000)
  to   space 2560K, 0% used [0x000000076cc00000,0x000000076cc00000,0x000000076ce80000)
 ParOldGen       total 260608K, used 46050K [0x00000006c0000000, 0x00000006cfe80000, 0x000000076ab00000)
  object space 260608K, 17% used [0x00000006c0000000,0x00000006c2cf88f0,0x00000006cfe80000)
 Metaspace       used 12134K, capacity 12322K, committed 12544K, reserved 1060864K
  class space    used 1704K, capacity 1760K, committed 1792K, reserved 1048576K
}
Event: 2.192 GC heap before
{Heap before GC invocations=14 (full 0):
 PSYoungGen      total 22016K, used 21147K [0x000000076ab00000, 0x000000076ce80000, 0x00000007c0000000)
  eden space 19456K, 100% used [0x000000076ab00000,0x000000076be00000,0x000000076be00000)
  from space 2560K, 66% used [0x000000076be00000,0x000000076bfa6c10,0x000000076c080000)
  to   space 2560K, 0% used [0x000000076cc00000,0x000000076cc00000,0x000000076ce80000)
 ParOldGen       total 260608K, used 46050K [0x00000006c0000000, 0x00000006cfe80000, 0x000000076ab00000)
  object space 260608K, 17% used [0x00000006c0000000,0x00000006c2cf88f0,0x00000006cfe80000)
 Metaspace       used 12343K, capacity 12486K, committed 12800K, reserved 1060864K
  class space    used 1710K, capacity 1766K, committed 1792K, reserved 1048576K
Event: 2.197 GC heap after
Heap after GC invocations=14 (full 0):
 PSYoungGen      total 31232K, used 2555K [0x000000076ab00000, 0x000000076d380000, 0x00000007c0000000)
  eden space 28672K, 0% used [0x000000076ab00000,0x000000076ab00000,0x000000076c700000)
  from space 2560K, 99% used [0x000000076cc00000,0x000000076ce7efc0,0x000000076ce80000)
  to   space 5120K, 0% used [0x000000076c700000,0x000000076c700000,0x000000076cc00000)
 ParOldGen       total 260608K, used 52011K [0x00000006c0000000, 0x00000006cfe80000, 0x000000076ab00000)
  object space 260608K, 19% used [0x00000006c0000000,0x00000006c32cad70,0x00000006cfe80000)
 Metaspace       used 12343K, capacity 12486K, committed 12800K, reserved 1060864K
  class space    used 1710K, capacity 1766K, committed 1792K, reserved 1048576K
}
Event: 2.412 GC heap before
{Heap before GC invocations=15 (full 0):
 PSYoungGen      total 31232K, used 31227K [0x000000076ab00000, 0x000000076d380000, 0x00000007c0000000)
  eden space 28672K, 100% used [0x000000076ab00000,0x000000076c700000,0x000000076c700000)
  from space 2560K, 99% used [0x000000076cc00000,0x000000076ce7efc0,0x000000076ce80000)
  to   space 5120K, 0% used [0x000000076c700000,0x000000076c700000,0x000000076cc00000)
 ParOldGen       total 260608K, used 52011K [0x00000006c0000000, 0x00000006cfe80000, 0x000000076ab00000)
  object space 260608K, 19% used [0x00000006c0000000,0x00000006c32cad70,0x00000006cfe80000)
 Metaspace       used 12814K, capacity 12982K, committed 13184K, reserved 1060864K
  class space    used 1835K, capacity 1902K, committed 1920K, reserved 1048576K
Event: 2.420 GC heap after
Heap after GC invocations=15 (full 0):
 PSYoungGen      total 33792K, used 2451K [0x000000076ab00000, 0x000000076e200000, 0x00000007c0000000)
  eden space 28672K, 0% used [0x000000076ab00000,0x000000076ab00000,0x000000076c700000)
  from space 5120K, 47% used [0x000000076c700000,0x000000076c964e10,0x000000076cc00000)
  to   space 5120K, 0% used [0x000000076dd00000,0x000000076dd00000,0x000000076e200000)
 ParOldGen       total 260608K, used 54471K [0x00000006c0000000, 0x00000006cfe80000, 0x000000076ab00000)
  object space 260608K, 20% used [0x00000006c0000000,0x00000006c3531d30,0x00000006cfe80000)
 Metaspace       used 12814K, capacity 12982K, committed 13184K, reserved 1060864K
  class space    used 1835K, capacity 1902K, committed 1920K, reserved 1048576K
}
Event: 11.922 GC heap before
{Heap before GC invocations=16 (full 0):
 PSYoungGen      total 33792K, used 31123K [0x000000076ab00000, 0x000000076e200000, 0x00000007c0000000)
  eden space 28672K, 100% used [0x000000076ab00000,0x000000076c700000,0x000000076c700000)
  from space 5120K, 47% used [0x000000076c700000,0x000000076c964e10,0x000000076cc00000)
  to   space 5120K, 0% used [0x000000076dd00000,0x000000076dd00000,0x000000076e200000)
 ParOldGen       total 260608K, used 54471K [0x00000006c0000000, 0x00000006cfe80000, 0x000000076ab00000)
  object space 260608K, 20% used [0x00000006c0000000,0x00000006c3531d30,0x00000006cfe80000)
 Metaspace       used 17707K, capacity 17924K, committed 18304K, reserved 1064960K
  class space    used 2565K, capacity 2641K, committed 2688K, reserved 1048576K
Event: 11.934 GC heap after
Heap after GC invocations=16 (full 0):
 PSYoungGen      total 50176K, used 5118K [0x000000076ab00000, 0x000000076e400000, 0x00000007c0000000)
  eden space 45056K, 0% used [0x000000076ab00000,0x000000076ab00000,0x000000076d700000)
  from space 5120K, 99% used [0x000000076dd00000,0x000000076e1ff8c0,0x000000076e200000)
  to   space 6144K, 0% used [0x000000076d700000,0x000000076d700000,0x000000076dd00000)
 ParOldGen       total 260608K, used 57768K [0x00000006c0000000, 0x00000006cfe80000, 0x000000076ab00000)
  object space 260608K, 22% used [0x00000006c0000000,0x00000006c386a390,0x00000006cfe80000)
 Metaspace       used 17707K, capacity 17924K, committed 18304K, reserved 1064960K
  class space    used 2565K, capacity 2641K, committed 2688K, reserved 1048576K
}
Event: 51.945 GC heap before
{Heap before GC invocations=17 (full 0):
 PSYoungGen      total 50176K, used 46398K [0x000000076ab00000, 0x000000076e400000, 0x00000007c0000000)
  eden space 45056K, 91% used [0x000000076ab00000,0x000000076d350260,0x000000076d700000)
  from space 5120K, 99% used [0x000000076dd00000,0x000000076e1ff8c0,0x000000076e200000)
  to   space 6144K, 0% used [0x000000076d700000,0x000000076d700000,0x000000076dd00000)
 ParOldGen       total 260608K, used 57768K [0x00000006c0000000, 0x00000006cfe80000, 0x000000076ab00000)
  object space 260608K, 22% used [0x00000006c0000000,0x00000006c386a390,0x00000006cfe80000)
 Metaspace       used 19157K, capacity 19348K, committed 19456K, reserved 1067008K
  class space    used 2738K, capacity 2809K, committed 2816K, reserved 1048576K
Event: 51.957 GC heap after
Heap after GC invocations=17 (full 0):
 PSYoungGen      total 51200K, used 5700K [0x000000076ab00000, 0x000000076f700000, 0x00000007c0000000)
  eden space 45056K, 0% used [0x000000076ab00000,0x000000076ab00000,0x000000076d700000)
  from space 6144K, 92% used [0x000000076d700000,0x000000076dc91268,0x000000076dd00000)
  to   space 7168K, 0% used [0x000000076f000000,0x000000076f000000,0x000000076f700000)
 ParOldGen       total 260608K, used 61627K [0x00000006c0000000, 0x00000006cfe80000, 0x000000076ab00000)
  object space 260608K, 23% used [0x00000006c0000000,0x00000006c3c2ed20,0x00000006cfe80000)
 Metaspace       used 19157K, capacity 19348K, committed 19456K, reserved 1067008K
  class space    used 2738K, capacity 2809K, committed 2816K, reserved 1048576K
}

Deoptimization events (10 events):
Event: 31.888 Thread 0x00007fa1f5853800 Uncommon trap: reason=array_check action=maybe_recompile pc=0x000000011037e978 method=com.sun.javafx.css.CompoundSelector.applies(Ljavafx/css/Styleable;[Ljava/util/Set;I)Z @ 128
Event: 33.828 Thread 0x00007fa1f5853800 Uncommon trap: reason=class_check action=maybe_recompile pc=0x000000011010e5a8 method=com.sun.scenario.animation.shared.TimelineClipCore.visitKeyFrame(IJ)V @ 43
Event: 37.564 Thread 0x00007fa1f5853800 Uncommon trap: reason=class_check action=maybe_recompile pc=0x000000011010e5a8 method=com.sun.scenario.animation.shared.TimelineClipCore.visitKeyFrame(IJ)V @ 43
Event: 41.083 Thread 0x00007fa1f5853800 Uncommon trap: reason=class_check action=maybe_recompile pc=0x0000000110457b44 method=javafx.scene.Node.isManaged()Z @ 15
Event: 42.083 Thread 0x00007fa1f5853800 Uncommon trap: reason=class_check action=maybe_recompile pc=0x0000000110457b44 method=javafx.scene.Node.isManaged()Z @ 15
Event: 43.083 Thread 0x00007fa1f5853800 Uncommon trap: reason=class_check action=maybe_recompile pc=0x0000000110457b44 method=javafx.scene.Node.isManaged()Z @ 15
Event: 45.450 Thread 0x00007fa1f5853800 Uncommon trap: reason=class_check action=maybe_recompile pc=0x0000000110457b44 method=javafx.scene.Node.isManaged()Z @ 15
Event: 51.885 Thread 0x00007fa1f5853800 Uncommon trap: reason=unreached action=reinterpret pc=0x000000010fbcbc0c method=sun.util.calendar.BaseCalendar.getFixedDate(IIILsun/util/calendar/BaseCalendar$Date;)J @ 19
Event: 51.886 Thread 0x00007fa1f51f6800 Uncommon trap: reason=unreached action=reinterpret pc=0x000000010fab8880 method=com.sun.media.jfxmediaimpl.MetadataParserImpl.getNextByte()B @ 19
Event: 51.985 Thread 0x00007fa1f5853800 Uncommon trap: reason=unreached action=reinterpret pc=0x000000010fdaf5fc method=java.lang.ref.ReferenceQueue.poll()Ljava/lang/ref/Reference; @ 4

Internal exceptions (10 events):
Event: 54.069 Thread 0x00007fa1f5853800 Exception <a 'java/security/PrivilegedActionException'> (0x000000076b704460) thrown at [/HUDSON3/workspace/8-2-build-macosx-x86_64/jdk8u11/648/hotspot/src/share/vm/prims/jvm.cpp, line 1248]
Event: 54.069 Thread 0x00007fa1f5853800 Exception <a 'java/security/PrivilegedActionException'> (0x000000076b7062f8) thrown at [/HUDSON3/workspace/8-2-build-macosx-x86_64/jdk8u11/648/hotspot/src/share/vm/prims/jvm.cpp, line 1248]
Event: 54.069 Thread 0x00007fa1f5853800 Exception <a 'java/security/PrivilegedActionException'> (0x000000076b70a048) thrown at [/HUDSON3/workspace/8-2-build-macosx-x86_64/jdk8u11/648/hotspot/src/share/vm/prims/jvm.cpp, line 1248]
Event: 54.069 Thread 0x00007fa1f5853800 Exception <a 'java/security/PrivilegedActionException'> (0x000000076b70be18) thrown at [/HUDSON3/workspace/8-2-build-macosx-x86_64/jdk8u11/648/hotspot/src/share/vm/prims/jvm.cpp, line 1248]
Event: 54.070 Thread 0x00007fa1f5853800 Exception <a 'java/security/PrivilegedActionException'> (0x000000076b7257f8) thrown at [/HUDSON3/workspace/8-2-build-macosx-x86_64/jdk8u11/648/hotspot/src/share/vm/prims/jvm.cpp, line 1248]
Event: 54.070 Thread 0x00007fa1f5853800 Exception <a 'java/security/PrivilegedActionException'> (0x000000076b740150) thrown at [/HUDSON3/workspace/8-2-build-macosx-x86_64/jdk8u11/648/hotspot/src/share/vm/prims/jvm.cpp, line 1248]
Event: 54.070 Thread 0x00007fa1f5853800 Exception <a 'java/security/PrivilegedActionException'> (0x000000076b75b730) thrown at [/HUDSON3/workspace/8-2-build-macosx-x86_64/jdk8u11/648/hotspot/src/share/vm/prims/jvm.cpp, line 1248]
Event: 54.071 Thread 0x00007fa1f5853800 Exception <a 'java/security/PrivilegedActionException'> (0x000000076b776a10) thrown at [/HUDSON3/workspace/8-2-build-macosx-x86_64/jdk8u11/648/hotspot/src/share/vm/prims/jvm.cpp, line 1248]
Event: 54.071 Thread 0x00007fa1f5853800 Exception <a 'java/security/PrivilegedActionException'> (0x000000076b77a490) thrown at [/HUDSON3/workspace/8-2-build-macosx-x86_64/jdk8u11/648/hotspot/src/share/vm/prims/jvm.cpp, line 1248]
Event: 54.071 Thread 0x00007fa1f5853800 Exception <a 'java/security/PrivilegedActionException'> (0x000000076b77c3c8) thrown at [/HUDSON3/workspace/8-2-build-macosx-x86_64/jdk8u11/648/hotspot/src/share/vm/prims/jvm.cpp, line 1248]

Events (10 events):
Event: 54.078 Executing VM operation: RevokeBias
Event: 54.078 Executing VM operation: RevokeBias done
Event: 54.079 Executing VM operation: RevokeBias
Event: 54.079 Executing VM operation: RevokeBias done
Event: 54.079 Executing VM operation: RevokeBias
Event: 54.079 Executing VM operation: RevokeBias done
Event: 54.079 Executing VM operation: RevokeBias
Event: 54.079 Executing VM operation: RevokeBias done
Event: 54.088 Executing VM operation: RevokeBias
Event: 54.089 Executing VM operation: RevokeBias done


Dynamic libraries:
0x0000000008759000 	/System/Library/Frameworks/Cocoa.framework/Versions/A/Cocoa
0x0000000008759000 	/System/Library/Frameworks/Security.framework/Versions/A/Security
0x0000000008759000 	/System/Library/Frameworks/ApplicationServices.framework/Versions/A/ApplicationServices
0x0000000008759000 	/usr/lib/libz.1.dylib
0x0000000008759000 	/usr/lib/libSystem.B.dylib
0x0000000008759000 	/usr/lib/libobjc.A.dylib
0x0000000008759000 	/System/Library/Frameworks/CoreFoundation.framework/Versions/A/CoreFoundation
0x0000000008759000 	/System/Library/Frameworks/Foundation.framework/Versions/C/Foundation
0x0000000008759000 	/System/Library/Frameworks/AppKit.framework/Versions/C/AppKit
0x0000000008759000 	/System/Library/Frameworks/CoreData.framework/Versions/A/CoreData
0x0000000008759000 	/System/Library/PrivateFrameworks/RemoteViewServices.framework/Versions/A/RemoteViewServices
0x0000000008759000 	/System/Library/PrivateFrameworks/UIFoundation.framework/Versions/A/UIFoundation
0x0000000008759000 	/System/Library/Frameworks/IOSurface.framework/Versions/A/IOSurface
0x0000000008759000 	/System/Library/Frameworks/AudioToolbox.framework/Versions/A/AudioToolbox
0x0000000008759000 	/System/Library/Frameworks/AudioUnit.framework/Versions/A/AudioUnit
0x0000000008759000 	/System/Library/PrivateFrameworks/DataDetectorsCore.framework/Versions/A/DataDetectorsCore
0x0000000008759000 	/System/Library/PrivateFrameworks/DesktopServicesPriv.framework/Versions/A/DesktopServicesPriv
0x0000000008759000 	/System/Library/Frameworks/Carbon.framework/Versions/A/Frameworks/HIToolbox.framework/Versions/A/HIToolbox
0x0000000008759000 	/System/Library/Frameworks/QuartzCore.framework/Versions/A/QuartzCore
0x0000000008759000 	/System/Library/Frameworks/Carbon.framework/Versions/A/Frameworks/SpeechRecognition.framework/Versions/A/SpeechRecognition
0x0000000008759000 	/usr/lib/libauto.dylib
0x0000000008759000 	/usr/lib/libicucore.A.dylib
0x0000000008759000 	/usr/lib/libxml2.2.dylib
0x0000000008759000 	/System/Library/PrivateFrameworks/CoreUI.framework/Versions/A/CoreUI
0x0000000008759000 	/System/Library/Frameworks/CoreAudio.framework/Versions/A/CoreAudio
0x0000000008759000 	/System/Library/Frameworks/DiskArbitration.framework/Versions/A/DiskArbitration
0x0000000008759000 	/usr/lib/liblangid.dylib
0x0000000008759000 	/System/Library/PrivateFrameworks/MultitouchSupport.framework/Versions/A/MultitouchSupport
0x0000000008759000 	/System/Library/Frameworks/IOKit.framework/Versions/A/IOKit
0x0000000008759000 	/usr/lib/libDiagnosticMessagesClient.dylib
0x0000000008759000 	/System/Library/Frameworks/CoreServices.framework/Versions/A/CoreServices
0x0000000008759000 	/System/Library/PrivateFrameworks/PerformanceAnalysis.framework/Versions/A/PerformanceAnalysis
0x0000000008759000 	/System/Library/PrivateFrameworks/GenerationalStorage.framework/Versions/A/GenerationalStorage
0x0000000008759000 	/System/Library/Frameworks/OpenGL.framework/Versions/A/OpenGL
0x0000000008759000 	/System/Library/PrivateFrameworks/Sharing.framework/Versions/A/Sharing
0x0000000008759000 	/System/Library/Frameworks/CoreGraphics.framework/Versions/A/CoreGraphics
0x0000000008759000 	/System/Library/Frameworks/CoreText.framework/Versions/A/CoreText
0x0000000008759000 	/System/Library/Frameworks/ImageIO.framework/Versions/A/ImageIO
0x0000000008759000 	/usr/lib/libextension.dylib
0x0000000008759000 	/System/Library/PrivateFrameworks/Backup.framework/Versions/A/Backup
0x0000000008759000 	/usr/lib/libarchive.2.dylib
0x0000000008759000 	/System/Library/Frameworks/CFNetwork.framework/Versions/A/CFNetwork
0x0000000008759000 	/System/Library/Frameworks/SystemConfiguration.framework/Versions/A/SystemConfiguration
0x0000000008759000 	/usr/lib/libCRFSuite.dylib
0x0000000008759000 	/usr/lib/libc++.1.dylib
0x0000000008759000 	/usr/lib/libc++abi.dylib
0x0000000008759000 	/usr/lib/system/libcache.dylib
0x0000000008759000 	/usr/lib/system/libcommonCrypto.dylib
0x0000000008759000 	/usr/lib/system/libcompiler_rt.dylib
0x0000000008759000 	/usr/lib/system/libcopyfile.dylib
0x0000000008759000 	/usr/lib/system/libcorecrypto.dylib
0x0000000008759000 	/usr/lib/system/libdispatch.dylib
0x0000000008759000 	/usr/lib/system/libdyld.dylib
0x0000000008759000 	/usr/lib/system/libkeymgr.dylib
0x0000000008759000 	/usr/lib/system/liblaunch.dylib
0x0000000008759000 	/usr/lib/system/libmacho.dylib
0x0000000008759000 	/usr/lib/system/libquarantine.dylib
0x0000000008759000 	/usr/lib/system/libremovefile.dylib
0x0000000008759000 	/usr/lib/system/libsystem_asl.dylib
0x0000000008759000 	/usr/lib/system/libsystem_blocks.dylib
0x0000000008759000 	/usr/lib/system/libsystem_c.dylib
0x0000000008759000 	/usr/lib/system/libsystem_configuration.dylib
0x0000000008759000 	/usr/lib/system/libsystem_coreservices.dylib
0x0000000008759000 	/usr/lib/system/libsystem_coretls.dylib
0x0000000008759000 	/usr/lib/system/libsystem_dnssd.dylib
0x0000000008759000 	/usr/lib/system/libsystem_info.dylib
0x0000000008759000 	/usr/lib/system/libsystem_kernel.dylib
0x0000000008759000 	/usr/lib/system/libsystem_m.dylib
0x0000000008759000 	/usr/lib/system/libsystem_malloc.dylib
0x0000000008759000 	/usr/lib/system/libsystem_network.dylib
0x0000000008759000 	/usr/lib/system/libsystem_networkextension.dylib
0x0000000008759000 	/usr/lib/system/libsystem_notify.dylib
0x0000000008759000 	/usr/lib/system/libsystem_platform.dylib
0x0000000008759000 	/usr/lib/system/libsystem_pthread.dylib
0x0000000008759000 	/usr/lib/system/libsystem_sandbox.dylib
0x0000000008759000 	/usr/lib/system/libsystem_secinit.dylib
0x0000000008759000 	/usr/lib/system/libsystem_stats.dylib
0x0000000008759000 	/usr/lib/system/libsystem_trace.dylib
0x0000000008759000 	/usr/lib/system/libunc.dylib
0x0000000008759000 	/usr/lib/system/libunwind.dylib
0x0000000008759000 	/usr/lib/system/libxpc.dylib
0x0000000008759000 	/usr/lib/libbz2.1.0.dylib
0x0000000008759000 	/usr/lib/liblzma.5.dylib
0x0000000008759000 	/usr/lib/libbsm.0.dylib
0x0000000008759000 	/usr/lib/libsqlite3.dylib
0x0000000008759000 	/usr/lib/system/libkxld.dylib
0x0000000008759000 	/usr/lib/libxar.1.dylib
0x0000000008759000 	/usr/lib/libpam.2.dylib
0x0000000008759000 	/usr/lib/libOpenScriptingUtil.dylib
0x0000000008759000 	/System/Library/Frameworks/CoreServices.framework/Versions/A/Frameworks/FSEvents.framework/Versions/A/FSEvents
0x0000000008759000 	/System/Library/Frameworks/CoreServices.framework/Versions/A/Frameworks/CarbonCore.framework/Versions/A/CarbonCore
0x0000000008759000 	/System/Library/Frameworks/CoreServices.framework/Versions/A/Frameworks/Metadata.framework/Versions/A/Metadata
0x0000000008759000 	/System/Library/Frameworks/CoreServices.framework/Versions/A/Frameworks/OSServices.framework/Versions/A/OSServices
0x0000000008759000 	/System/Library/Frameworks/CoreServices.framework/Versions/A/Frameworks/SearchKit.framework/Versions/A/SearchKit
0x0000000008759000 	/System/Library/Frameworks/CoreServices.framework/Versions/A/Frameworks/AE.framework/Versions/A/AE
0x0000000008759000 	/System/Library/Frameworks/CoreServices.framework/Versions/A/Frameworks/LaunchServices.framework/Versions/A/LaunchServices
0x0000000008759000 	/System/Library/Frameworks/CoreServices.framework/Versions/A/Frameworks/DictionaryServices.framework/Versions/A/DictionaryServices
0x0000000008759000 	/System/Library/Frameworks/NetFS.framework/Versions/A/NetFS
0x0000000008759000 	/System/Library/PrivateFrameworks/NetAuth.framework/Versions/A/NetAuth
0x0000000008759000 	/System/Library/PrivateFrameworks/login.framework/Versions/A/Frameworks/loginsupport.framework/Versions/A/loginsupport
0x0000000008759000 	/System/Library/PrivateFrameworks/TCC.framework/Versions/A/TCC
0x0000000008759000 	/usr/lib/libmecabra.dylib
0x0000000008759000 	/System/Library/Frameworks/ApplicationServices.framework/Versions/A/Frameworks/ATS.framework/Versions/A/ATS
0x0000000008759000 	/System/Library/Frameworks/ApplicationServices.framework/Versions/A/Frameworks/ColorSync.framework/Versions/A/ColorSync
0x0000000008759000 	/System/Library/Frameworks/ApplicationServices.framework/Versions/A/Frameworks/HIServices.framework/Versions/A/HIServices
0x0000000008759000 	/System/Library/Frameworks/ApplicationServices.framework/Versions/A/Frameworks/LangAnalysis.framework/Versions/A/LangAnalysis
0x0000000008759000 	/System/Library/Frameworks/ApplicationServices.framework/Versions/A/Frameworks/PrintCore.framework/Versions/A/PrintCore
0x0000000008759000 	/System/Library/Frameworks/ApplicationServices.framework/Versions/A/Frameworks/QD.framework/Versions/A/QD
0x0000000008759000 	/System/Library/Frameworks/ApplicationServices.framework/Versions/A/Frameworks/SpeechSynthesis.framework/Versions/A/SpeechSynthesis
0x0000000008759000 	/System/Library/Frameworks/Accelerate.framework/Versions/A/Accelerate
0x0000000008759000 	/System/Library/Frameworks/Accelerate.framework/Versions/A/Frameworks/vImage.framework/Versions/A/vImage
0x0000000008759000 	/System/Library/Frameworks/Accelerate.framework/Versions/A/Frameworks/vecLib.framework/Versions/A/vecLib
0x0000000008759000 	/System/Library/Frameworks/Accelerate.framework/Versions/A/Frameworks/vecLib.framework/Versions/A/libvDSP.dylib
0x0000000008759000 	/System/Library/Frameworks/Accelerate.framework/Versions/A/Frameworks/vecLib.framework/Versions/A/libvMisc.dylib
0x0000000008759000 	/System/Library/Frameworks/Accelerate.framework/Versions/A/Frameworks/vecLib.framework/Versions/A/libLAPACK.dylib
0x0000000008759000 	/System/Library/Frameworks/Accelerate.framework/Versions/A/Frameworks/vecLib.framework/Versions/A/libBLAS.dylib
0x0000000008759000 	/System/Library/Frameworks/Accelerate.framework/Versions/A/Frameworks/vecLib.framework/Versions/A/libLinearAlgebra.dylib
0x0000000008759000 	/System/Library/Frameworks/ApplicationServices.framework/Versions/A/Frameworks/ATS.framework/Versions/A/Resources/libFontParser.dylib
0x0000000008759000 	/System/Library/Frameworks/ApplicationServices.framework/Versions/A/Frameworks/ATS.framework/Versions/A/Resources/libFontRegistry.dylib
0x0000000008759000 	/System/Library/PrivateFrameworks/AppleVPA.framework/Versions/A/AppleVPA
0x0000000008759000 	/System/Library/PrivateFrameworks/AppleJPEG.framework/Versions/A/AppleJPEG
0x0000000008759000 	/System/Library/Frameworks/ImageIO.framework/Versions/A/Resources/libJPEG.dylib
0x0000000008759000 	/System/Library/Frameworks/ImageIO.framework/Versions/A/Resources/libTIFF.dylib
0x0000000008759000 	/System/Library/Frameworks/ImageIO.framework/Versions/A/Resources/libPng.dylib
0x0000000008759000 	/System/Library/Frameworks/ImageIO.framework/Versions/A/Resources/libGIF.dylib
0x0000000008759000 	/System/Library/Frameworks/ImageIO.framework/Versions/A/Resources/libJP2.dylib
0x0000000008759000 	/System/Library/Frameworks/ImageIO.framework/Versions/A/Resources/libRadiance.dylib
0x0000000008759000 	/System/Library/Frameworks/CoreVideo.framework/Versions/A/CoreVideo
0x0000000008759000 	/System/Library/Frameworks/OpenGL.framework/Versions/A/Libraries/libGLU.dylib
0x0000000008759000 	/System/Library/Frameworks/OpenGL.framework/Versions/A/Libraries/libGFXShared.dylib
0x0000000008759000 	/System/Library/Frameworks/OpenGL.framework/Versions/A/Libraries/libGL.dylib
0x0000000008759000 	/System/Library/Frameworks/OpenGL.framework/Versions/A/Libraries/libGLImage.dylib
0x0000000008759000 	/System/Library/Frameworks/OpenGL.framework/Versions/A/Libraries/libCVMSPluginSupport.dylib
0x0000000008759000 	/System/Library/Frameworks/OpenGL.framework/Versions/A/Libraries/libCoreVMClient.dylib
0x0000000008759000 	/usr/lib/libcups.2.dylib
0x0000000008759000 	/System/Library/Frameworks/Kerberos.framework/Versions/A/Kerberos
0x0000000008759000 	/System/Library/Frameworks/GSS.framework/Versions/A/GSS
0x0000000008759000 	/usr/lib/libresolv.9.dylib
0x0000000008759000 	/usr/lib/libiconv.2.dylib
0x0000000008759000 	/System/Library/PrivateFrameworks/Heimdal.framework/Versions/A/Heimdal
0x0000000008759000 	/usr/lib/libheimdal-asn1.dylib
0x0000000008759000 	/System/Library/Frameworks/OpenDirectory.framework/Versions/A/OpenDirectory
0x0000000008759000 	/System/Library/PrivateFrameworks/CommonAuth.framework/Versions/A/CommonAuth
0x0000000008759000 	/System/Library/Frameworks/OpenDirectory.framework/Versions/A/Frameworks/CFOpenDirectory.framework/Versions/A/CFOpenDirectory
0x0000000008759000 	/System/Library/Frameworks/SecurityFoundation.framework/Versions/A/SecurityFoundation
0x0000000008759000 	/System/Library/PrivateFrameworks/LanguageModeling.framework/Versions/A/LanguageModeling
0x0000000008759000 	/usr/lib/libcmph.dylib
0x0000000008759000 	/System/Library/Frameworks/ServiceManagement.framework/Versions/A/ServiceManagement
0x0000000008759000 	/usr/lib/libxslt.1.dylib
0x0000000008759000 	/System/Library/Frameworks/Carbon.framework/Versions/A/Frameworks/Ink.framework/Versions/A/Ink
0x0000000008759000 	/System/Library/Frameworks/QuartzCore.framework/Versions/A/Frameworks/CoreImage.framework/Versions/A/CoreImage
0x0000000008759000 	/System/Library/PrivateFrameworks/CrashReporterSupport.framework/Versions/A/CrashReporterSupport
0x0000000008759000 	/System/Library/Frameworks/OpenCL.framework/Versions/A/OpenCL
0x0000000008759000 	/System/Library/PrivateFrameworks/FaceCore.framework/Versions/A/FaceCore
0x0000000008759000 	/System/Library/PrivateFrameworks/Ubiquity.framework/Versions/A/Ubiquity
0x0000000008759000 	/System/Library/PrivateFrameworks/IconServices.framework/Versions/A/IconServices
0x0000000008759000 	/System/Library/PrivateFrameworks/ChunkingLibrary.framework/Versions/A/ChunkingLibrary
0x0000000008759000 	/System/Library/PrivateFrameworks/Apple80211.framework/Versions/A/Apple80211
0x0000000008759000 	/System/Library/Frameworks/CoreWLAN.framework/Versions/A/CoreWLAN
0x0000000008759000 	/System/Library/Frameworks/IOBluetooth.framework/Versions/A/IOBluetooth
0x0000000008759000 	/System/Library/PrivateFrameworks/CoreWiFi.framework/Versions/A/CoreWiFi
0x0000000008759000 	/System/Library/Frameworks/CoreBluetooth.framework/Versions/A/CoreBluetooth
0x0000000008759000 	/System/Library/PrivateFrameworks/DebugSymbols.framework/Versions/A/DebugSymbols
0x0000000008759000 	/System/Library/PrivateFrameworks/CoreSymbolication.framework/Versions/A/CoreSymbolication
0x0000000008759000 	/System/Library/PrivateFrameworks/Symbolication.framework/Versions/A/Symbolication
0x0000000008759000 	/System/Library/PrivateFrameworks/SpeechRecognitionCore.framework/Versions/A/SpeechRecognitionCore
0x000000010ea00000 	/Library/Java/JavaVirtualMachines/jdk1.8.0_11.jdk/Contents/Home/jre/lib/server/libjvm.dylib
0x0000000008759000 	/usr/lib/libstdc++.6.dylib
0x000000010e1dc000 	/Library/Java/JavaVirtualMachines/jdk1.8.0_11.jdk/Contents/Home/jre/lib/libverify.dylib
0x000000010f8c1000 	/Library/Java/JavaVirtualMachines/jdk1.8.0_11.jdk/Contents/Home/jre/lib/libjava.dylib
0x000000010e1f4000 	/Library/Java/JavaVirtualMachines/jdk1.8.0_11.jdk/Contents/Home/jre/lib/libzip.dylib
0x000000012a43c000 	/System/Library/Frameworks/JavaVM.framework/Frameworks/JavaRuntimeSupport.framework/JavaRuntimeSupport
0x000000012a454000 	/System/Library/Frameworks/JavaVM.framework/Versions/A/Frameworks/JavaNativeFoundation.framework/Versions/A/JavaNativeFoundation
0x000000012a469000 	/System/Library/Frameworks/JavaVM.framework/Versions/A/JavaVM
0x0000000008759000 	/System/Library/Frameworks/Carbon.framework/Versions/A/Carbon
0x000000012a476000 	/System/Library/PrivateFrameworks/JavaLaunching.framework/Versions/A/JavaLaunching
0x0000000008759000 	/System/Library/Frameworks/Carbon.framework/Versions/A/Frameworks/CommonPanels.framework/Versions/A/CommonPanels
0x0000000008759000 	/System/Library/Frameworks/Carbon.framework/Versions/A/Frameworks/Help.framework/Versions/A/Help
0x0000000008759000 	/System/Library/Frameworks/Carbon.framework/Versions/A/Frameworks/ImageCapture.framework/Versions/A/ImageCapture
0x0000000008759000 	/System/Library/Frameworks/Carbon.framework/Versions/A/Frameworks/OpenScripting.framework/Versions/A/OpenScripting
0x0000000008759000 	/System/Library/Frameworks/Carbon.framework/Versions/A/Frameworks/Print.framework/Versions/A/Print
0x0000000008759000 	/System/Library/Frameworks/Carbon.framework/Versions/A/Frameworks/SecurityHI.framework/Versions/A/SecurityHI
0x000000012c3e7000 	/Applications/IntelliJ IDEA 14 CE.app/Contents/bin/libbreakgen64.jnilib
0x000000012c593000 	/Library/Java/JavaVirtualMachines/jdk1.8.0_11.jdk/Contents/Home/jre/lib/libnet.dylib
0x000000012c7f7000 	/Library/Java/JavaVirtualMachines/jdk1.8.0_11.jdk/Contents/Home/jre/lib/libprism_es2.dylib
0x0000000008759000 	/System/Library/Frameworks/OpenGL.framework/Versions/A/Resources/GLEngine.bundle/GLEngine
0x0000000008759000 	/System/Library/Frameworks/OpenGL.framework/Versions/A/Libraries/libGLProgrammability.dylib
0x0000000000000000 	/System/Library/Extensions/AppleIntelHD5000GraphicsGLDriver.bundle/Contents/MacOS/AppleIntelHD5000GraphicsGLDriver
0x0000000008759000 	/System/Library/PrivateFrameworks/IOAccelerator.framework/Versions/A/IOAccelerator
0x0000000008759000 	/System/Library/PrivateFrameworks/GPUSupport.framework/Versions/A/Libraries/libGPUSupportMercury.dylib
0x0000000008759000 	/System/Library/Frameworks/OpenGL.framework/Versions/A/Resources/GLRendererFloat.bundle/GLRendererFloat
0x0000000008759000 	/System/Library/Frameworks/OpenCL.framework/Versions/A/Libraries/libcldcpuengine.dylib
0x0000000008759000 	/System/Library/PrivateFrameworks/DiskImages.framework/Versions/A/DiskImages
0x0000000008759000 	/System/Library/Frameworks/DiscRecording.framework/Versions/A/DiscRecording
0x0000000008759000 	/usr/lib/libcsfde.dylib
0x0000000008759000 	/usr/lib/libcurl.4.dylib
0x0000000008759000 	/System/Library/PrivateFrameworks/MediaKit.framework/Versions/A/MediaKit
0x0000000008759000 	/System/Library/PrivateFrameworks/ProtectedCloudStorage.framework/Versions/A/ProtectedCloudStorage
0x0000000008759000 	/usr/lib/libCoreStorage.dylib
0x0000000008759000 	/System/Library/PrivateFrameworks/EFILogin.framework/Versions/A/EFILogin
0x0000000008759000 	/usr/lib/libutil.dylib
0x0000000008759000 	/System/Library/PrivateFrameworks/FindMyDevice.framework/Versions/A/FindMyDevice
0x0000000008759000 	/System/Library/Frameworks/LDAP.framework/Versions/A/LDAP
0x0000000008759000 	/usr/lib/libsasl2.2.dylib
0x0000000008759000 	/System/Library/PrivateFrameworks/CoreDaemon.framework/Versions/B/CoreDaemon
0x0000000008759000 	/usr/lib/libcrypto.0.9.8.dylib
0x0000000008759000 	/System/Library/PrivateFrameworks/AppleSRP.framework/Versions/A/AppleSRP
0x0000000008759000 	/System/Library/PrivateFrameworks/TrustEvaluationAgent.framework/Versions/A/TrustEvaluationAgent
0x000000012cca4000 	/Library/Java/JavaVirtualMachines/jdk1.8.0_11.jdk/Contents/Home/jre/lib/libglass.dylib
0x0000000008759000 	/System/Library/PrivateFrameworks/CoreServicesInternal.framework/Versions/A/CoreServicesInternal
0x0000000008759000 	/System/Library/PrivateFrameworks/CloudDocs.framework/Versions/A/CloudDocs
0x0000000008759000 	/System/Library/PrivateFrameworks/CoreDuet.framework/Versions/A/CoreDuet
0x0000000008759000 	/System/Library/Frameworks/CloudKit.framework/Versions/A/CloudKit
0x0000000008759000 	/System/Library/PrivateFrameworks/ProtocolBuffer.framework/Versions/A/ProtocolBuffer
0x0000000008759000 	/System/Library/PrivateFrameworks/CoreDuetDaemonProtocol.framework/Versions/A/CoreDuetDaemonProtocol
0x0000000008759000 	/System/Library/PrivateFrameworks/CoreDuetDebugLogging.framework/Versions/A/CoreDuetDebugLogging
0x0000000008759000 	/System/Library/Frameworks/CoreLocation.framework/Versions/A/CoreLocation
0x0000000008759000 	/System/Library/Frameworks/Accounts.framework/Versions/A/Accounts
0x0000000008759000 	/System/Library/PrivateFrameworks/ApplePushService.framework/Versions/A/ApplePushService
0x0000000008759000 	/System/Library/PrivateFrameworks/GeoServices.framework/Versions/A/GeoServices
0x0000000008759000 	/System/Library/PrivateFrameworks/OAuth.framework/Versions/A/OAuth
0x0000000008759000 	/System/Library/Frameworks/CoreGraphics.framework/Versions/A/Resources/libCGCMS.A.dylib
0x0000000008759000 	/System/Library/CoreServices/RawCamera.bundle/Contents/MacOS/RawCamera
0x0000000008759000 	/System/Library/Frameworks/CoreGraphics.framework/Versions/A/Resources/libRIP.A.dylib
0x0000000008759000 	/System/Library/PrivateFrameworks/FamilyControls.framework/Versions/A/FamilyControls
0x0000000008759000 	/System/Library/PrivateFrameworks/CommerceKit.framework/Versions/A/Frameworks/CommerceCore.framework/Versions/A/CommerceCore
0x0000000008759000 	/System/Library/PrivateFrameworks/SystemAdministration.framework/Versions/A/SystemAdministration
0x0000000008759000 	/System/Library/PrivateFrameworks/AppContainer.framework/Versions/A/AppContainer
0x0000000008759000 	/System/Library/PrivateFrameworks/SecCodeWrapper.framework/Versions/A/SecCodeWrapper
0x0000000008759000 	/System/Library/Frameworks/DirectoryService.framework/Versions/A/DirectoryService
0x0000000008759000 	/System/Library/PrivateFrameworks/LoginUIKit.framework/Versions/A/Frameworks/LoginUICore.framework/Versions/A/LoginUICore
0x0000000008759000 	/usr/lib/libodfde.dylib
0x0000000130460000 	/Library/Java/JavaVirtualMachines/jdk1.8.0_11.jdk/Contents/Home/jre/lib/libnio.dylib
0x000000013046f000 	/Library/Java/JavaVirtualMachines/jdk1.8.0_11.jdk/Contents/Home/jre/lib/libglib-lite.dylib
0x0000000130595000 	/Library/Java/JavaVirtualMachines/jdk1.8.0_11.jdk/Contents/Home/jre/lib/libgstreamer-lite.dylib
0x0000000130718000 	/Library/Java/JavaVirtualMachines/jdk1.8.0_11.jdk/Contents/Home/jre/lib/libjfxmedia.dylib
0x0000000008759000 	/System/Library/Frameworks/QTKit.framework/Versions/A/QTKit
0x0000000008759000 	/System/Library/Frameworks/AVFoundation.framework/Versions/A/AVFoundation
0x0000000008759000 	/System/Library/Frameworks/CoreMedia.framework/Versions/A/CoreMedia
0x0000000008759000 	/System/Library/Frameworks/MediaToolbox.framework/Versions/A/MediaToolbox
0x0000000008759000 	/System/Library/Frameworks/VideoToolbox.framework/Versions/A/VideoToolbox
0x0000000008759000 	/System/Library/PrivateFrameworks/CoreMediaAuthoring.framework/Versions/A/CoreMediaAuthoring
0x0000000008759000 	/System/Library/Frameworks/CoreMediaIO.framework/Versions/A/CoreMediaIO
0x0000000008759000 	/System/Library/Frameworks/AVFoundation.framework/Versions/A/Resources/libAVFAudio.dylib
0x0000000008759000 	/System/Library/PrivateFrameworks/MediaControlSender.framework/Versions/A/MediaControlSender
0x0000000008759000 	/System/Library/PrivateFrameworks/CoreAVCHD.framework/Versions/A/CoreAVCHD
0x0000000008759000 	/System/Library/Frameworks/MediaAccessibility.framework/Versions/A/MediaAccessibility
0x0000000008759000 	/System/Library/PrivateFrameworks/Mangrove.framework/Versions/A/Mangrove
0x0000000008759000 	/System/Library/PrivateFrameworks/CoreAUC.framework/Versions/A/CoreAUC
0x0000000008759000 	/System/Library/PrivateFrameworks/NetworkStatistics.framework/Versions/A/NetworkStatistics
0x0000000008759000 	/System/Library/PrivateFrameworks/AirPlaySupport.framework/Versions/A/AirPlaySupport
0x0000000008759000 	/System/Library/PrivateFrameworks/CoreUtils.framework/Versions/A/CoreUtils
0x0000000008759000 	/System/Library/PrivateFrameworks/AppleVA.framework/Versions/A/AppleVA
0x0000000008759000 	/System/Library/PrivateFrameworks/XPCService.framework/Versions/A/XPCService
0x0000000008759000 	/System/Library/PrivateFrameworks/AppSandbox.framework/Versions/A/AppSandbox
0x0000000008759000 	/usr/lib/libsandbox.1.dylib
0x0000000008759000 	/usr/lib/libMatch.1.dylib
0x000000013035d000 	/Library/Java/JavaVirtualMachines/jdk1.8.0_11.jdk/Contents/Home/jre/lib/libfxplugins.dylib
0x0000000130388000 	/System/Library/Frameworks/VideoDecodeAcceleration.framework/Versions/A/VideoDecodeAcceleration
0x0000000130411000 	/System/Library/Extensions/AppleHDA.kext/Contents/PlugIns/AppleHDAHALPlugIn.bundle/Contents/MacOS/AppleHDAHALPlugIn
0x00000001308c5000 	/System/Library/Components/CoreAudio.component/Contents/MacOS/CoreAudio
0x0000000130ca0000 	/System/Library/Components/AudioCodecs.component/Contents/MacOS/AudioCodecs
0x0000000130442000 	/Library/Java/JavaVirtualMachines/jdk1.8.0_11.jdk/Contents/Home/jre/lib/libjavafx_font.dylib
0x0000000008759000 	/System/Library/Frameworks/CoreGraphics.framework/Versions/A/Resources/libCGXType.A.dylib
0x00000001338c4000 	/Library/Java/JavaVirtualMachines/jdk1.8.0_11.jdk/Contents/Home/jre/lib/libjavafx_iio.dylib
0x000000013389c000 	cl_kernels
0x0000000133a6d000 	/System/Library/Frameworks/OpenCL.framework/Versions/A/Libraries/ImageFormats/unorm8_bgra.dylib
0x0000000133890000 	cl_kernels
0x0000000134475000 	/Library/Java/JavaVirtualMachines/jdk1.8.0_11.jdk/Contents/Home/jre/lib/libprism_common.dylib

VM Arguments:
jvm_args: -Didea.launcher.port=7534 -Didea.launcher.bin.path=/Applications/IntelliJ IDEA 14 CE.app/Contents/bin -Dfile.encoding=UTF-8 
java_command: com.intellij.rt.execution.application.AppMain Model.Main
java_class_path (initial): /Library/Java/JavaVirtualMachines/jdk1.8.0_11.jdk/Contents/Home/lib/ant-javafx.jar:/Library/Java/JavaVirtualMachines/jdk1.8.0_11.jdk/Contents/Home/lib/dt.jar:/Library/Java/JavaVirtualMachines/jdk1.8.0_11.jdk/Contents/Home/lib/javafx-mx.jar:/Library/Java/JavaVirtualMachines/jdk1.8.0_11.jdk/Contents/Home/lib/jconsole.jar:/Library/Java/JavaVirtualMachines/jdk1.8.0_11.jdk/Contents/Home/lib/sa-jdi.jar:/Library/Java/JavaVirtualMachines/jdk1.8.0_11.jdk/Contents/Home/lib/tools.jar:/Library/Java/JavaVirtualMachines/jdk1.8.0_11.jdk/Contents/Home/jre/lib/charsets.jar:/Library/Java/JavaVirtualMachines/jdk1.8.0_11.jdk/Contents/Home/jre/lib/deploy.jar:/Library/Java/JavaVirtualMachines/jdk1.8.0_11.jdk/Contents/Home/jre/lib/htmlconverter.jar:/Library/Java/JavaVirtualMachines/jdk1.8.0_11.jdk/Contents/Home/jre/lib/javaws.jar:/Library/Java/JavaVirtualMachines/jdk1.8.0_11.jdk/Contents/Home/jre/lib/jce.jar:/Library/Java/JavaVirtualMachines/jdk1.8.0_11.jdk/Contents/Home/jre/lib/jfr.jar:/Library/Java/JavaVirtualMachines/jdk1.8.0_11.jdk/Contents/Home/jre/lib/jfxswt.jar:/Library/Java/JavaVirtualMachines/jdk1.8.0_11.jdk/Contents/Home/jre/lib/jsse.jar:/Library/Java/JavaVirtualMachines/jdk1.8.0_11.jdk/Contents/Home/jre/lib/management-agent.jar:/Library/Java/JavaVirtualMachines/jdk1.8.0_11.jdk/Contents/Home/jre/lib/plugin.jar:/Library/Java/JavaVirtualMachines/jdk1.8.0_11.jdk/Contents/Home/jre/lib/resources.jar:/Library/Java/JavaVirtualMachines/jdk1.8.0_11.jdk/Contents/Home/jre/lib/rt.jar:/Library/Java/JavaVirtualMachines/jdk1.8.0_11.jdk/Contents/Home/jre/lib/ext/cldrdata.jar:/Library/Java/JavaVirtualMachines/jdk1.8.0_11.jdk/Contents/Home/jre/lib/ext/dnsns.jar:/Library/Java/JavaVirtualMachines/jdk1.8.0_11.jdk/Contents/Home/jre/lib/ext/jfxrt.jar:/Library/Java/JavaVirtualMachines/jdk1.8.0_11.jdk/Contents/Home/jre/lib/ext/localedata.jar:/Library/Java/JavaVirtualMachines/jdk1.8.0_11.jdk/Contents/Home/jre/lib/ext/nashorn.jar:/Library/Java/JavaVirtualMachines/jdk1.8.0_11.j
Launcher Type: SUN_STANDARD

Environment Variables:
CLASSPATH=.:/Users/yamininambiar/Downloads/junit.jar:/Users/yamininambiar/Downloads/hamcrest-core.jar
PATH=/Library/Frameworks/Python.framework/Versions/2.7/bin:/usr/local/heroku/bin:/Users/yamininambiar/anaconda/bin:/usr/local/bin:/usr/bin:/bin:/usr/sbin:/sbin:/usr/local/git/bin:/usr/local/MacGPG2/bin
SHELL=/bin/bash

Signal Handlers:
SIGSEGV: [libjvm.dylib+0x56059b], sa_mask[0]=0xfffefeff, sa_flags=0x00000043
SIGBUS: [libjvm.dylib+0x56059b], sa_mask[0]=0xfffefeff, sa_flags=0x00000042
SIGFPE: [libjvm.dylib+0x4438f2], sa_mask[0]=0xfffefeff, sa_flags=0x00000042
SIGPIPE: [libjvm.dylib+0x4438f2], sa_mask[0]=0xfffefeff, sa_flags=0x00000042
SIGXFSZ: [libjvm.dylib+0x4438f2], sa_mask[0]=0xfffefeff, sa_flags=0x00000042
SIGILL: [libjvm.dylib+0x4438f2], sa_mask[0]=0xfffefeff, sa_flags=0x00000042
SIGUSR1: SIG_DFL, sa_mask[0]=0x00000000, sa_flags=0x00000000
SIGUSR2: [libjvm.dylib+0x443410], sa_mask[0]=0x00000004, sa_flags=0x00000042
SIGHUP: [AudioToolbox+0xe0034], sa_mask[0]=0x00000000, sa_flags=0x00000002
SIGINT: [libjvm.dylib+0x44179b], sa_mask[0]=0xfffefeff, sa_flags=0x00000042
SIGTERM: [libjvm.dylib+0x44179b], sa_mask[0]=0xfffefeff, sa_flags=0x00000042
SIGQUIT: [libjvm.dylib+0x44179b], sa_mask[0]=0xfffefeff, sa_flags=0x00000042


---------------  S Y S T E M  ---------------

OS:Bsduname:Darwin 14.1.0 Darwin Kernel Version 14.1.0: Mon Dec 22 23:10:38 PST 2014; root:xnu-2782.10.72~2/RELEASE_X86_64 x86_64
rlimit: STACK 8192k, CORE 0k, NPROC 709, NOFILE 10240, AS infinity
load average:2.83 2.62 2.24

CPU:total 4 (2 cores per cpu, 2 threads per core) family 6 model 69 stepping 1, cmov, cx8, fxsr, mmx, sse, sse2, sse3, ssse3, sse4.1, sse4.2, popcnt, avx, avx2, aes, clmul, erms, ht, tsc, tscinvbit

Memory: 4k page, physical 16777216k(3338604k free)

/proc/meminfo:


vm_info: Java HotSpot(TM) 64-Bit Server VM (25.11-b03) for bsd-amd64 JRE (1.8.0_11-b12), built on Jun 16 2014 17:39:42 by "java_re" with gcc 4.2.1 (Based on Apple Inc. build 5658) (LLVM build 2336.11.00)

time: Tue Oct 20 11:24:15 2015
elapsed time: 54 seconds

