#
# A fatal error has been detected by the Java Runtime Environment:
#
#  SIGSEGV (0xb) at pc=0x00007fff8c5b0064, pid=57356, tid=1299
#
# JRE version: Java(TM) SE Runtime Environment (8.0_11-b12) (build 1.8.0_11-b12)
# Java VM: Java HotSpot(TM) 64-Bit Server VM (25.11-b03 mixed mode bsd-amd64 compressed oops)
# Problematic frame:
# C  [libobjc.A.dylib+0x9064]  objc_retain+0x14
#
# Failed to write core dump. Core dumps have been disabled. To enable core dumping, try "ulimit -c unlimited" before starting Java again
#
# If you would like to submit a bug report, please visit:
#   http://bugreport.sun.com/bugreport/crash.jsp
# The crash happened outside the Java Virtual Machine in native code.
# See problematic frame for where to report the bug.
#

---------------  T H R E A D  ---------------

Current thread (0x00007f9c7185f800):  JavaThread "JavaFX Application Thread" [_thread_in_native, id=1299, stack(0x00007fff52570000,0x00007fff52d70000)]

siginfo:si_signo=SIGSEGV: si_errno=0, si_code=1 (SEGV_MAPERR), si_addr=0x0000000000000021

Registers:
RAX=0x0000000000000001, RBX=0x00007f9c706ddb80, RCX=0x00000000ffffffff, RDX=0x0000000000000050
RSP=0x00007fff52d6b558, RBP=0x00007fff52d6b570, RSI=0x00007fff8922696a, RDI=0x00007f9c72d9d8f0
R8 =0x0000000000000000, R9 =0x00007f9c72d00000, R10=0x00007f9c705a7b40, R11=0x00007fff789d4358
R12=0x0000000000000003, R13=0x00007fff8c5a80c0, R14=0x00007fff791e24a0, R15=0x00007f9c72f4f950
RIP=0x00007fff8c5b0064, EFLAGS=0x0000000000010246, ERR=0x0000000000000004
  TRAPNO=0x000000000000000e

Top of Stack: (sp=0x00007fff52d6b558)
0x00007fff52d6b558:   00007fff8c5b1656 00007f9c706da7f0
0x00007fff52d6b568:   00007f9c706ddb30 00007fff52d6b5b0
0x00007fff52d6b578:   00007fff88982d83 00007fff88982c11
0x00007fff52d6b588:   00007f9c75008d30 0000000000000003
0x00007fff52d6b598:   00007f9c70400688 00007f9c75033700
0x00007fff52d6b5a8:   00007fff52d6b5f0 00007fff52d6b5d0
0x00007fff52d6b5b8:   00007fff88982c2e 00007fff88982c11
0x00007fff52d6b5c8:   00007f9c750336f0 00007fff52d6b5e0
0x00007fff52d6b5d8:   00007fff8d8e7da7 00007fff52d6b670
0x00007fff52d6b5e8:   00007fff8d8e7d00 00007f9c750336f0
0x00007fff52d6b5f8:   00007f9c72f1d7f0 00007f9c72f58a90
0x00007fff52d6b608:   00007fff8d8e7be6 00007fff52d6b5f0
0x00007fff52d6b618:   00007fff52d6b610 00007f9c704006a0
0x00007fff52d6b628:   00007f9c704007e0 00007fff52d6b5f0
0x00007fff52d6b638:   0000000000000002 7700fb123c6c5be7
0x00007fff52d6b648:   0000000000000001 00007fff52d6b720
0x00007fff52d6b658:   0000000000000c03 00007f9c704007d0
0x00007fff52d6b668:   00007f9c70400690 00007fff52d6c350
0x00007fff52d6b678:   00007fff8d8d9e08 00007fff79491cf0
0x00007fff52d6b688:   0000000000000003 00007fff79491cf0
0x00007fff52d6b698:   0000000000000000 00007f9c70400690
0x00007fff52d6b6a8:   00000001704cf940 00007f9c706d1e70
0x00007fff52d6b6b8:   0000000100000002 00007f9c704006a0
0x00007fff52d6b6c8:   00007f9c704007e0 00000000ffffff01
0x00007fff52d6b6d8:   000380c2926f12de 00001003794539c0
0x00007fff52d6b6e8:   422d2bf2c0b10203 00000d0352d6bd40
0x00007fff52d6b6f8:   00007fff794907a8 0000000052d6b730
0x00007fff52d6b708:   0000000000000000 0000000000000000
0x00007fff52d6b718:   ffffffffffffffff 00007f9c704007d0
0x00007fff52d6b728:   0000000000000000 00007fff52d6b880
0x00007fff52d6b738:   00007fff8d8720d8 00007fff52d6bf90
0x00007fff52d6b748:   00007fff8d8c70ca 00000014000001f5 

Instructions: (pc=0x00007fff8c5b0064)
0x00007fff8c5b0044:   5f 5d c3 90 90 90 90 90 90 90 90 90 31 c0 48 85
0x00007fff8c5b0054:   ff 74 09 40 f6 c7 01 74 04 48 89 f8 c3 48 8b 07
0x00007fff8c5b0064:   f6 40 20 02 74 05 e9 55 83 01 00 48 8d 05 62 1a
0x00007fff8c5b0074:   c3 ec 48 8b 30 e9 42 80 ff ff 90 90 90 90 90 90 

Register to memory mapping:

RAX=0x0000000000000001 is an unknown value
RBX=0x00007f9c706ddb80 is an unknown value
RCX=0x00000000ffffffff is an unknown value
RDX=0x0000000000000050 is an unknown value
RSP=0x00007fff52d6b558 is pointing into the stack for thread: 0x00007f9c7185f800
RBP=0x00007fff52d6b570 is pointing into the stack for thread: 0x00007f9c7185f800
RSI=0x00007fff8922696a: -[NSTitlebarContainerView shouldRoundCorners]+0xb258c in /System/Library/Frameworks/AppKit.framework/Versions/C/AppKit at 0x00007fff88800000
RDI=0x00007f9c72d9d8f0 is an unknown value
R8 =0x0000000000000000 is an unknown value
R9 =0x00007f9c72d00000 is an unknown value
R10=0x00007f9c705a7b40 is an unknown value
R11=0x00007fff789d4358: OBJC_CLASS_$__NSAutomaticFocusRingState+0 in /System/Library/Frameworks/AppKit.framework/Versions/C/AppKit at 0x00007fff88800000
R12=0x0000000000000003 is an unknown value
R13=0x00007fff8c5a80c0: objc_msgSend+0 in /usr/lib/libobjc.A.dylib at 0x00007fff8c5a7000
R14=0x00007fff791e24a0: _ZL13PropertyLocks+0x2e0 in /usr/lib/libobjc.A.dylib at 0x00007fff8c5a7000
R15=0x00007f9c72f4f950 is an unknown value


Stack: [0x00007fff52570000,0x00007fff52d70000],  sp=0x00007fff52d6b558,  free space=8173k
Native frames: (J=compiled Java code, j=interpreted, Vv=VM code, C=native code)
C  [libobjc.A.dylib+0x9064]  objc_retain+0x14
C  [AppKit+0x182d83]  +[_NSAutomaticFocusRing setActiveFirstResponderChanged]+0xe1
C  [AppKit+0x182c2e]  ___NSPostActiveFirstResponderChanged_block_invoke+0x1d
C  [CoreFoundation+0x7fda7]  __CFRUNLOOP_IS_CALLING_OUT_TO_AN_OBSERVER_CALLBACK_FUNCTION__+0x17
C  [CoreFoundation+0x7fd00]  __CFRunLoopDoObservers+0x170
C  [CoreFoundation+0x71e08]  __CFRunLoopRun+0x368
C  [CoreFoundation+0x71858]  CFRunLoopRunSpecific+0x128
C  [HIToolbox+0x2eaef]  RunCurrentEventLoopInMode+0xeb
C  [HIToolbox+0x2e86a]  ReceiveNextEventCommon+0x1af
C  [HIToolbox+0x2e6ab]  _BlockUntilNextEventMatchingListInModeWithFilter+0x47
C  [AppKit+0x23f81]  _DPSNextEvent+0x3c4
C  [AppKit+0x23730]  -[NSApplication nextEventMatchingMask:untilDate:inMode:dequeue:]+0xc2
C  [AppKit+0x17593]  -[NSApplication run]+0x252
C  [libglass.dylib+0xbf95]  -[GlassApplication runLoop:]+0x6a5
C  [Foundation+0x65cdc]  __NSThreadPerformPerform+0x125
C  [CoreFoundation+0x80681]  __CFRUNLOOP_IS_CALLING_OUT_TO_A_SOURCE0_PERFORM_FUNCTION__+0x11
C  [CoreFoundation+0x7280d]  __CFRunLoopDoSources0+0x10d
C  [CoreFoundation+0x71e3f]  __CFRunLoopRun+0x39f
C  [CoreFoundation+0x71858]  CFRunLoopRunSpecific+0x128
C  [java+0x56cb]  CreateExecutionEnvironment+0x367
C  [java+0x166c]  JLI_Launch+0x7a0
C  [java+0x7689]  main+0x65
C  [java+0xec4]  start+0x34


---------------  P R O C E S S  ---------------

Java Threads: ( => current thread )
  0x00007f9c71299000 JavaThread "Timer-1" [_thread_blocked, id=65443, stack(0x0000000131ad6000,0x0000000131bd6000)]
  0x00007f9c70a79800 JavaThread "Timer-0" daemon [_thread_blocked, id=72467, stack(0x0000000134878000,0x0000000134978000)]
  0x00007f9c719bc000 JavaThread "Media Resource Disposer" daemon [_thread_blocked, id=67847, stack(0x000000013288f000,0x000000013298f000)]
  0x00007f9c71289800 JavaThread "Prism Font Disposer" daemon [_thread_blocked, id=63759, stack(0x000000013097e000,0x0000000130a7e000)]
  0x00007f9c71141800 JavaThread "JFXMedia Player EventQueueThread" daemon [_thread_blocked, id=48903, stack(0x000000012f68a000,0x000000012f78a000)]
  0x00007f9c7188b800 JavaThread "Thread-4" daemon [_thread_in_native, id=36099, stack(0x000000012e04c000,0x000000012e0cc000)]
=>0x00007f9c7185f800 JavaThread "JavaFX Application Thread" [_thread_in_native, id=1299, stack(0x00007fff52570000,0x00007fff52d70000)]
  0x00007f9c720cd000 JavaThread "Thread-2" daemon [_thread_blocked, id=24339, stack(0x000000012bbdb000,0x000000012bcdb000)]
  0x00007f9c720bd800 JavaThread "QuantumRenderer-0" daemon [_thread_blocked, id=20227, stack(0x000000012b5c1000,0x000000012b6c1000)]
  0x00007f9c72091800 JavaThread "JavaFX-Launcher" [_thread_blocked, id=19715, stack(0x000000012b4be000,0x000000012b5be000)]
  0x00007f9c7201c800 JavaThread "Monitor Ctrl-Break" daemon [_thread_in_native, id=19203, stack(0x000000012b2b7000,0x000000012b3b7000)]
  0x00007f9c70853800 JavaThread "Service Thread" daemon [_thread_blocked, id=18179, stack(0x000000012af5f000,0x000000012b05f000)]
  0x00007f9c71818000 JavaThread "C1 CompilerThread2" daemon [_thread_blocked, id=17667, stack(0x000000012ae5c000,0x000000012af5c000)]
  0x00007f9c71015800 JavaThread "C2 CompilerThread1" daemon [_thread_blocked, id=17155, stack(0x000000012ad59000,0x000000012ae59000)]
  0x00007f9c7100f800 JavaThread "C2 CompilerThread0" daemon [_thread_blocked, id=16643, stack(0x000000012ac56000,0x000000012ad56000)]
  0x00007f9c72019000 JavaThread "Signal Dispatcher" daemon [_thread_blocked, id=13331, stack(0x000000012ab53000,0x000000012ac53000)]
  0x00007f9c7200c000 JavaThread "Finalizer" daemon [_thread_blocked, id=11523, stack(0x0000000129209000,0x0000000129309000)]
  0x00007f9c7200b000 JavaThread "Reference Handler" daemon [_thread_blocked, id=11011, stack(0x0000000129106000,0x0000000129206000)]
  0x00007f9c71800800 JavaThread "main" [_thread_blocked, id=4867, stack(0x000000010e6c2000,0x000000010e7c2000)]

Other Threads:
  0x00007f9c71816000 VMThread [stack: 0x0000000129003000,0x0000000129103000] [id=10499]
  0x00007f9c70805800 WatcherThread [stack: 0x000000012b062000,0x000000012b162000] [id=18691]

VM state:not at safepoint (normal execution)

VM Mutex/Monitor currently owned by a thread: None

Heap:
 PSYoungGen      total 55808K, used 10249K [0x000000076ab00000, 0x000000076fc80000, 0x00000007c0000000)
  eden space 49152K, 11% used [0x000000076ab00000,0x000000076b067f70,0x000000076db00000)
  from space 6656K, 70% used [0x000000076db00000,0x000000076df9a620,0x000000076e180000)
  to   space 7168K, 0% used [0x000000076f580000,0x000000076f580000,0x000000076fc80000)
 ParOldGen       total 260608K, used 63647K [0x00000006c0000000, 0x00000006cfe80000, 0x000000076ab00000)
  object space 260608K, 24% used [0x00000006c0000000,0x00000006c3e27f18,0x00000006cfe80000)
 Metaspace       used 19590K, capacity 19770K, committed 20096K, reserved 1067008K
  class space    used 2782K, capacity 2842K, committed 2944K, reserved 1048576K

Card table byte_map: [0x000000011db84000,0x000000011e385000] byte_map_base: 0x000000011a584000

Marking Bits: (ParMarkBitMap*) 0x000000010e0670a0
 Begin Bits: [0x000000011ece7000, 0x0000000122ce7000)
 End Bits:   [0x0000000122ce7000, 0x0000000126ce7000)

Polling page: 0x000000010cfe7000

CodeCache: size=245760Kb used=11476Kb max_used=11524Kb free=234283Kb
 bounds [0x000000010e7c4000, 0x000000010f314000, 0x000000011d7c4000]
 total_blobs=4298 nmethods=3634 adapters=578
 compilation: enabled

Compilation events (10 events):
Event: 109.285 Thread 0x00007f9c71818000 4031       3       com.sun.org.apache.xerces.internal.impl.XMLEntityScanner::skipString (104 bytes)
Event: 109.286 Thread 0x00007f9c71818000 nmethod 4031 0x000000010ecdfbd0 code [0x000000010ecdfd80, 0x000000010ece0398]
Event: 109.286 Thread 0x00007f9c71818000 4030       3       java.util.LinkedList$ListItr::<init> (52 bytes)
Event: 109.287 Thread 0x00007f9c71818000 nmethod 4030 0x000000010ef100d0 code [0x000000010ef10240, 0x000000010ef104e8]
Event: 109.293 Thread 0x00007f9c71818000 4032       3       javafx.beans.WeakInvalidationListener::<init> (31 bytes)
Event: 109.293 Thread 0x00007f9c71818000 nmethod 4032 0x000000010ecdf310 code [0x000000010ecdf4a0, 0x000000010ecdf988]
Event: 109.293 Thread 0x00007f9c71818000 4033       3       javafx.scene.shape.Shape$1::invalidated (111 bytes)
Event: 109.294 Thread 0x00007f9c71818000 nmethod 4033 0x000000010ecddd10 code [0x000000010ecddf80, 0x000000010ecded18]
Event: 109.294 Thread 0x00007f9c71818000 4034       1       com.sun.javafx.font.PrismFontFile::getDefaultAAMode (2 bytes)
Event: 109.294 Thread 0x00007f9c71818000 nmethod 4034 0x000000010ef0fe10 code [0x000000010ef0ff60, 0x000000010ef10070]

GC Heap History (10 events):
Event: 2.899 GC heap before
{Heap before GC invocations=13 (full 0):
 PSYoungGen      total 22016K, used 20096K [0x000000076ab00000, 0x000000076c280000, 0x00000007c0000000)
  eden space 19968K, 100% used [0x000000076ab00000,0x000000076be80000,0x000000076be80000)
  from space 2048K, 6% used [0x000000076c080000,0x000000076c0a0000,0x000000076c280000)
  to   space 2048K, 0% used [0x000000076be80000,0x000000076be80000,0x000000076c080000)
 ParOldGen       total 260608K, used 39587K [0x00000006c0000000, 0x00000006cfe80000, 0x000000076ab00000)
  object space 260608K, 15% used [0x00000006c0000000,0x00000006c26a8ca0,0x00000006cfe80000)
 Metaspace       used 12159K, capacity 12386K, committed 12544K, reserved 1060864K
  class space    used 1706K, capacity 1760K, committed 1792K, reserved 1048576K
Event: 2.904 GC heap after
Heap after GC invocations=13 (full 0):
 PSYoungGen      total 22016K, used 1723K [0x000000076ab00000, 0x000000076cf80000, 0x00000007c0000000)
  eden space 19968K, 0% used [0x000000076ab00000,0x000000076ab00000,0x000000076be80000)
  from space 2048K, 84% used [0x000000076be80000,0x000000076c02ec10,0x000000076c080000)
  to   space 2560K, 0% used [0x000000076cd00000,0x000000076cd00000,0x000000076cf80000)
 ParOldGen       total 260608K, used 46939K [0x00000006c0000000, 0x00000006cfe80000, 0x000000076ab00000)
  object space 260608K, 18% used [0x00000006c0000000,0x00000006c2dd6f00,0x00000006cfe80000)
 Metaspace       used 12159K, capacity 12386K, committed 12544K, reserved 1060864K
  class space    used 1706K, capacity 1760K, committed 1792K, reserved 1048576K
}
Event: 3.060 GC heap before
{Heap before GC invocations=14 (full 0):
 PSYoungGen      total 22016K, used 21415K [0x000000076ab00000, 0x000000076cf80000, 0x00000007c0000000)
  eden space 19968K, 98% used [0x000000076ab00000,0x000000076be3b2c0,0x000000076be80000)
  from space 2048K, 84% used [0x000000076be80000,0x000000076c02ec10,0x000000076c080000)
  to   space 2560K, 0% used [0x000000076cd00000,0x000000076cd00000,0x000000076cf80000)
 ParOldGen       total 260608K, used 46939K [0x00000006c0000000, 0x00000006cfe80000, 0x000000076ab00000)
  object space 260608K, 18% used [0x00000006c0000000,0x00000006c2dd6f00,0x00000006cfe80000)
 Metaspace       used 12346K, capacity 12486K, committed 12800K, reserved 1060864K
  class space    used 1712K, capacity 1766K, committed 1792K, reserved 1048576K
Event: 3.064 GC heap after
Heap after GC invocations=14 (full 0):
 PSYoungGen      total 34304K, used 2548K [0x000000076ab00000, 0x000000076d080000, 0x00000007c0000000)
  eden space 31744K, 0% used [0x000000076ab00000,0x000000076ab00000,0x000000076ca00000)
  from space 2560K, 99% used [0x000000076cd00000,0x000000076cf7d270,0x000000076cf80000)
  to   space 3072K, 0% used [0x000000076ca00000,0x000000076ca00000,0x000000076cd00000)
 ParOldGen       total 260608K, used 51962K [0x00000006c0000000, 0x00000006cfe80000, 0x000000076ab00000)
  object space 260608K, 19% used [0x00000006c0000000,0x00000006c32beac0,0x00000006cfe80000)
 Metaspace       used 12346K, capacity 12486K, committed 12800K, reserved 1060864K
  class space    used 1712K, capacity 1766K, committed 1792K, reserved 1048576K
}
Event: 3.276 GC heap before
{Heap before GC invocations=15 (full 0):
 PSYoungGen      total 34304K, used 34292K [0x000000076ab00000, 0x000000076d080000, 0x00000007c0000000)
  eden space 31744K, 100% used [0x000000076ab00000,0x000000076ca00000,0x000000076ca00000)
  from space 2560K, 99% used [0x000000076cd00000,0x000000076cf7d270,0x000000076cf80000)
  to   space 3072K, 0% used [0x000000076ca00000,0x000000076ca00000,0x000000076cd00000)
 ParOldGen       total 260608K, used 51962K [0x00000006c0000000, 0x00000006cfe80000, 0x000000076ab00000)
  object space 260608K, 19% used [0x00000006c0000000,0x00000006c32beac0,0x00000006cfe80000)
 Metaspace       used 13046K, capacity 13270K, committed 13568K, reserved 1060864K
  class space    used 1868K, capacity 1934K, committed 2048K, reserved 1048576K
Event: 3.279 GC heap after
Heap after GC invocations=15 (full 0):
 PSYoungGen      total 34816K, used 3055K [0x000000076ab00000, 0x000000076e600000, 0x00000007c0000000)
  eden space 31744K, 0% used [0x000000076ab00000,0x000000076ab00000,0x000000076ca00000)
  from space 3072K, 99% used [0x000000076ca00000,0x000000076ccfbd90,0x000000076cd00000)
  to   space 4608K, 0% used [0x000000076e180000,0x000000076e180000,0x000000076e600000)
 ParOldGen       total 260608K, used 54423K [0x00000006c0000000, 0x00000006cfe80000, 0x000000076ab00000)
  object space 260608K, 20% used [0x00000006c0000000,0x00000006c3525d30,0x00000006cfe80000)
 Metaspace       used 13046K, capacity 13270K, committed 13568K, reserved 1060864K
  class space    used 1868K, capacity 1934K, committed 2048K, reserved 1048576K
}
Event: 30.446 GC heap before
{Heap before GC invocations=16 (full 0):
 PSYoungGen      total 34816K, used 34799K [0x000000076ab00000, 0x000000076e600000, 0x00000007c0000000)
  eden space 31744K, 100% used [0x000000076ab00000,0x000000076ca00000,0x000000076ca00000)
  from space 3072K, 99% used [0x000000076ca00000,0x000000076ccfbd90,0x000000076cd00000)
  to   space 4608K, 0% used [0x000000076e180000,0x000000076e180000,0x000000076e600000)
 ParOldGen       total 260608K, used 54423K [0x00000006c0000000, 0x00000006cfe80000, 0x000000076ab00000)
  object space 260608K, 20% used [0x00000006c0000000,0x00000006c3525d30,0x00000006cfe80000)
 Metaspace       used 17934K, capacity 18122K, committed 18560K, reserved 1064960K
  class space    used 2500K, capacity 2578K, committed 2688K, reserved 1048576K
Event: 30.458 GC heap after
Heap after GC invocations=16 (full 0):
 PSYoungGen      total 53760K, used 4581K [0x000000076ab00000, 0x000000076ea00000, 0x00000007c0000000)
  eden space 49152K, 0% used [0x000000076ab00000,0x000000076ab00000,0x000000076db00000)
  from space 4608K, 99% used [0x000000076e180000,0x000000076e5f96c0,0x000000076e600000)
  to   space 6656K, 0% used [0x000000076db00000,0x000000076db00000,0x000000076e180000)
 ParOldGen       total 260608K, used 58205K [0x00000006c0000000, 0x00000006cfe80000, 0x000000076ab00000)
  object space 260608K, 22% used [0x00000006c0000000,0x00000006c38d75c0,0x00000006cfe80000)
 Metaspace       used 17934K, capacity 18122K, committed 18560K, reserved 1064960K
  class space    used 2500K, capacity 2578K, committed 2688K, reserved 1048576K
}
Event: 98.931 GC heap before
{Heap before GC invocations=17 (full 0):
 PSYoungGen      total 53760K, used 53733K [0x000000076ab00000, 0x000000076ea00000, 0x00000007c0000000)
  eden space 49152K, 100% used [0x000000076ab00000,0x000000076db00000,0x000000076db00000)
  from space 4608K, 99% used [0x000000076e180000,0x000000076e5f96c0,0x000000076e600000)
  to   space 6656K, 0% used [0x000000076db00000,0x000000076db00000,0x000000076e180000)
 ParOldGen       total 260608K, used 58205K [0x00000006c0000000, 0x00000006cfe80000, 0x000000076ab00000)
  object space 260608K, 22% used [0x00000006c0000000,0x00000006c38d75c0,0x00000006cfe80000)
 Metaspace       used 19572K, capacity 19770K, committed 20096K, reserved 1067008K
  class space    used 2781K, capacity 2842K, committed 2944K, reserved 1048576K
Event: 98.942 GC heap after
Heap after GC invocations=17 (full 0):
 PSYoungGen      total 55808K, used 4713K [0x000000076ab00000, 0x000000076fc80000, 0x00000007c0000000)
  eden space 49152K, 0% used [0x000000076ab00000,0x000000076ab00000,0x000000076db00000)
  from space 6656K, 70% used [0x000000076db00000,0x000000076df9a620,0x000000076e180000)
  to   space 7168K, 0% used [0x000000076f580000,0x000000076f580000,0x000000076fc80000)
 ParOldGen       total 260608K, used 63647K [0x00000006c0000000, 0x00000006cfe80000, 0x000000076ab00000)
  object space 260608K, 24% used [0x00000006c0000000,0x00000006c3e27f18,0x00000006cfe80000)
 Metaspace       used 19572K, capacity 19770K, committed 20096K, reserved 1067008K
  class space    used 2781K, capacity 2842K, committed 2944K, reserved 1048576K
}

Deoptimization events (10 events):
Event: 51.144 Thread 0x00007f9c720bd800 Uncommon trap: reason=class_check action=maybe_recompile pc=0x000000010f040994 method=java.util.concurrent.ConcurrentHashMap.putVal(Ljava/lang/Object;Ljava/lang/Object;Z)Ljava/lang/Object; @ 192
Event: 51.275 Thread 0x00007f9c7185f800 Uncommon trap: reason=bimorphic action=maybe_recompile pc=0x000000010e9ba3d4 method=javafx.scene.Node.impl_pickNode(Lcom/sun/javafx/geom/PickRay;Lcom/sun/javafx/scene/input/PickResultChooser;)V @ 82
Event: 51.275 Thread 0x00007f9c7185f800 Uncommon trap: reason=bimorphic action=maybe_recompile pc=0x000000010f0dd0e0 method=javafx.scene.Node.impl_pickNode(Lcom/sun/javafx/geom/PickRay;Lcom/sun/javafx/scene/input/PickResultChooser;)V @ 82
Event: 51.275 Thread 0x00007f9c7185f800 Uncommon trap: reason=bimorphic action=maybe_recompile pc=0x000000010f0dd0e0 method=javafx.scene.Node.impl_pickNode(Lcom/sun/javafx/geom/PickRay;Lcom/sun/javafx/scene/input/PickResultChooser;)V @ 82
Event: 51.275 Thread 0x00007f9c7185f800 Uncommon trap: reason=bimorphic action=maybe_recompile pc=0x000000010f0dd0e0 method=javafx.scene.Node.impl_pickNode(Lcom/sun/javafx/geom/PickRay;Lcom/sun/javafx/scene/input/PickResultChooser;)V @ 82
Event: 51.695 Thread 0x00007f9c7185f800 Uncommon trap: reason=bimorphic action=maybe_recompile pc=0x000000010e9ba3d4 method=javafx.scene.Node.impl_pickNode(Lcom/sun/javafx/geom/PickRay;Lcom/sun/javafx/scene/input/PickResultChooser;)V @ 82
Event: 61.955 Thread 0x00007f9c720bd800 Uncommon trap: reason=class_check action=maybe_recompile pc=0x000000010eb7fec4 method=com.sun.javafx.sg.prism.NGNode.doRender(Lcom/sun/prism/Graphics;)V @ 5
Event: 61.955 Thread 0x00007f9c720bd800 Uncommon trap: reason=class_check action=maybe_recompile pc=0x000000010eb7fec4 method=com.sun.javafx.sg.prism.NGNode.doRender(Lcom/sun/prism/Graphics;)V @ 5
Event: 61.955 Thread 0x00007f9c720bd800 Uncommon trap: reason=class_check action=maybe_recompile pc=0x000000010eb7fec4 method=com.sun.javafx.sg.prism.NGNode.doRender(Lcom/sun/prism/Graphics;)V @ 5
Event: 61.955 Thread 0x00007f9c720bd800 Uncommon trap: reason=class_check action=maybe_recompile pc=0x000000010eb7fec4 method=com.sun.javafx.sg.prism.NGNode.doRender(Lcom/sun/prism/Graphics;)V @ 5

Internal exceptions (10 events):
Event: 109.282 Thread 0x00007f9c7185f800 Exception <a 'java/security/PrivilegedActionException'> (0x000000076af93088) thrown at [/HUDSON3/workspace/8-2-build-macosx-x86_64/jdk8u11/648/hotspot/src/share/vm/prims/jvm.cpp, line 1248]
Event: 109.283 Thread 0x00007f9c7185f800 Exception <a 'java/security/PrivilegedActionException'> (0x000000076af94f20) thrown at [/HUDSON3/workspace/8-2-build-macosx-x86_64/jdk8u11/648/hotspot/src/share/vm/prims/jvm.cpp, line 1248]
Event: 109.283 Thread 0x00007f9c7185f800 Exception <a 'java/security/PrivilegedActionException'> (0x000000076af98c70) thrown at [/HUDSON3/workspace/8-2-build-macosx-x86_64/jdk8u11/648/hotspot/src/share/vm/prims/jvm.cpp, line 1248]
Event: 109.283 Thread 0x00007f9c7185f800 Exception <a 'java/security/PrivilegedActionException'> (0x000000076af9aa40) thrown at [/HUDSON3/workspace/8-2-build-macosx-x86_64/jdk8u11/648/hotspot/src/share/vm/prims/jvm.cpp, line 1248]
Event: 109.283 Thread 0x00007f9c7185f800 Exception <a 'java/security/PrivilegedActionException'> (0x000000076afb4420) thrown at [/HUDSON3/workspace/8-2-build-macosx-x86_64/jdk8u11/648/hotspot/src/share/vm/prims/jvm.cpp, line 1248]
Event: 109.284 Thread 0x00007f9c7185f800 Exception <a 'java/security/PrivilegedActionException'> (0x000000076afced78) thrown at [/HUDSON3/workspace/8-2-build-macosx-x86_64/jdk8u11/648/hotspot/src/share/vm/prims/jvm.cpp, line 1248]
Event: 109.284 Thread 0x00007f9c7185f800 Exception <a 'java/security/PrivilegedActionException'> (0x000000076afe9128) thrown at [/HUDSON3/workspace/8-2-build-macosx-x86_64/jdk8u11/648/hotspot/src/share/vm/prims/jvm.cpp, line 1248]
Event: 109.284 Thread 0x00007f9c7185f800 Exception <a 'java/security/PrivilegedActionException'> (0x000000076b004408) thrown at [/HUDSON3/workspace/8-2-build-macosx-x86_64/jdk8u11/648/hotspot/src/share/vm/prims/jvm.cpp, line 1248]
Event: 109.284 Thread 0x00007f9c7185f800 Exception <a 'java/security/PrivilegedActionException'> (0x000000076b007e88) thrown at [/HUDSON3/workspace/8-2-build-macosx-x86_64/jdk8u11/648/hotspot/src/share/vm/prims/jvm.cpp, line 1248]
Event: 109.285 Thread 0x00007f9c7185f800 Exception <a 'java/security/PrivilegedActionException'> (0x000000076b009dc0) thrown at [/HUDSON3/workspace/8-2-build-macosx-x86_64/jdk8u11/648/hotspot/src/share/vm/prims/jvm.cpp, line 1248]

Events (10 events):
Event: 109.282 loading class java/lang/Label
Event: 109.282 loading class java/lang/Label done
Event: 109.283 loading class java/lang/Font
Event: 109.283 loading class java/lang/Font done
Event: 109.283 loading class javafx/scene/control/Font
Event: 109.283 loading class javafx/scene/control/Font done
Event: 109.284 loading class javafx/scene/layout/Font
Event: 109.284 loading class javafx/scene/layout/Font done
Event: 109.284 loading class java/lang/Button
Event: 109.284 loading class java/lang/Button done


Dynamic libraries:
0x0000000008759000 	/System/Library/Frameworks/Cocoa.framework/Versions/A/Cocoa
0x0000000008759000 	/System/Library/Frameworks/Security.framework/Versions/A/Security
0x0000000008759000 	/System/Library/Frameworks/ApplicationServices.framework/Versions/A/ApplicationServices
0x0000000008759000 	/usr/lib/libz.1.dylib
0x0000000008759000 	/usr/lib/libSystem.B.dylib
0x0000000008759000 	/usr/lib/libobjc.A.dylib
0x0000000008759000 	/System/Library/Frameworks/CoreFoundation.framework/Versions/A/CoreFoundation
0x0000000008759000 	/System/Library/Frameworks/Foundation.framework/Versions/C/Foundation
0x0000000008759000 	/System/Library/Frameworks/AppKit.framework/Versions/C/AppKit
0x0000000008759000 	/System/Library/Frameworks/CoreData.framework/Versions/A/CoreData
0x0000000008759000 	/System/Library/PrivateFrameworks/RemoteViewServices.framework/Versions/A/RemoteViewServices
0x0000000008759000 	/System/Library/PrivateFrameworks/UIFoundation.framework/Versions/A/UIFoundation
0x0000000008759000 	/System/Library/Frameworks/IOSurface.framework/Versions/A/IOSurface
0x0000000008759000 	/System/Library/Frameworks/AudioToolbox.framework/Versions/A/AudioToolbox
0x0000000008759000 	/System/Library/Frameworks/AudioUnit.framework/Versions/A/AudioUnit
0x0000000008759000 	/System/Library/PrivateFrameworks/DataDetectorsCore.framework/Versions/A/DataDetectorsCore
0x0000000008759000 	/System/Library/PrivateFrameworks/DesktopServicesPriv.framework/Versions/A/DesktopServicesPriv
0x0000000008759000 	/System/Library/Frameworks/Carbon.framework/Versions/A/Frameworks/HIToolbox.framework/Versions/A/HIToolbox
0x0000000008759000 	/System/Library/Frameworks/QuartzCore.framework/Versions/A/QuartzCore
0x0000000008759000 	/System/Library/Frameworks/Carbon.framework/Versions/A/Frameworks/SpeechRecognition.framework/Versions/A/SpeechRecognition
0x0000000008759000 	/usr/lib/libauto.dylib
0x0000000008759000 	/usr/lib/libicucore.A.dylib
0x0000000008759000 	/usr/lib/libxml2.2.dylib
0x0000000008759000 	/System/Library/PrivateFrameworks/CoreUI.framework/Versions/A/CoreUI
0x0000000008759000 	/System/Library/Frameworks/CoreAudio.framework/Versions/A/CoreAudio
0x0000000008759000 	/System/Library/Frameworks/DiskArbitration.framework/Versions/A/DiskArbitration
0x0000000008759000 	/usr/lib/liblangid.dylib
0x0000000008759000 	/System/Library/PrivateFrameworks/MultitouchSupport.framework/Versions/A/MultitouchSupport
0x0000000008759000 	/System/Library/Frameworks/IOKit.framework/Versions/A/IOKit
0x0000000008759000 	/usr/lib/libDiagnosticMessagesClient.dylib
0x0000000008759000 	/System/Library/Frameworks/CoreServices.framework/Versions/A/CoreServices
0x0000000008759000 	/System/Library/PrivateFrameworks/PerformanceAnalysis.framework/Versions/A/PerformanceAnalysis
0x0000000008759000 	/System/Library/PrivateFrameworks/GenerationalStorage.framework/Versions/A/GenerationalStorage
0x0000000008759000 	/System/Library/Frameworks/OpenGL.framework/Versions/A/OpenGL
0x0000000008759000 	/System/Library/PrivateFrameworks/Sharing.framework/Versions/A/Sharing
0x0000000008759000 	/System/Library/Frameworks/CoreGraphics.framework/Versions/A/CoreGraphics
0x0000000008759000 	/System/Library/Frameworks/CoreText.framework/Versions/A/CoreText
0x0000000008759000 	/System/Library/Frameworks/ImageIO.framework/Versions/A/ImageIO
0x0000000008759000 	/usr/lib/libextension.dylib
0x0000000008759000 	/System/Library/PrivateFrameworks/Backup.framework/Versions/A/Backup
0x0000000008759000 	/usr/lib/libarchive.2.dylib
0x0000000008759000 	/System/Library/Frameworks/CFNetwork.framework/Versions/A/CFNetwork
0x0000000008759000 	/System/Library/Frameworks/SystemConfiguration.framework/Versions/A/SystemConfiguration
0x0000000008759000 	/usr/lib/libCRFSuite.dylib
0x0000000008759000 	/usr/lib/libc++.1.dylib
0x0000000008759000 	/usr/lib/libc++abi.dylib
0x0000000008759000 	/usr/lib/system/libcache.dylib
0x0000000008759000 	/usr/lib/system/libcommonCrypto.dylib
0x0000000008759000 	/usr/lib/system/libcompiler_rt.dylib
0x0000000008759000 	/usr/lib/system/libcopyfile.dylib
0x0000000008759000 	/usr/lib/system/libcorecrypto.dylib
0x0000000008759000 	/usr/lib/system/libdispatch.dylib
0x0000000008759000 	/usr/lib/system/libdyld.dylib
0x0000000008759000 	/usr/lib/system/libkeymgr.dylib
0x0000000008759000 	/usr/lib/system/liblaunch.dylib
0x0000000008759000 	/usr/lib/system/libmacho.dylib
0x0000000008759000 	/usr/lib/system/libquarantine.dylib
0x0000000008759000 	/usr/lib/system/libremovefile.dylib
0x0000000008759000 	/usr/lib/system/libsystem_asl.dylib
0x0000000008759000 	/usr/lib/system/libsystem_blocks.dylib
0x0000000008759000 	/usr/lib/system/libsystem_c.dylib
0x0000000008759000 	/usr/lib/system/libsystem_configuration.dylib
0x0000000008759000 	/usr/lib/system/libsystem_coreservices.dylib
0x0000000008759000 	/usr/lib/system/libsystem_coretls.dylib
0x0000000008759000 	/usr/lib/system/libsystem_dnssd.dylib
0x0000000008759000 	/usr/lib/system/libsystem_info.dylib
0x0000000008759000 	/usr/lib/system/libsystem_kernel.dylib
0x0000000008759000 	/usr/lib/system/libsystem_m.dylib
0x0000000008759000 	/usr/lib/system/libsystem_malloc.dylib
0x0000000008759000 	/usr/lib/system/libsystem_network.dylib
0x0000000008759000 	/usr/lib/system/libsystem_networkextension.dylib
0x0000000008759000 	/usr/lib/system/libsystem_notify.dylib
0x0000000008759000 	/usr/lib/system/libsystem_platform.dylib
0x0000000008759000 	/usr/lib/system/libsystem_pthread.dylib
0x0000000008759000 	/usr/lib/system/libsystem_sandbox.dylib
0x0000000008759000 	/usr/lib/system/libsystem_secinit.dylib
0x0000000008759000 	/usr/lib/system/libsystem_stats.dylib
0x0000000008759000 	/usr/lib/system/libsystem_trace.dylib
0x0000000008759000 	/usr/lib/system/libunc.dylib
0x0000000008759000 	/usr/lib/system/libunwind.dylib
0x0000000008759000 	/usr/lib/system/libxpc.dylib
0x0000000008759000 	/usr/lib/libbz2.1.0.dylib
0x0000000008759000 	/usr/lib/liblzma.5.dylib
0x0000000008759000 	/usr/lib/libbsm.0.dylib
0x0000000008759000 	/usr/lib/libsqlite3.dylib
0x0000000008759000 	/usr/lib/system/libkxld.dylib
0x0000000008759000 	/usr/lib/libxar.1.dylib
0x0000000008759000 	/usr/lib/libpam.2.dylib
0x0000000008759000 	/usr/lib/libOpenScriptingUtil.dylib
0x0000000008759000 	/System/Library/Frameworks/CoreServices.framework/Versions/A/Frameworks/FSEvents.framework/Versions/A/FSEvents
0x0000000008759000 	/System/Library/Frameworks/CoreServices.framework/Versions/A/Frameworks/CarbonCore.framework/Versions/A/CarbonCore
0x0000000008759000 	/System/Library/Frameworks/CoreServices.framework/Versions/A/Frameworks/Metadata.framework/Versions/A/Metadata
0x0000000008759000 	/System/Library/Frameworks/CoreServices.framework/Versions/A/Frameworks/OSServices.framework/Versions/A/OSServices
0x0000000008759000 	/System/Library/Frameworks/CoreServices.framework/Versions/A/Frameworks/SearchKit.framework/Versions/A/SearchKit
0x0000000008759000 	/System/Library/Frameworks/CoreServices.framework/Versions/A/Frameworks/AE.framework/Versions/A/AE
0x0000000008759000 	/System/Library/Frameworks/CoreServices.framework/Versions/A/Frameworks/LaunchServices.framework/Versions/A/LaunchServices
0x0000000008759000 	/System/Library/Frameworks/CoreServices.framework/Versions/A/Frameworks/DictionaryServices.framework/Versions/A/DictionaryServices
0x0000000008759000 	/System/Library/Frameworks/NetFS.framework/Versions/A/NetFS
0x0000000008759000 	/System/Library/PrivateFrameworks/NetAuth.framework/Versions/A/NetAuth
0x0000000008759000 	/System/Library/PrivateFrameworks/login.framework/Versions/A/Frameworks/loginsupport.framework/Versions/A/loginsupport
0x0000000008759000 	/System/Library/PrivateFrameworks/TCC.framework/Versions/A/TCC
0x0000000008759000 	/usr/lib/libmecabra.dylib
0x0000000008759000 	/System/Library/Frameworks/ApplicationServices.framework/Versions/A/Frameworks/ATS.framework/Versions/A/ATS
0x0000000008759000 	/System/Library/Frameworks/ApplicationServices.framework/Versions/A/Frameworks/ColorSync.framework/Versions/A/ColorSync
0x0000000008759000 	/System/Library/Frameworks/ApplicationServices.framework/Versions/A/Frameworks/HIServices.framework/Versions/A/HIServices
0x0000000008759000 	/System/Library/Frameworks/ApplicationServices.framework/Versions/A/Frameworks/LangAnalysis.framework/Versions/A/LangAnalysis
0x0000000008759000 	/System/Library/Frameworks/ApplicationServices.framework/Versions/A/Frameworks/PrintCore.framework/Versions/A/PrintCore
0x0000000008759000 	/System/Library/Frameworks/ApplicationServices.framework/Versions/A/Frameworks/QD.framework/Versions/A/QD
0x0000000008759000 	/System/Library/Frameworks/ApplicationServices.framework/Versions/A/Frameworks/SpeechSynthesis.framework/Versions/A/SpeechSynthesis
0x0000000008759000 	/System/Library/Frameworks/Accelerate.framework/Versions/A/Accelerate
0x0000000008759000 	/System/Library/Frameworks/Accelerate.framework/Versions/A/Frameworks/vImage.framework/Versions/A/vImage
0x0000000008759000 	/System/Library/Frameworks/Accelerate.framework/Versions/A/Frameworks/vecLib.framework/Versions/A/vecLib
0x0000000008759000 	/System/Library/Frameworks/Accelerate.framework/Versions/A/Frameworks/vecLib.framework/Versions/A/libvDSP.dylib
0x0000000008759000 	/System/Library/Frameworks/Accelerate.framework/Versions/A/Frameworks/vecLib.framework/Versions/A/libvMisc.dylib
0x0000000008759000 	/System/Library/Frameworks/Accelerate.framework/Versions/A/Frameworks/vecLib.framework/Versions/A/libLAPACK.dylib
0x0000000008759000 	/System/Library/Frameworks/Accelerate.framework/Versions/A/Frameworks/vecLib.framework/Versions/A/libBLAS.dylib
0x0000000008759000 	/System/Library/Frameworks/Accelerate.framework/Versions/A/Frameworks/vecLib.framework/Versions/A/libLinearAlgebra.dylib
0x0000000008759000 	/System/Library/Frameworks/ApplicationServices.framework/Versions/A/Frameworks/ATS.framework/Versions/A/Resources/libFontParser.dylib
0x0000000008759000 	/System/Library/Frameworks/ApplicationServices.framework/Versions/A/Frameworks/ATS.framework/Versions/A/Resources/libFontRegistry.dylib
0x0000000008759000 	/System/Library/PrivateFrameworks/AppleVPA.framework/Versions/A/AppleVPA
0x0000000008759000 	/System/Library/PrivateFrameworks/AppleJPEG.framework/Versions/A/AppleJPEG
0x0000000008759000 	/System/Library/Frameworks/ImageIO.framework/Versions/A/Resources/libJPEG.dylib
0x0000000008759000 	/System/Library/Frameworks/ImageIO.framework/Versions/A/Resources/libTIFF.dylib
0x0000000008759000 	/System/Library/Frameworks/ImageIO.framework/Versions/A/Resources/libPng.dylib
0x0000000008759000 	/System/Library/Frameworks/ImageIO.framework/Versions/A/Resources/libGIF.dylib
0x0000000008759000 	/System/Library/Frameworks/ImageIO.framework/Versions/A/Resources/libJP2.dylib
0x0000000008759000 	/System/Library/Frameworks/ImageIO.framework/Versions/A/Resources/libRadiance.dylib
0x0000000008759000 	/System/Library/Frameworks/CoreVideo.framework/Versions/A/CoreVideo
0x0000000008759000 	/System/Library/Frameworks/OpenGL.framework/Versions/A/Libraries/libGLU.dylib
0x0000000008759000 	/System/Library/Frameworks/OpenGL.framework/Versions/A/Libraries/libGFXShared.dylib
0x0000000008759000 	/System/Library/Frameworks/OpenGL.framework/Versions/A/Libraries/libGL.dylib
0x0000000008759000 	/System/Library/Frameworks/OpenGL.framework/Versions/A/Libraries/libGLImage.dylib
0x0000000008759000 	/System/Library/Frameworks/OpenGL.framework/Versions/A/Libraries/libCVMSPluginSupport.dylib
0x0000000008759000 	/System/Library/Frameworks/OpenGL.framework/Versions/A/Libraries/libCoreVMClient.dylib
0x0000000008759000 	/usr/lib/libcups.2.dylib
0x0000000008759000 	/System/Library/Frameworks/Kerberos.framework/Versions/A/Kerberos
0x0000000008759000 	/System/Library/Frameworks/GSS.framework/Versions/A/GSS
0x0000000008759000 	/usr/lib/libresolv.9.dylib
0x0000000008759000 	/usr/lib/libiconv.2.dylib
0x0000000008759000 	/System/Library/PrivateFrameworks/Heimdal.framework/Versions/A/Heimdal
0x0000000008759000 	/usr/lib/libheimdal-asn1.dylib
0x0000000008759000 	/System/Library/Frameworks/OpenDirectory.framework/Versions/A/OpenDirectory
0x0000000008759000 	/System/Library/PrivateFrameworks/CommonAuth.framework/Versions/A/CommonAuth
0x0000000008759000 	/System/Library/Frameworks/OpenDirectory.framework/Versions/A/Frameworks/CFOpenDirectory.framework/Versions/A/CFOpenDirectory
0x0000000008759000 	/System/Library/Frameworks/SecurityFoundation.framework/Versions/A/SecurityFoundation
0x0000000008759000 	/System/Library/PrivateFrameworks/LanguageModeling.framework/Versions/A/LanguageModeling
0x0000000008759000 	/usr/lib/libcmph.dylib
0x0000000008759000 	/System/Library/Frameworks/ServiceManagement.framework/Versions/A/ServiceManagement
0x0000000008759000 	/usr/lib/libxslt.1.dylib
0x0000000008759000 	/System/Library/Frameworks/Carbon.framework/Versions/A/Frameworks/Ink.framework/Versions/A/Ink
0x0000000008759000 	/System/Library/Frameworks/QuartzCore.framework/Versions/A/Frameworks/CoreImage.framework/Versions/A/CoreImage
0x0000000008759000 	/System/Library/PrivateFrameworks/CrashReporterSupport.framework/Versions/A/CrashReporterSupport
0x0000000008759000 	/System/Library/Frameworks/OpenCL.framework/Versions/A/OpenCL
0x0000000008759000 	/System/Library/PrivateFrameworks/FaceCore.framework/Versions/A/FaceCore
0x0000000008759000 	/System/Library/PrivateFrameworks/Ubiquity.framework/Versions/A/Ubiquity
0x0000000008759000 	/System/Library/PrivateFrameworks/IconServices.framework/Versions/A/IconServices
0x0000000008759000 	/System/Library/PrivateFrameworks/ChunkingLibrary.framework/Versions/A/ChunkingLibrary
0x0000000008759000 	/System/Library/PrivateFrameworks/Apple80211.framework/Versions/A/Apple80211
0x0000000008759000 	/System/Library/Frameworks/CoreWLAN.framework/Versions/A/CoreWLAN
0x0000000008759000 	/System/Library/Frameworks/IOBluetooth.framework/Versions/A/IOBluetooth
0x0000000008759000 	/System/Library/PrivateFrameworks/CoreWiFi.framework/Versions/A/CoreWiFi
0x0000000008759000 	/System/Library/Frameworks/CoreBluetooth.framework/Versions/A/CoreBluetooth
0x0000000008759000 	/System/Library/PrivateFrameworks/DebugSymbols.framework/Versions/A/DebugSymbols
0x0000000008759000 	/System/Library/PrivateFrameworks/CoreSymbolication.framework/Versions/A/CoreSymbolication
0x0000000008759000 	/System/Library/PrivateFrameworks/Symbolication.framework/Versions/A/Symbolication
0x0000000008759000 	/System/Library/PrivateFrameworks/SpeechRecognitionCore.framework/Versions/A/SpeechRecognitionCore
0x000000010d800000 	/Library/Java/JavaVirtualMachines/jdk1.8.0_11.jdk/Contents/Home/jre/lib/server/libjvm.dylib
0x0000000008759000 	/usr/lib/libstdc++.6.dylib
0x000000010cfa5000 	/Library/Java/JavaVirtualMachines/jdk1.8.0_11.jdk/Contents/Home/jre/lib/libverify.dylib
0x000000010cfb3000 	/Library/Java/JavaVirtualMachines/jdk1.8.0_11.jdk/Contents/Home/jre/lib/libjava.dylib
0x000000010cff1000 	/Library/Java/JavaVirtualMachines/jdk1.8.0_11.jdk/Contents/Home/jre/lib/libzip.dylib
0x000000012930b000 	/System/Library/Frameworks/JavaVM.framework/Frameworks/JavaRuntimeSupport.framework/JavaRuntimeSupport
0x0000000129323000 	/System/Library/Frameworks/JavaVM.framework/Versions/A/Frameworks/JavaNativeFoundation.framework/Versions/A/JavaNativeFoundation
0x0000000129338000 	/System/Library/Frameworks/JavaVM.framework/Versions/A/JavaVM
0x0000000008759000 	/System/Library/Frameworks/Carbon.framework/Versions/A/Carbon
0x0000000129345000 	/System/Library/PrivateFrameworks/JavaLaunching.framework/Versions/A/JavaLaunching
0x0000000008759000 	/System/Library/Frameworks/Carbon.framework/Versions/A/Frameworks/CommonPanels.framework/Versions/A/CommonPanels
0x0000000008759000 	/System/Library/Frameworks/Carbon.framework/Versions/A/Frameworks/Help.framework/Versions/A/Help
0x0000000008759000 	/System/Library/Frameworks/Carbon.framework/Versions/A/Frameworks/ImageCapture.framework/Versions/A/ImageCapture
0x0000000008759000 	/System/Library/Frameworks/Carbon.framework/Versions/A/Frameworks/OpenScripting.framework/Versions/A/OpenScripting
0x0000000008759000 	/System/Library/Frameworks/Carbon.framework/Versions/A/Frameworks/Print.framework/Versions/A/Print
0x0000000008759000 	/System/Library/Frameworks/Carbon.framework/Versions/A/Frameworks/SecurityHI.framework/Versions/A/SecurityHI
0x000000012b2b3000 	/Applications/IntelliJ IDEA 14 CE.app/Contents/bin/libbreakgen64.jnilib
0x000000012b45f000 	/Library/Java/JavaVirtualMachines/jdk1.8.0_11.jdk/Contents/Home/jre/lib/libnet.dylib
0x000000012b6c3000 	/Library/Java/JavaVirtualMachines/jdk1.8.0_11.jdk/Contents/Home/jre/lib/libprism_es2.dylib
0x0000000008759000 	/System/Library/Frameworks/OpenGL.framework/Versions/A/Resources/GLEngine.bundle/GLEngine
0x0000000008759000 	/System/Library/Frameworks/OpenGL.framework/Versions/A/Libraries/libGLProgrammability.dylib
0x0000000000000000 	/System/Library/Extensions/AppleIntelHD5000GraphicsGLDriver.bundle/Contents/MacOS/AppleIntelHD5000GraphicsGLDriver
0x0000000008759000 	/System/Library/PrivateFrameworks/IOAccelerator.framework/Versions/A/IOAccelerator
0x0000000008759000 	/System/Library/PrivateFrameworks/GPUSupport.framework/Versions/A/Libraries/libGPUSupportMercury.dylib
0x0000000008759000 	/System/Library/Frameworks/OpenGL.framework/Versions/A/Resources/GLRendererFloat.bundle/GLRendererFloat
0x0000000008759000 	/System/Library/Frameworks/OpenCL.framework/Versions/A/Libraries/libcldcpuengine.dylib
0x0000000008759000 	/System/Library/PrivateFrameworks/DiskImages.framework/Versions/A/DiskImages
0x0000000008759000 	/System/Library/Frameworks/DiscRecording.framework/Versions/A/DiscRecording
0x0000000008759000 	/usr/lib/libcsfde.dylib
0x0000000008759000 	/usr/lib/libcurl.4.dylib
0x0000000008759000 	/System/Library/PrivateFrameworks/MediaKit.framework/Versions/A/MediaKit
0x0000000008759000 	/System/Library/PrivateFrameworks/ProtectedCloudStorage.framework/Versions/A/ProtectedCloudStorage
0x0000000008759000 	/usr/lib/libCoreStorage.dylib
0x0000000008759000 	/System/Library/PrivateFrameworks/EFILogin.framework/Versions/A/EFILogin
0x0000000008759000 	/usr/lib/libutil.dylib
0x0000000008759000 	/System/Library/PrivateFrameworks/FindMyDevice.framework/Versions/A/FindMyDevice
0x0000000008759000 	/System/Library/Frameworks/LDAP.framework/Versions/A/LDAP
0x0000000008759000 	/usr/lib/libsasl2.2.dylib
0x0000000008759000 	/System/Library/PrivateFrameworks/CoreDaemon.framework/Versions/B/CoreDaemon
0x0000000008759000 	/usr/lib/libcrypto.0.9.8.dylib
0x0000000008759000 	/System/Library/PrivateFrameworks/AppleSRP.framework/Versions/A/AppleSRP
0x0000000008759000 	/System/Library/PrivateFrameworks/TrustEvaluationAgent.framework/Versions/A/TrustEvaluationAgent
0x000000012bb70000 	/Library/Java/JavaVirtualMachines/jdk1.8.0_11.jdk/Contents/Home/jre/lib/libglass.dylib
0x0000000008759000 	/System/Library/PrivateFrameworks/CoreServicesInternal.framework/Versions/A/CoreServicesInternal
0x0000000008759000 	/System/Library/PrivateFrameworks/CloudDocs.framework/Versions/A/CloudDocs
0x0000000008759000 	/System/Library/PrivateFrameworks/CoreDuet.framework/Versions/A/CoreDuet
0x0000000008759000 	/System/Library/Frameworks/CloudKit.framework/Versions/A/CloudKit
0x0000000008759000 	/System/Library/PrivateFrameworks/ProtocolBuffer.framework/Versions/A/ProtocolBuffer
0x0000000008759000 	/System/Library/PrivateFrameworks/CoreDuetDaemonProtocol.framework/Versions/A/CoreDuetDaemonProtocol
0x0000000008759000 	/System/Library/PrivateFrameworks/CoreDuetDebugLogging.framework/Versions/A/CoreDuetDebugLogging
0x0000000008759000 	/System/Library/Frameworks/CoreLocation.framework/Versions/A/CoreLocation
0x0000000008759000 	/System/Library/Frameworks/Accounts.framework/Versions/A/Accounts
0x0000000008759000 	/System/Library/PrivateFrameworks/ApplePushService.framework/Versions/A/ApplePushService
0x0000000008759000 	/System/Library/PrivateFrameworks/GeoServices.framework/Versions/A/GeoServices
0x0000000008759000 	/System/Library/PrivateFrameworks/OAuth.framework/Versions/A/OAuth
0x0000000008759000 	/System/Library/Frameworks/CoreGraphics.framework/Versions/A/Resources/libCGCMS.A.dylib
0x0000000008759000 	/System/Library/CoreServices/RawCamera.bundle/Contents/MacOS/RawCamera
0x0000000008759000 	/System/Library/Frameworks/CoreGraphics.framework/Versions/A/Resources/libRIP.A.dylib
0x0000000008759000 	/System/Library/PrivateFrameworks/FamilyControls.framework/Versions/A/FamilyControls
0x0000000008759000 	/System/Library/PrivateFrameworks/CommerceKit.framework/Versions/A/Frameworks/CommerceCore.framework/Versions/A/CommerceCore
0x0000000008759000 	/System/Library/PrivateFrameworks/SystemAdministration.framework/Versions/A/SystemAdministration
0x0000000008759000 	/System/Library/PrivateFrameworks/AppContainer.framework/Versions/A/AppContainer
0x0000000008759000 	/System/Library/PrivateFrameworks/SecCodeWrapper.framework/Versions/A/SecCodeWrapper
0x0000000008759000 	/System/Library/Frameworks/DirectoryService.framework/Versions/A/DirectoryService
0x0000000008759000 	/System/Library/PrivateFrameworks/LoginUIKit.framework/Versions/A/Frameworks/LoginUICore.framework/Versions/A/LoginUICore
0x0000000008759000 	/usr/lib/libodfde.dylib
0x000000012f34e000 	/Library/Java/JavaVirtualMachines/jdk1.8.0_11.jdk/Contents/Home/jre/lib/libnio.dylib
0x000000012f35d000 	/Library/Java/JavaVirtualMachines/jdk1.8.0_11.jdk/Contents/Home/jre/lib/libglib-lite.dylib
0x000000012f483000 	/Library/Java/JavaVirtualMachines/jdk1.8.0_11.jdk/Contents/Home/jre/lib/libgstreamer-lite.dylib
0x000000012f24b000 	/Library/Java/JavaVirtualMachines/jdk1.8.0_11.jdk/Contents/Home/jre/lib/libjfxmedia.dylib
0x0000000008759000 	/System/Library/Frameworks/QTKit.framework/Versions/A/QTKit
0x0000000008759000 	/System/Library/Frameworks/AVFoundation.framework/Versions/A/AVFoundation
0x0000000008759000 	/System/Library/Frameworks/CoreMedia.framework/Versions/A/CoreMedia
0x0000000008759000 	/System/Library/Frameworks/MediaToolbox.framework/Versions/A/MediaToolbox
0x0000000008759000 	/System/Library/Frameworks/VideoToolbox.framework/Versions/A/VideoToolbox
0x0000000008759000 	/System/Library/PrivateFrameworks/CoreMediaAuthoring.framework/Versions/A/CoreMediaAuthoring
0x0000000008759000 	/System/Library/Frameworks/CoreMediaIO.framework/Versions/A/CoreMediaIO
0x0000000008759000 	/System/Library/Frameworks/AVFoundation.framework/Versions/A/Resources/libAVFAudio.dylib
0x0000000008759000 	/System/Library/PrivateFrameworks/MediaControlSender.framework/Versions/A/MediaControlSender
0x0000000008759000 	/System/Library/PrivateFrameworks/CoreAVCHD.framework/Versions/A/CoreAVCHD
0x0000000008759000 	/System/Library/Frameworks/MediaAccessibility.framework/Versions/A/MediaAccessibility
0x0000000008759000 	/System/Library/PrivateFrameworks/Mangrove.framework/Versions/A/Mangrove
0x0000000008759000 	/System/Library/PrivateFrameworks/CoreAUC.framework/Versions/A/CoreAUC
0x0000000008759000 	/System/Library/PrivateFrameworks/NetworkStatistics.framework/Versions/A/NetworkStatistics
0x0000000008759000 	/System/Library/PrivateFrameworks/AirPlaySupport.framework/Versions/A/AirPlaySupport
0x0000000008759000 	/System/Library/PrivateFrameworks/CoreUtils.framework/Versions/A/CoreUtils
0x0000000008759000 	/System/Library/PrivateFrameworks/AppleVA.framework/Versions/A/AppleVA
0x0000000008759000 	/System/Library/PrivateFrameworks/XPCService.framework/Versions/A/XPCService
0x0000000008759000 	/System/Library/PrivateFrameworks/AppSandbox.framework/Versions/A/AppSandbox
0x0000000008759000 	/usr/lib/libsandbox.1.dylib
0x0000000008759000 	/usr/lib/libMatch.1.dylib
0x000000012f2f5000 	/Library/Java/JavaVirtualMachines/jdk1.8.0_11.jdk/Contents/Home/jre/lib/libfxplugins.dylib
0x000000012f320000 	/System/Library/Frameworks/VideoDecodeAcceleration.framework/Versions/A/VideoDecodeAcceleration
0x000000012f326000 	/System/Library/Extensions/AppleHDA.kext/Contents/PlugIns/AppleHDAHALPlugIn.bundle/Contents/MacOS/AppleHDAHALPlugIn
0x000000012f79f000 	/System/Library/Components/CoreAudio.component/Contents/MacOS/CoreAudio
0x000000012fb7a000 	/System/Library/Components/AudioCodecs.component/Contents/MacOS/AudioCodecs
0x000000012f343000 	/Library/Java/JavaVirtualMachines/jdk1.8.0_11.jdk/Contents/Home/jre/lib/libjavafx_font.dylib
0x0000000008759000 	/System/Library/Frameworks/CoreGraphics.framework/Versions/A/Resources/libCGXType.A.dylib
0x0000000130940000 	/Library/Java/JavaVirtualMachines/jdk1.8.0_11.jdk/Contents/Home/jre/lib/libjavafx_iio.dylib
0x0000000132856000 	/Library/Java/JavaVirtualMachines/jdk1.8.0_11.jdk/Contents/Home/jre/lib/libprism_common.dylib
0x000000013286c000 	cl_kernels
0x0000000133577000 	/System/Library/Frameworks/OpenCL.framework/Versions/A/Libraries/ImageFormats/unorm8_bgra.dylib
0x0000000133ab3000 	cl_kernels

VM Arguments:
jvm_args: -Didea.launcher.port=7532 -Didea.launcher.bin.path=/Applications/IntelliJ IDEA 14 CE.app/Contents/bin -Dfile.encoding=UTF-8 
java_command: com.intellij.rt.execution.application.AppMain main.java.com.mule.Main
java_class_path (initial): /Library/Java/JavaVirtualMachines/jdk1.8.0_11.jdk/Contents/Home/lib/ant-javafx.jar:/Library/Java/JavaVirtualMachines/jdk1.8.0_11.jdk/Contents/Home/lib/dt.jar:/Library/Java/JavaVirtualMachines/jdk1.8.0_11.jdk/Contents/Home/lib/javafx-mx.jar:/Library/Java/JavaVirtualMachines/jdk1.8.0_11.jdk/Contents/Home/lib/jconsole.jar:/Library/Java/JavaVirtualMachines/jdk1.8.0_11.jdk/Contents/Home/lib/sa-jdi.jar:/Library/Java/JavaVirtualMachines/jdk1.8.0_11.jdk/Contents/Home/lib/tools.jar:/Library/Java/JavaVirtualMachines/jdk1.8.0_11.jdk/Contents/Home/jre/lib/charsets.jar:/Library/Java/JavaVirtualMachines/jdk1.8.0_11.jdk/Contents/Home/jre/lib/deploy.jar:/Library/Java/JavaVirtualMachines/jdk1.8.0_11.jdk/Contents/Home/jre/lib/htmlconverter.jar:/Library/Java/JavaVirtualMachines/jdk1.8.0_11.jdk/Contents/Home/jre/lib/javaws.jar:/Library/Java/JavaVirtualMachines/jdk1.8.0_11.jdk/Contents/Home/jre/lib/jce.jar:/Library/Java/JavaVirtualMachines/jdk1.8.0_11.jdk/Contents/Home/jre/lib/jfr.jar:/Library/Java/JavaVirtualMachines/jdk1.8.0_11.jdk/Contents/Home/jre/lib/jfxswt.jar:/Library/Java/JavaVirtualMachines/jdk1.8.0_11.jdk/Contents/Home/jre/lib/jsse.jar:/Library/Java/JavaVirtualMachines/jdk1.8.0_11.jdk/Contents/Home/jre/lib/management-agent.jar:/Library/Java/JavaVirtualMachines/jdk1.8.0_11.jdk/Contents/Home/jre/lib/plugin.jar:/Library/Java/JavaVirtualMachines/jdk1.8.0_11.jdk/Contents/Home/jre/lib/resources.jar:/Library/Java/JavaVirtualMachines/jdk1.8.0_11.jdk/Contents/Home/jre/lib/rt.jar:/Library/Java/JavaVirtualMachines/jdk1.8.0_11.jdk/Contents/Home/jre/lib/ext/cldrdata.jar:/Library/Java/JavaVirtualMachines/jdk1.8.0_11.jdk/Contents/Home/jre/lib/ext/dnsns.jar:/Library/Java/JavaVirtualMachines/jdk1.8.0_11.jdk/Contents/Home/jre/lib/ext/jfxrt.jar:/Library/Java/JavaVirtualMachines/jdk1.8.0_11.jdk/Contents/Home/jre/lib/ext/localedata.jar:/Library/Java/JavaVirtualMachines/jdk1.8.0_11.jdk/Contents/Home/jre/lib/ext/nashorn.jar:/Library/Java/JavaVirtualMachines/jdk1.8.0_11.j
Launcher Type: SUN_STANDARD

Environment Variables:
CLASSPATH=.:/Users/yamininambiar/Downloads/junit.jar:/Users/yamininambiar/Downloads/hamcrest-core.jar
PATH=/Library/Frameworks/Python.framework/Versions/2.7/bin:/usr/local/heroku/bin:/Users/yamininambiar/anaconda/bin:/usr/local/bin:/usr/bin:/bin:/usr/sbin:/sbin:/usr/local/git/bin:/usr/local/MacGPG2/bin
SHELL=/bin/bash

Signal Handlers:
SIGSEGV: [libjvm.dylib+0x56059b], sa_mask[0]=0xfffefeff, sa_flags=0x00000043
SIGBUS: [libjvm.dylib+0x56059b], sa_mask[0]=0xfffefeff, sa_flags=0x00000042
SIGFPE: [libjvm.dylib+0x4438f2], sa_mask[0]=0xfffefeff, sa_flags=0x00000042
SIGPIPE: [libjvm.dylib+0x4438f2], sa_mask[0]=0xfffefeff, sa_flags=0x00000042
SIGXFSZ: [libjvm.dylib+0x4438f2], sa_mask[0]=0xfffefeff, sa_flags=0x00000042
SIGILL: [libjvm.dylib+0x4438f2], sa_mask[0]=0xfffefeff, sa_flags=0x00000042
SIGUSR1: SIG_DFL, sa_mask[0]=0x00000000, sa_flags=0x00000000
SIGUSR2: [libjvm.dylib+0x443410], sa_mask[0]=0x00000004, sa_flags=0x00000042
SIGHUP: [AudioToolbox+0xe0034], sa_mask[0]=0x00000000, sa_flags=0x00000002
SIGINT: [libjvm.dylib+0x44179b], sa_mask[0]=0xfffefeff, sa_flags=0x00000042
SIGTERM: [libjvm.dylib+0x44179b], sa_mask[0]=0xfffefeff, sa_flags=0x00000042
SIGQUIT: [libjvm.dylib+0x44179b], sa_mask[0]=0xfffefeff, sa_flags=0x00000042


---------------  S Y S T E M  ---------------

OS:Bsduname:Darwin 14.1.0 Darwin Kernel Version 14.1.0: Mon Dec 22 23:10:38 PST 2014; root:xnu-2782.10.72~2/RELEASE_X86_64 x86_64
rlimit: STACK 8192k, CORE 0k, NPROC 709, NOFILE 10240, AS infinity
load average:3.80 4.07 3.46

CPU:total 4 (2 cores per cpu, 2 threads per core) family 6 main.java.com.mule.Model 69 stepping 1, cmov, cx8, fxsr, mmx, sse, sse2, sse3, ssse3, sse4.1, sse4.2, popcnt, avx, avx2, aes, clmul, erms, ht, tsc, tscinvbit

Memory: 4k page, physical 16777216k(1869620k free)

/proc/meminfo:


vm_info: Java HotSpot(TM) 64-Bit Server VM (25.11-b03) for bsd-amd64 JRE (1.8.0_11-b12), built on Jun 16 2014 17:39:42 by "java_re" with gcc 4.2.1 (Based on Apple Inc. build 5658) (LLVM build 2336.11.00)

time: Mon Nov  2 22:19:03 2015
elapsed time: 109 seconds

