#
# A fatal error has been detected by the Java Runtime Environment:
#
#  SIGSEGV (0xb) at pc=0x00007fff8c5b0064, pid=26010, tid=1299
#
# JRE version: Java(TM) SE Runtime Environment (8.0_11-b12) (build 1.8.0_11-b12)
# Java VM: Java HotSpot(TM) 64-Bit Server VM (25.11-b03 mixed mode bsd-amd64 compressed oops)
# Problematic frame:
# C  [libobjc.A.dylib+0x9064]  objc_retain+0x14
#
# Failed to write core dump. Core dumps have been disabled. To enable core dumping, try "ulimit -c unlimited" before starting Java again
#
# If you would like to submit a bug report, please visit:
#   http://bugreport.sun.com/bugreport/crash.jsp
# The crash happened outside the Java Virtual Machine in native code.
# See problematic frame for where to report the bug.
#

---------------  T H R E A D  ---------------

Current thread (0x00007fbabd893800):  JavaThread "JavaFX Application Thread" [_thread_in_native, id=1299, stack(0x00007fff5dc84000,0x00007fff5e484000)]

siginfo:si_signo=SIGSEGV: si_errno=0, si_code=1 (SEGV_MAPERR), si_addr=0x0000000000000020

Registers:
RAX=0x0000000000000000, RBX=0x00007fbabe42dce0, RCX=0x00000000ffffffff, RDX=0x0000000000000050
RSP=0x00007fff5e47f558, RBP=0x00007fff5e47f570, RSI=0x00007fff8922696a, RDI=0x00007fbabe6acb10
R8 =0x0000000000000000, R9 =0x00007fbabe600000, R10=0x00007fbabe710f20, R11=0x00007fff789d4358
R12=0x0000000000000003, R13=0x00007fff8c5a80c0, R14=0x00007fff791e24f8, R15=0x00007fbabe6a7260
RIP=0x00007fff8c5b0064, EFLAGS=0x0000000000010246, ERR=0x0000000000000004
  TRAPNO=0x000000000000000e

Top of Stack: (sp=0x00007fff5e47f558)
0x00007fff5e47f558:   00007fff8c5b1656 00007fbabe419ba0
0x00007fff5e47f568:   00007fbabe42dc90 00007fff5e47f5b0
0x00007fff5e47f578:   00007fff88982d83 00007fff88982c11
0x00007fff5e47f588:   00007fbabe6ac2d0 0000000000000003
0x00007fff5e47f598:   00007fbabbf00188 00007fbabe69d850
0x00007fff5e47f5a8:   00007fff5e47f5f0 00007fff5e47f5d0
0x00007fff5e47f5b8:   00007fff88982c2e 00007fff88982c11
0x00007fff5e47f5c8:   00007fbabe69d840 00007fff5e47f5e0
0x00007fff5e47f5d8:   00007fff8d8e7da7 00007fff5e47f670
0x00007fff5e47f5e8:   00007fff8d8e7d00 00007fbabe69d840
0x00007fff5e47f5f8:   00007fbabe61e0e0 00007fbabe63bc00
0x00007fff5e47f608:   00007fff8d8e7be6 00007fff5e47f5f0
0x00007fff5e47f618:   00007fff5e47f610 00007fbabbf00150
0x00007fff5e47f628:   00007fbabbf002c0 00007fff5e47f5f0
0x00007fff5e47f638:   0000000000000002 02006980235b38f0
0x00007fff5e47f648:   0000000000000001 00007fff5e47f720
0x00007fff5e47f658:   0000000000001003 00007fbabbf002b0
0x00007fff5e47f668:   00007fbabbf00140 00007fff5e480350
0x00007fff5e47f678:   00007fff8d8d9e08 000000010320045f
0x00007fff5e47f688:   00000001251013a8 00007fff79491cf0
0x00007fff5e47f698:   0000000000000000 00007fbabbf00140
0x00007fff5e47f6a8:   000000016e2819f8 00007fbac0824560
0x00007fff5e47f6b8:   0000000100000001 00007fbabbf00150
0x00007fff5e47f6c8:   00007fbabbf002c0 41bbc58b00000001
0x00007fff5e47f6d8:   00017991a74469be 00001b03bbf21108
0x00007fff5e47f6e8:   422d2c3868e977e3 00001103bbf21040
0x00007fff5e47f6f8:   0000000000000000 000000005e47f6e9
0x00007fff5e47f708:   0000000000000000 0000000000000000
0x00007fff5e47f718:   ffffffffffffffff 0000001800001100
0x00007fff5e47f728:   00001b0300000000 0000004e00000000
0x00007fff5e47f738:   0000004400000000 000001f50000001a
0x00007fff5e47f748:   000001f500000014 00000014000001f5 

Instructions: (pc=0x00007fff8c5b0064)
0x00007fff8c5b0044:   5f 5d c3 90 90 90 90 90 90 90 90 90 31 c0 48 85
0x00007fff8c5b0054:   ff 74 09 40 f6 c7 01 74 04 48 89 f8 c3 48 8b 07
0x00007fff8c5b0064:   f6 40 20 02 74 05 e9 55 83 01 00 48 8d 05 62 1a
0x00007fff8c5b0074:   c3 ec 48 8b 30 e9 42 80 ff ff 90 90 90 90 90 90 

Register to memory mapping:

RAX=0x0000000000000000 is an unknown value
RBX=0x00007fbabe42dce0 is an unknown value
RCX=0x00000000ffffffff is an unknown value
RDX=0x0000000000000050 is an unknown value
RSP=0x00007fff5e47f558 is pointing into the stack for thread: 0x00007fbabd893800
RBP=0x00007fff5e47f570 is pointing into the stack for thread: 0x00007fbabd893800
RSI=0x00007fff8922696a: -[NSTitlebarContainerView shouldRoundCorners]+0xb258c in /System/Library/Frameworks/AppKit.framework/Versions/C/AppKit at 0x00007fff88800000
RDI=0x00007fbabe6acb10 is an unknown value
R8 =0x0000000000000000 is an unknown value
R9 =0x00007fbabe600000 is an unknown value
R10=0x00007fbabe710f20 is an unknown value
R11=0x00007fff789d4358: OBJC_CLASS_$__NSAutomaticFocusRingState+0 in /System/Library/Frameworks/AppKit.framework/Versions/C/AppKit at 0x00007fff88800000
R12=0x0000000000000003 is an unknown value
R13=0x00007fff8c5a80c0: objc_msgSend+0 in /usr/lib/libobjc.A.dylib at 0x00007fff8c5a7000
R14=0x00007fff791e24f8: _ZL13PropertyLocks+0x338 in /usr/lib/libobjc.A.dylib at 0x00007fff8c5a7000
R15=0x00007fbabe6a7260 is an unknown value


Stack: [0x00007fff5dc84000,0x00007fff5e484000],  sp=0x00007fff5e47f558,  free space=8173k
Native frames: (J=compiled Java code, j=interpreted, Vv=VM code, C=native code)
C  [libobjc.A.dylib+0x9064]  objc_retain+0x14
C  [AppKit+0x182d83]  +[_NSAutomaticFocusRing setActiveFirstResponderChanged]+0xe1
C  [AppKit+0x182c2e]  ___NSPostActiveFirstResponderChanged_block_invoke+0x1d
C  [CoreFoundation+0x7fda7]  __CFRUNLOOP_IS_CALLING_OUT_TO_AN_OBSERVER_CALLBACK_FUNCTION__+0x17
C  [CoreFoundation+0x7fd00]  __CFRunLoopDoObservers+0x170
C  [CoreFoundation+0x71e08]  __CFRunLoopRun+0x368
C  [CoreFoundation+0x71858]  CFRunLoopRunSpecific+0x128
C  [HIToolbox+0x2eaef]  RunCurrentEventLoopInMode+0xeb
C  [HIToolbox+0x2e86a]  ReceiveNextEventCommon+0x1af
C  [HIToolbox+0x2e6ab]  _BlockUntilNextEventMatchingListInModeWithFilter+0x47
C  [AppKit+0x23f81]  _DPSNextEvent+0x3c4
C  [AppKit+0x23730]  -[NSApplication nextEventMatchingMask:untilDate:inMode:dequeue:]+0xc2
C  [AppKit+0x17593]  -[NSApplication run]+0x252
C  [libglass.dylib+0xbf95]  -[GlassApplication runLoop:]+0x6a5
C  [Foundation+0x65cdc]  __NSThreadPerformPerform+0x125
C  [CoreFoundation+0x80681]  __CFRUNLOOP_IS_CALLING_OUT_TO_A_SOURCE0_PERFORM_FUNCTION__+0x11
C  [CoreFoundation+0x7280d]  __CFRunLoopDoSources0+0x10d
C  [CoreFoundation+0x71e3f]  __CFRunLoopRun+0x39f
C  [CoreFoundation+0x71858]  CFRunLoopRunSpecific+0x128
C  [java+0x56cb]  CreateExecutionEnvironment+0x367
C  [java+0x166c]  JLI_Launch+0x7a0
C  [java+0x7689]  main+0x65
C  [java+0xec4]  start+0x34


---------------  P R O C E S S  ---------------

Java Threads: ( => current thread )
  0x00007fbabd9c6800 JavaThread "Timer-2" daemon [_thread_blocked, id=36887, stack(0x0000000129371000,0x0000000129471000)]
  0x00007fbabc31a800 JavaThread "JFXMedia Player EventQueueThread" daemon [_thread_blocked, id=72739, stack(0x000000012926e000,0x000000012936e000)]
  0x00007fbabdb3f000 JavaThread "Timer-1" [_thread_blocked, id=71131, stack(0x0000000125eea000,0x0000000125fea000)]
  0x00007fbabc18d000 JavaThread "Timer-0" daemon [_thread_blocked, id=72195, stack(0x0000000127caf000,0x0000000127daf000)]
  0x00007fbabc9d3800 JavaThread "Media Resource Disposer" daemon [_thread_blocked, id=67075, stack(0x000000012711e000,0x000000012721e000)]
  0x00007fbabdaf6000 JavaThread "Prism Font Disposer" daemon [_thread_blocked, id=64291, stack(0x00000001258c2000,0x00000001259c2000)]
  0x00007fbabd8cf800 JavaThread "JFXMedia Player EventQueueThread" daemon [_thread_blocked, id=48647, stack(0x0000000123f7b000,0x000000012407b000)]
  0x00007fbabc063000 JavaThread "Thread-4" daemon [_thread_in_native, id=36103, stack(0x0000000122919000,0x0000000122999000)]
=>0x00007fbabd893800 JavaThread "JavaFX Application Thread" [_thread_in_native, id=1299, stack(0x00007fff5dc84000,0x00007fff5e484000)]
  0x00007fbabd133000 JavaThread "Thread-2" daemon [_thread_blocked, id=24595, stack(0x00000001204c7000,0x00000001205c7000)]
  0x00007fbabd87a800 JavaThread "QuantumRenderer-0" daemon [_thread_blocked, id=20483, stack(0x000000011fead000,0x000000011ffad000)]
  0x00007fbabc85e800 JavaThread "JavaFX-Launcher" [_thread_blocked, id=19971, stack(0x000000011fdaa000,0x000000011feaa000)]
  0x00007fbabd028000 JavaThread "Monitor Ctrl-Break" daemon [_thread_in_native, id=19459, stack(0x000000011fba3000,0x000000011fca3000)]
  0x00007fbabc83d800 JavaThread "Service Thread" daemon [_thread_blocked, id=18435, stack(0x000000011f84b000,0x000000011f94b000)]
  0x00007fbabd833800 JavaThread "C1 CompilerThread2" daemon [_thread_blocked, id=17923, stack(0x000000011f748000,0x000000011f848000)]
  0x00007fbabd833000 JavaThread "C2 CompilerThread1" daemon [_thread_blocked, id=17411, stack(0x000000011f645000,0x000000011f745000)]
  0x00007fbabd831000 JavaThread "C2 CompilerThread0" daemon [_thread_blocked, id=16899, stack(0x000000011f542000,0x000000011f642000)]
  0x00007fbabd83f000 JavaThread "Signal Dispatcher" daemon [_thread_blocked, id=15631, stack(0x000000011f43f000,0x000000011f53f000)]
  0x00007fbabd818000 JavaThread "Finalizer" daemon [_thread_blocked, id=12035, stack(0x000000011daf2000,0x000000011dbf2000)]
  0x00007fbabc824000 JavaThread "Reference Handler" daemon [_thread_blocked, id=11523, stack(0x000000011d9ef000,0x000000011daef000)]
  0x00007fbabc80f800 JavaThread "main" [_thread_blocked, id=3331, stack(0x000000010273c000,0x000000010283c000)]

Other Threads:
  0x00007fbabd000800 VMThread [stack: 0x000000011d8ec000,0x000000011d9ec000] [id=11011]
  0x00007fbabc840000 WatcherThread [stack: 0x000000011f94e000,0x000000011fa4e000] [id=18947]

VM state:not at safepoint (normal execution)

VM Mutex/Monitor currently owned by a thread: None

Heap:
 PSYoungGen      total 55808K, used 31308K [0x000000076ab00000, 0x000000076eb00000, 0x00000007c0000000)
  eden space 49152K, 50% used [0x000000076ab00000,0x000000076c31a150,0x000000076db00000)
  from space 6656K, 99% used [0x000000076e280000,0x000000076e8f9268,0x000000076e900000)
  to   space 7680K, 0% used [0x000000076db00000,0x000000076db00000,0x000000076e280000)
 ParOldGen       total 260608K, used 55916K [0x00000006c0000000, 0x00000006cfe80000, 0x000000076ab00000)
  object space 260608K, 21% used [0x00000006c0000000,0x00000006c369b328,0x00000006cfe80000)
 Metaspace       used 18974K, capacity 19192K, committed 19456K, reserved 1067008K
  class space    used 2723K, capacity 2803K, committed 2816K, reserved 1048576K

Card table byte_map: [0x00000001125c0000,0x0000000112dc1000] byte_map_base: 0x000000010efc0000

Marking Bits: (ParMarkBitMap*) 0x00000001020e10a0
 Begin Bits: [0x0000000113620000, 0x0000000117620000)
 End Bits:   [0x0000000117620000, 0x000000011b620000)

Polling page: 0x0000000102880000

CodeCache: size=245760Kb used=9965Kb max_used=10675Kb free=235794Kb
 bounds [0x0000000103200000, 0x0000000103c90000, 0x0000000112200000]
 total_blobs=3900 nmethods=3235 adapters=579
 compilation: enabled

Compilation events (10 events):
Event: 70.235 Thread 0x00007fbabd833800 3605       3       com.sun.javafx.text.TextRun::getAscent (5 bytes)
Event: 70.236 Thread 0x00007fbabd833800 nmethod 3605 0x0000000103784650 code [0x00000001037847a0, 0x00000001037848f0]
Event: 70.236 Thread 0x00007fbabd833800 3604       3       javafx.scene.control.Labeled::getGraphicTextGap (24 bytes)
Event: 70.236 Thread 0x00007fbabd833800 nmethod 3604 0x0000000103473650 code [0x0000000103473820, 0x0000000103473d08]
Event: 70.243 Thread 0x00007fbabd833800 3606       3       javafx.scene.CssStyleHelper::getFontPosture (36 bytes)
Event: 70.243 Thread 0x00007fbabd833800 nmethod 3606 0x000000010334f610 code [0x000000010334f7c0, 0x000000010334fed8]
Event: 70.243 Thread 0x00007fbabd833800 3607       3       com.sun.javafx.sg.prism.NGGroup::clearFrom (51 bytes)
Event: 70.244 Thread 0x00007fbabd833800 nmethod 3607 0x00000001034354d0 code [0x0000000103435700, 0x0000000103436628]
Event: 70.244 Thread 0x00007fbabd833800 3608       3       com.sun.prism.impl.BaseGraphics::scale (28 bytes)
Event: 70.244 Thread 0x00007fbabd833800 nmethod 3608 0x0000000103659ad0 code [0x0000000103659ca0, 0x000000010365a048]

GC Heap History (10 events):
Event: 1.410 GC heap before
{Heap before GC invocations=12 (full 0):
 PSYoungGen      total 14848K, used 13664K [0x000000076ab00000, 0x000000076c380000, 0x00000007c0000000)
  eden space 12288K, 100% used [0x000000076ab00000,0x000000076b700000,0x000000076b700000)
  from space 2560K, 53% used [0x000000076b700000,0x000000076b858010,0x000000076b980000)
  to   space 2560K, 0% used [0x000000076c100000,0x000000076c100000,0x000000076c380000)
 ParOldGen       total 260608K, used 29358K [0x00000006c0000000, 0x00000006cfe80000, 0x000000076ab00000)
  object space 260608K, 11% used [0x00000006c0000000,0x00000006c1cab870,0x00000006cfe80000)
 Metaspace       used 11095K, capacity 11212K, committed 11520K, reserved 1058816K
  class space    used 1459K, capacity 1499K, committed 1536K, reserved 1048576K
Event: 1.416 GC heap after
Heap after GC invocations=12 (full 0):
 PSYoungGen      total 22528K, used 160K [0x000000076ab00000, 0x000000076c380000, 0x00000007c0000000)
  eden space 19968K, 0% used [0x000000076ab00000,0x000000076ab00000,0x000000076be80000)
  from space 2560K, 6% used [0x000000076c100000,0x000000076c128000,0x000000076c380000)
  to   space 2560K, 0% used [0x000000076be80000,0x000000076be80000,0x000000076c100000)
 ParOldGen       total 260608K, used 39614K [0x00000006c0000000, 0x00000006cfe80000, 0x000000076ab00000)
  object space 260608K, 15% used [0x00000006c0000000,0x00000006c26af890,0x00000006cfe80000)
 Metaspace       used 11095K, capacity 11212K, committed 11520K, reserved 1058816K
  class space    used 1459K, capacity 1499K, committed 1536K, reserved 1048576K
}
Event: 1.633 GC heap before
{Heap before GC invocations=13 (full 0):
 PSYoungGen      total 22528K, used 20128K [0x000000076ab00000, 0x000000076c380000, 0x00000007c0000000)
  eden space 19968K, 100% used [0x000000076ab00000,0x000000076be80000,0x000000076be80000)
  from space 2560K, 6% used [0x000000076c100000,0x000000076c128000,0x000000076c380000)
  to   space 2560K, 0% used [0x000000076be80000,0x000000076be80000,0x000000076c100000)
 ParOldGen       total 260608K, used 39614K [0x00000006c0000000, 0x00000006cfe80000, 0x000000076ab00000)
  object space 260608K, 15% used [0x00000006c0000000,0x00000006c26af890,0x00000006cfe80000)
 Metaspace       used 12141K, capacity 12336K, committed 12544K, reserved 1060864K
  class space    used 1706K, capacity 1761K, committed 1792K, reserved 1048576K
Event: 1.638 GC heap after
Heap after GC invocations=13 (full 0):
 PSYoungGen      total 22528K, used 2532K [0x000000076ab00000, 0x000000076d480000, 0x00000007c0000000)
  eden space 19968K, 0% used [0x000000076ab00000,0x000000076ab00000,0x000000076be80000)
  from space 2560K, 98% used [0x000000076be80000,0x000000076c0f9220,0x000000076c100000)
  to   space 5120K, 0% used [0x000000076cf80000,0x000000076cf80000,0x000000076d480000)
 ParOldGen       total 260608K, used 46101K [0x00000006c0000000, 0x00000006cfe80000, 0x000000076ab00000)
  object space 260608K, 17% used [0x00000006c0000000,0x00000006c2d054f0,0x00000006cfe80000)
 Metaspace       used 12141K, capacity 12336K, committed 12544K, reserved 1060864K
  class space    used 1706K, capacity 1761K, committed 1792K, reserved 1048576K
}
Event: 1.827 GC heap before
{Heap before GC invocations=14 (full 0):
 PSYoungGen      total 22528K, used 22500K [0x000000076ab00000, 0x000000076d480000, 0x00000007c0000000)
  eden space 19968K, 100% used [0x000000076ab00000,0x000000076be80000,0x000000076be80000)
  from space 2560K, 98% used [0x000000076be80000,0x000000076c0f9220,0x000000076c100000)
  to   space 5120K, 0% used [0x000000076cf80000,0x000000076cf80000,0x000000076d480000)
 ParOldGen       total 260608K, used 46101K [0x00000006c0000000, 0x00000006cfe80000, 0x000000076ab00000)
  object space 260608K, 17% used [0x00000006c0000000,0x00000006c2d054f0,0x00000006cfe80000)
 Metaspace       used 12548K, capacity 12704K, committed 12928K, reserved 1060864K
  class space    used 1774K, capacity 1833K, committed 1920K, reserved 1048576K
Event: 1.835 GC heap after
Heap after GC invocations=14 (full 0):
 PSYoungGen      total 36352K, used 4410K [0x000000076ab00000, 0x000000076d680000, 0x00000007c0000000)
  eden space 31232K, 0% used [0x000000076ab00000,0x000000076ab00000,0x000000076c980000)
  from space 5120K, 86% used [0x000000076cf80000,0x000000076d3ce870,0x000000076d480000)
  to   space 6144K, 0% used [0x000000076c980000,0x000000076c980000,0x000000076cf80000)
 ParOldGen       total 260608K, used 48625K [0x00000006c0000000, 0x00000006cfe80000, 0x000000076ab00000)
  object space 260608K, 18% used [0x00000006c0000000,0x00000006c2f7c720,0x00000006cfe80000)
 Metaspace       used 12548K, capacity 12704K, committed 12928K, reserved 1060864K
  class space    used 1774K, capacity 1833K, committed 1920K, reserved 1048576K
}
Event: 7.738 GC heap before
{Heap before GC invocations=15 (full 0):
 PSYoungGen      total 36352K, used 35642K [0x000000076ab00000, 0x000000076d680000, 0x00000007c0000000)
  eden space 31232K, 100% used [0x000000076ab00000,0x000000076c980000,0x000000076c980000)
  from space 5120K, 86% used [0x000000076cf80000,0x000000076d3ce870,0x000000076d480000)
  to   space 6144K, 0% used [0x000000076c980000,0x000000076c980000,0x000000076cf80000)
 ParOldGen       total 260608K, used 48625K [0x00000006c0000000, 0x00000006cfe80000, 0x000000076ab00000)
  object space 260608K, 18% used [0x00000006c0000000,0x00000006c2f7c720,0x00000006cfe80000)
 Metaspace       used 16523K, capacity 16788K, committed 17024K, reserved 1064960K
  class space    used 2331K, capacity 2413K, committed 2432K, reserved 1048576K
Event: 7.744 GC heap after
Heap after GC invocations=15 (full 0):
 PSYoungGen      total 37376K, used 5047K [0x000000076ab00000, 0x000000076e900000, 0x00000007c0000000)
  eden space 31232K, 0% used [0x000000076ab00000,0x000000076ab00000,0x000000076c980000)
  from space 6144K, 82% used [0x000000076c980000,0x000000076ce6de50,0x000000076cf80000)
  to   space 6656K, 0% used [0x000000076e280000,0x000000076e280000,0x000000076e900000)
 ParOldGen       total 260608K, used 52939K [0x00000006c0000000, 0x00000006cfe80000, 0x000000076ab00000)
  object space 260608K, 20% used [0x00000006c0000000,0x00000006c33b2fc0,0x00000006cfe80000)
 Metaspace       used 16523K, capacity 16788K, committed 17024K, reserved 1064960K
  class space    used 2331K, capacity 2413K, committed 2432K, reserved 1048576K
}
Event: 26.338 GC heap before
{Heap before GC invocations=16 (full 0):
 PSYoungGen      total 37376K, used 35134K [0x000000076ab00000, 0x000000076e900000, 0x00000007c0000000)
  eden space 31232K, 96% used [0x000000076ab00000,0x000000076c861d98,0x000000076c980000)
  from space 6144K, 82% used [0x000000076c980000,0x000000076ce6de50,0x000000076cf80000)
  to   space 6656K, 0% used [0x000000076e280000,0x000000076e280000,0x000000076e900000)
 ParOldGen       total 260608K, used 52939K [0x00000006c0000000, 0x00000006cfe80000, 0x000000076ab00000)
  object space 260608K, 20% used [0x00000006c0000000,0x00000006c33b2fc0,0x00000006cfe80000)
 Metaspace       used 18912K, capacity 19192K, committed 19456K, reserved 1067008K
  class space    used 2722K, capacity 2803K, committed 2816K, reserved 1048576K
Event: 26.353 GC heap after
Heap after GC invocations=16 (full 0):
 PSYoungGen      total 55808K, used 6628K [0x000000076ab00000, 0x000000076eb00000, 0x00000007c0000000)
  eden space 49152K, 0% used [0x000000076ab00000,0x000000076ab00000,0x000000076db00000)
  from space 6656K, 99% used [0x000000076e280000,0x000000076e8f9268,0x000000076e900000)
  to   space 7680K, 0% used [0x000000076db00000,0x000000076db00000,0x000000076e280000)
 ParOldGen       total 260608K, used 55916K [0x00000006c0000000, 0x00000006cfe80000, 0x000000076ab00000)
  object space 260608K, 21% used [0x00000006c0000000,0x00000006c369b328,0x00000006cfe80000)
 Metaspace       used 18912K, capacity 19192K, committed 19456K, reserved 1067008K
  class space    used 2722K, capacity 2803K, committed 2816K, reserved 1048576K
}

Deoptimization events (10 events):
Event: 21.491 Thread 0x00007fbabd893800 Uncommon trap: reason=bimorphic action=maybe_recompile pc=0x0000000103bf0680 method=javafx.scene.Node.impl_pickNode(Lcom/sun/javafx/geom/PickRay;Lcom/sun/javafx/scene/input/PickResultChooser;)V @ 82
Event: 21.491 Thread 0x00007fbabd893800 Uncommon trap: reason=bimorphic action=maybe_recompile pc=0x0000000103bf0680 method=javafx.scene.Node.impl_pickNode(Lcom/sun/javafx/geom/PickRay;Lcom/sun/javafx/scene/input/PickResultChooser;)V @ 82
Event: 21.806 Thread 0x00007fbabd893800 Uncommon trap: reason=bimorphic action=maybe_recompile pc=0x0000000103c257a0 method=javafx.scene.Node.impl_pickNode(Lcom/sun/javafx/geom/PickRay;Lcom/sun/javafx/scene/input/PickResultChooser;)V @ 82
Event: 26.272 Thread 0x00007fbabc063800 Uncommon trap: reason=unreached action=reinterpret pc=0x00000001033d9840 method=com.sun.media.jfxmediaimpl.MetadataParserImpl.getNextByte()B @ 19
Event: 26.294 Thread 0x00007fbabd893800 Uncommon trap: reason=class_check action=maybe_recompile pc=0x0000000103bb536c method=javafx.scene.Node.isVisible()Z @ 15
Event: 26.294 Thread 0x00007fbabd893800 Uncommon trap: reason=class_check action=maybe_recompile pc=0x0000000103b22ed4 method=javafx.scene.Node.isVisible()Z @ 15
Event: 26.294 Thread 0x00007fbabd893800 Uncommon trap: reason=class_check action=maybe_recompile pc=0x0000000103bb536c method=javafx.scene.Node.isVisible()Z @ 15
Event: 26.297 Thread 0x00007fbabd893800 Uncommon trap: reason=class_check action=maybe_recompile pc=0x0000000103bb536c method=javafx.scene.Node.isVisible()Z @ 15
Event: 26.297 Thread 0x00007fbabd893800 Uncommon trap: reason=class_check action=maybe_recompile pc=0x0000000103b22ed4 method=javafx.scene.Node.isVisible()Z @ 15
Event: 26.379 Thread 0x00007fbabd893800 Uncommon trap: reason=unreached action=reinterpret pc=0x0000000103871698 method=java.util.WeakHashMap.expungeStaleEntries()V @ 66

Internal exceptions (10 events):
Event: 70.225 Thread 0x00007fbabd893800 Exception <a 'java/security/PrivilegedActionException'> (0x000000076c1f08c0) thrown at [/HUDSON3/workspace/8-2-build-macosx-x86_64/jdk8u11/648/hotspot/src/share/vm/prims/jvm.cpp, line 1248]
Event: 70.225 Thread 0x00007fbabd893800 Exception <a 'java/security/PrivilegedActionException'> (0x000000076c1f2758) thrown at [/HUDSON3/workspace/8-2-build-macosx-x86_64/jdk8u11/648/hotspot/src/share/vm/prims/jvm.cpp, line 1248]
Event: 70.226 Thread 0x00007fbabd893800 Exception <a 'java/security/PrivilegedActionException'> (0x000000076c1f64a8) thrown at [/HUDSON3/workspace/8-2-build-macosx-x86_64/jdk8u11/648/hotspot/src/share/vm/prims/jvm.cpp, line 1248]
Event: 70.226 Thread 0x00007fbabd893800 Exception <a 'java/security/PrivilegedActionException'> (0x000000076c1f8278) thrown at [/HUDSON3/workspace/8-2-build-macosx-x86_64/jdk8u11/648/hotspot/src/share/vm/prims/jvm.cpp, line 1248]
Event: 70.226 Thread 0x00007fbabd893800 Exception <a 'java/security/PrivilegedActionException'> (0x000000076c211c58) thrown at [/HUDSON3/workspace/8-2-build-macosx-x86_64/jdk8u11/648/hotspot/src/share/vm/prims/jvm.cpp, line 1248]
Event: 70.226 Thread 0x00007fbabd893800 Exception <a 'java/security/PrivilegedActionException'> (0x000000076c22c5b0) thrown at [/HUDSON3/workspace/8-2-build-macosx-x86_64/jdk8u11/648/hotspot/src/share/vm/prims/jvm.cpp, line 1248]
Event: 70.227 Thread 0x00007fbabd893800 Exception <a 'java/security/PrivilegedActionException'> (0x000000076c246908) thrown at [/HUDSON3/workspace/8-2-build-macosx-x86_64/jdk8u11/648/hotspot/src/share/vm/prims/jvm.cpp, line 1248]
Event: 70.227 Thread 0x00007fbabd893800 Exception <a 'java/security/PrivilegedActionException'> (0x000000076c261be8) thrown at [/HUDSON3/workspace/8-2-build-macosx-x86_64/jdk8u11/648/hotspot/src/share/vm/prims/jvm.cpp, line 1248]
Event: 70.227 Thread 0x00007fbabd893800 Exception <a 'java/security/PrivilegedActionException'> (0x000000076c265668) thrown at [/HUDSON3/workspace/8-2-build-macosx-x86_64/jdk8u11/648/hotspot/src/share/vm/prims/jvm.cpp, line 1248]
Event: 70.227 Thread 0x00007fbabd893800 Exception <a 'java/security/PrivilegedActionException'> (0x000000076c2675a0) thrown at [/HUDSON3/workspace/8-2-build-macosx-x86_64/jdk8u11/648/hotspot/src/share/vm/prims/jvm.cpp, line 1248]

Events (10 events):
Event: 70.226 loading class javafx/scene/control/Font
Event: 70.226 loading class javafx/scene/control/Font done
Event: 70.226 loading class javafx/scene/layout/Font
Event: 70.226 loading class javafx/scene/layout/Font done
Event: 70.227 loading class java/lang/Button
Event: 70.227 loading class java/lang/Button done
Event: 70.234 Executing VM operation: RevokeBias
Event: 70.234 Executing VM operation: RevokeBias done
Event: 70.245 Executing VM operation: RevokeBias
Event: 70.245 Executing VM operation: RevokeBias done


Dynamic libraries:
0x0000000008759000 	/System/Library/Frameworks/Cocoa.framework/Versions/A/Cocoa
0x0000000008759000 	/System/Library/Frameworks/Security.framework/Versions/A/Security
0x0000000008759000 	/System/Library/Frameworks/ApplicationServices.framework/Versions/A/ApplicationServices
0x0000000008759000 	/usr/lib/libz.1.dylib
0x0000000008759000 	/usr/lib/libSystem.B.dylib
0x0000000008759000 	/usr/lib/libobjc.A.dylib
0x0000000008759000 	/System/Library/Frameworks/CoreFoundation.framework/Versions/A/CoreFoundation
0x0000000008759000 	/System/Library/Frameworks/Foundation.framework/Versions/C/Foundation
0x0000000008759000 	/System/Library/Frameworks/AppKit.framework/Versions/C/AppKit
0x0000000008759000 	/System/Library/Frameworks/CoreData.framework/Versions/A/CoreData
0x0000000008759000 	/System/Library/PrivateFrameworks/RemoteViewServices.framework/Versions/A/RemoteViewServices
0x0000000008759000 	/System/Library/PrivateFrameworks/UIFoundation.framework/Versions/A/UIFoundation
0x0000000008759000 	/System/Library/Frameworks/IOSurface.framework/Versions/A/IOSurface
0x0000000008759000 	/System/Library/Frameworks/AudioToolbox.framework/Versions/A/AudioToolbox
0x0000000008759000 	/System/Library/Frameworks/AudioUnit.framework/Versions/A/AudioUnit
0x0000000008759000 	/System/Library/PrivateFrameworks/DataDetectorsCore.framework/Versions/A/DataDetectorsCore
0x0000000008759000 	/System/Library/PrivateFrameworks/DesktopServicesPriv.framework/Versions/A/DesktopServicesPriv
0x0000000008759000 	/System/Library/Frameworks/Carbon.framework/Versions/A/Frameworks/HIToolbox.framework/Versions/A/HIToolbox
0x0000000008759000 	/System/Library/Frameworks/QuartzCore.framework/Versions/A/QuartzCore
0x0000000008759000 	/System/Library/Frameworks/Carbon.framework/Versions/A/Frameworks/SpeechRecognition.framework/Versions/A/SpeechRecognition
0x0000000008759000 	/usr/lib/libauto.dylib
0x0000000008759000 	/usr/lib/libicucore.A.dylib
0x0000000008759000 	/usr/lib/libxml2.2.dylib
0x0000000008759000 	/System/Library/PrivateFrameworks/CoreUI.framework/Versions/A/CoreUI
0x0000000008759000 	/System/Library/Frameworks/CoreAudio.framework/Versions/A/CoreAudio
0x0000000008759000 	/System/Library/Frameworks/DiskArbitration.framework/Versions/A/DiskArbitration
0x0000000008759000 	/usr/lib/liblangid.dylib
0x0000000008759000 	/System/Library/PrivateFrameworks/MultitouchSupport.framework/Versions/A/MultitouchSupport
0x0000000008759000 	/System/Library/Frameworks/IOKit.framework/Versions/A/IOKit
0x0000000008759000 	/usr/lib/libDiagnosticMessagesClient.dylib
0x0000000008759000 	/System/Library/Frameworks/CoreServices.framework/Versions/A/CoreServices
0x0000000008759000 	/System/Library/PrivateFrameworks/PerformanceAnalysis.framework/Versions/A/PerformanceAnalysis
0x0000000008759000 	/System/Library/PrivateFrameworks/GenerationalStorage.framework/Versions/A/GenerationalStorage
0x0000000008759000 	/System/Library/Frameworks/OpenGL.framework/Versions/A/OpenGL
0x0000000008759000 	/System/Library/PrivateFrameworks/Sharing.framework/Versions/A/Sharing
0x0000000008759000 	/System/Library/Frameworks/CoreGraphics.framework/Versions/A/CoreGraphics
0x0000000008759000 	/System/Library/Frameworks/CoreText.framework/Versions/A/CoreText
0x0000000008759000 	/System/Library/Frameworks/ImageIO.framework/Versions/A/ImageIO
0x0000000008759000 	/usr/lib/libextension.dylib
0x0000000008759000 	/System/Library/PrivateFrameworks/Backup.framework/Versions/A/Backup
0x0000000008759000 	/usr/lib/libarchive.2.dylib
0x0000000008759000 	/System/Library/Frameworks/CFNetwork.framework/Versions/A/CFNetwork
0x0000000008759000 	/System/Library/Frameworks/SystemConfiguration.framework/Versions/A/SystemConfiguration
0x0000000008759000 	/usr/lib/libCRFSuite.dylib
0x0000000008759000 	/usr/lib/libc++.1.dylib
0x0000000008759000 	/usr/lib/libc++abi.dylib
0x0000000008759000 	/usr/lib/system/libcache.dylib
0x0000000008759000 	/usr/lib/system/libcommonCrypto.dylib
0x0000000008759000 	/usr/lib/system/libcompiler_rt.dylib
0x0000000008759000 	/usr/lib/system/libcopyfile.dylib
0x0000000008759000 	/usr/lib/system/libcorecrypto.dylib
0x0000000008759000 	/usr/lib/system/libdispatch.dylib
0x0000000008759000 	/usr/lib/system/libdyld.dylib
0x0000000008759000 	/usr/lib/system/libkeymgr.dylib
0x0000000008759000 	/usr/lib/system/liblaunch.dylib
0x0000000008759000 	/usr/lib/system/libmacho.dylib
0x0000000008759000 	/usr/lib/system/libquarantine.dylib
0x0000000008759000 	/usr/lib/system/libremovefile.dylib
0x0000000008759000 	/usr/lib/system/libsystem_asl.dylib
0x0000000008759000 	/usr/lib/system/libsystem_blocks.dylib
0x0000000008759000 	/usr/lib/system/libsystem_c.dylib
0x0000000008759000 	/usr/lib/system/libsystem_configuration.dylib
0x0000000008759000 	/usr/lib/system/libsystem_coreservices.dylib
0x0000000008759000 	/usr/lib/system/libsystem_coretls.dylib
0x0000000008759000 	/usr/lib/system/libsystem_dnssd.dylib
0x0000000008759000 	/usr/lib/system/libsystem_info.dylib
0x0000000008759000 	/usr/lib/system/libsystem_kernel.dylib
0x0000000008759000 	/usr/lib/system/libsystem_m.dylib
0x0000000008759000 	/usr/lib/system/libsystem_malloc.dylib
0x0000000008759000 	/usr/lib/system/libsystem_network.dylib
0x0000000008759000 	/usr/lib/system/libsystem_networkextension.dylib
0x0000000008759000 	/usr/lib/system/libsystem_notify.dylib
0x0000000008759000 	/usr/lib/system/libsystem_platform.dylib
0x0000000008759000 	/usr/lib/system/libsystem_pthread.dylib
0x0000000008759000 	/usr/lib/system/libsystem_sandbox.dylib
0x0000000008759000 	/usr/lib/system/libsystem_secinit.dylib
0x0000000008759000 	/usr/lib/system/libsystem_stats.dylib
0x0000000008759000 	/usr/lib/system/libsystem_trace.dylib
0x0000000008759000 	/usr/lib/system/libunc.dylib
0x0000000008759000 	/usr/lib/system/libunwind.dylib
0x0000000008759000 	/usr/lib/system/libxpc.dylib
0x0000000008759000 	/usr/lib/libbz2.1.0.dylib
0x0000000008759000 	/usr/lib/liblzma.5.dylib
0x0000000008759000 	/usr/lib/libbsm.0.dylib
0x0000000008759000 	/usr/lib/libsqlite3.dylib
0x0000000008759000 	/usr/lib/system/libkxld.dylib
0x0000000008759000 	/usr/lib/libxar.1.dylib
0x0000000008759000 	/usr/lib/libpam.2.dylib
0x0000000008759000 	/usr/lib/libOpenScriptingUtil.dylib
0x0000000008759000 	/System/Library/Frameworks/CoreServices.framework/Versions/A/Frameworks/FSEvents.framework/Versions/A/FSEvents
0x0000000008759000 	/System/Library/Frameworks/CoreServices.framework/Versions/A/Frameworks/CarbonCore.framework/Versions/A/CarbonCore
0x0000000008759000 	/System/Library/Frameworks/CoreServices.framework/Versions/A/Frameworks/Metadata.framework/Versions/A/Metadata
0x0000000008759000 	/System/Library/Frameworks/CoreServices.framework/Versions/A/Frameworks/OSServices.framework/Versions/A/OSServices
0x0000000008759000 	/System/Library/Frameworks/CoreServices.framework/Versions/A/Frameworks/SearchKit.framework/Versions/A/SearchKit
0x0000000008759000 	/System/Library/Frameworks/CoreServices.framework/Versions/A/Frameworks/AE.framework/Versions/A/AE
0x0000000008759000 	/System/Library/Frameworks/CoreServices.framework/Versions/A/Frameworks/LaunchServices.framework/Versions/A/LaunchServices
0x0000000008759000 	/System/Library/Frameworks/CoreServices.framework/Versions/A/Frameworks/DictionaryServices.framework/Versions/A/DictionaryServices
0x0000000008759000 	/System/Library/Frameworks/NetFS.framework/Versions/A/NetFS
0x0000000008759000 	/System/Library/PrivateFrameworks/NetAuth.framework/Versions/A/NetAuth
0x0000000008759000 	/System/Library/PrivateFrameworks/login.framework/Versions/A/Frameworks/loginsupport.framework/Versions/A/loginsupport
0x0000000008759000 	/System/Library/PrivateFrameworks/TCC.framework/Versions/A/TCC
0x0000000008759000 	/usr/lib/libmecabra.dylib
0x0000000008759000 	/System/Library/Frameworks/ApplicationServices.framework/Versions/A/Frameworks/ATS.framework/Versions/A/ATS
0x0000000008759000 	/System/Library/Frameworks/ApplicationServices.framework/Versions/A/Frameworks/ColorSync.framework/Versions/A/ColorSync
0x0000000008759000 	/System/Library/Frameworks/ApplicationServices.framework/Versions/A/Frameworks/HIServices.framework/Versions/A/HIServices
0x0000000008759000 	/System/Library/Frameworks/ApplicationServices.framework/Versions/A/Frameworks/LangAnalysis.framework/Versions/A/LangAnalysis
0x0000000008759000 	/System/Library/Frameworks/ApplicationServices.framework/Versions/A/Frameworks/PrintCore.framework/Versions/A/PrintCore
0x0000000008759000 	/System/Library/Frameworks/ApplicationServices.framework/Versions/A/Frameworks/QD.framework/Versions/A/QD
0x0000000008759000 	/System/Library/Frameworks/ApplicationServices.framework/Versions/A/Frameworks/SpeechSynthesis.framework/Versions/A/SpeechSynthesis
0x0000000008759000 	/System/Library/Frameworks/Accelerate.framework/Versions/A/Accelerate
0x0000000008759000 	/System/Library/Frameworks/Accelerate.framework/Versions/A/Frameworks/vImage.framework/Versions/A/vImage
0x0000000008759000 	/System/Library/Frameworks/Accelerate.framework/Versions/A/Frameworks/vecLib.framework/Versions/A/vecLib
0x0000000008759000 	/System/Library/Frameworks/Accelerate.framework/Versions/A/Frameworks/vecLib.framework/Versions/A/libvDSP.dylib
0x0000000008759000 	/System/Library/Frameworks/Accelerate.framework/Versions/A/Frameworks/vecLib.framework/Versions/A/libvMisc.dylib
0x0000000008759000 	/System/Library/Frameworks/Accelerate.framework/Versions/A/Frameworks/vecLib.framework/Versions/A/libLAPACK.dylib
0x0000000008759000 	/System/Library/Frameworks/Accelerate.framework/Versions/A/Frameworks/vecLib.framework/Versions/A/libBLAS.dylib
0x0000000008759000 	/System/Library/Frameworks/Accelerate.framework/Versions/A/Frameworks/vecLib.framework/Versions/A/libLinearAlgebra.dylib
0x0000000008759000 	/System/Library/Frameworks/ApplicationServices.framework/Versions/A/Frameworks/ATS.framework/Versions/A/Resources/libFontParser.dylib
0x0000000008759000 	/System/Library/Frameworks/ApplicationServices.framework/Versions/A/Frameworks/ATS.framework/Versions/A/Resources/libFontRegistry.dylib
0x0000000008759000 	/System/Library/PrivateFrameworks/AppleVPA.framework/Versions/A/AppleVPA
0x0000000008759000 	/System/Library/PrivateFrameworks/AppleJPEG.framework/Versions/A/AppleJPEG
0x0000000008759000 	/System/Library/Frameworks/ImageIO.framework/Versions/A/Resources/libJPEG.dylib
0x0000000008759000 	/System/Library/Frameworks/ImageIO.framework/Versions/A/Resources/libTIFF.dylib
0x0000000008759000 	/System/Library/Frameworks/ImageIO.framework/Versions/A/Resources/libPng.dylib
0x0000000008759000 	/System/Library/Frameworks/ImageIO.framework/Versions/A/Resources/libGIF.dylib
0x0000000008759000 	/System/Library/Frameworks/ImageIO.framework/Versions/A/Resources/libJP2.dylib
0x0000000008759000 	/System/Library/Frameworks/ImageIO.framework/Versions/A/Resources/libRadiance.dylib
0x0000000008759000 	/System/Library/Frameworks/CoreVideo.framework/Versions/A/CoreVideo
0x0000000008759000 	/System/Library/Frameworks/OpenGL.framework/Versions/A/Libraries/libGLU.dylib
0x0000000008759000 	/System/Library/Frameworks/OpenGL.framework/Versions/A/Libraries/libGFXShared.dylib
0x0000000008759000 	/System/Library/Frameworks/OpenGL.framework/Versions/A/Libraries/libGL.dylib
0x0000000008759000 	/System/Library/Frameworks/OpenGL.framework/Versions/A/Libraries/libGLImage.dylib
0x0000000008759000 	/System/Library/Frameworks/OpenGL.framework/Versions/A/Libraries/libCVMSPluginSupport.dylib
0x0000000008759000 	/System/Library/Frameworks/OpenGL.framework/Versions/A/Libraries/libCoreVMClient.dylib
0x0000000008759000 	/usr/lib/libcups.2.dylib
0x0000000008759000 	/System/Library/Frameworks/Kerberos.framework/Versions/A/Kerberos
0x0000000008759000 	/System/Library/Frameworks/GSS.framework/Versions/A/GSS
0x0000000008759000 	/usr/lib/libresolv.9.dylib
0x0000000008759000 	/usr/lib/libiconv.2.dylib
0x0000000008759000 	/System/Library/PrivateFrameworks/Heimdal.framework/Versions/A/Heimdal
0x0000000008759000 	/usr/lib/libheimdal-asn1.dylib
0x0000000008759000 	/System/Library/Frameworks/OpenDirectory.framework/Versions/A/OpenDirectory
0x0000000008759000 	/System/Library/PrivateFrameworks/CommonAuth.framework/Versions/A/CommonAuth
0x0000000008759000 	/System/Library/Frameworks/OpenDirectory.framework/Versions/A/Frameworks/CFOpenDirectory.framework/Versions/A/CFOpenDirectory
0x0000000008759000 	/System/Library/Frameworks/SecurityFoundation.framework/Versions/A/SecurityFoundation
0x0000000008759000 	/System/Library/PrivateFrameworks/LanguageModeling.framework/Versions/A/LanguageModeling
0x0000000008759000 	/usr/lib/libcmph.dylib
0x0000000008759000 	/System/Library/Frameworks/ServiceManagement.framework/Versions/A/ServiceManagement
0x0000000008759000 	/usr/lib/libxslt.1.dylib
0x0000000008759000 	/System/Library/Frameworks/Carbon.framework/Versions/A/Frameworks/Ink.framework/Versions/A/Ink
0x0000000008759000 	/System/Library/Frameworks/QuartzCore.framework/Versions/A/Frameworks/CoreImage.framework/Versions/A/CoreImage
0x0000000008759000 	/System/Library/PrivateFrameworks/CrashReporterSupport.framework/Versions/A/CrashReporterSupport
0x0000000008759000 	/System/Library/Frameworks/OpenCL.framework/Versions/A/OpenCL
0x0000000008759000 	/System/Library/PrivateFrameworks/FaceCore.framework/Versions/A/FaceCore
0x0000000008759000 	/System/Library/PrivateFrameworks/Ubiquity.framework/Versions/A/Ubiquity
0x0000000008759000 	/System/Library/PrivateFrameworks/IconServices.framework/Versions/A/IconServices
0x0000000008759000 	/System/Library/PrivateFrameworks/ChunkingLibrary.framework/Versions/A/ChunkingLibrary
0x0000000008759000 	/System/Library/PrivateFrameworks/Apple80211.framework/Versions/A/Apple80211
0x0000000008759000 	/System/Library/Frameworks/CoreWLAN.framework/Versions/A/CoreWLAN
0x0000000008759000 	/System/Library/Frameworks/IOBluetooth.framework/Versions/A/IOBluetooth
0x0000000008759000 	/System/Library/PrivateFrameworks/CoreWiFi.framework/Versions/A/CoreWiFi
0x0000000008759000 	/System/Library/Frameworks/CoreBluetooth.framework/Versions/A/CoreBluetooth
0x0000000008759000 	/System/Library/PrivateFrameworks/DebugSymbols.framework/Versions/A/DebugSymbols
0x0000000008759000 	/System/Library/PrivateFrameworks/CoreSymbolication.framework/Versions/A/CoreSymbolication
0x0000000008759000 	/System/Library/PrivateFrameworks/Symbolication.framework/Versions/A/Symbolication
0x0000000008759000 	/System/Library/PrivateFrameworks/SpeechRecognitionCore.framework/Versions/A/SpeechRecognitionCore
0x000000010187a000 	/Library/Java/JavaVirtualMachines/jdk1.8.0_11.jdk/Contents/Home/jre/lib/server/libjvm.dylib
0x0000000008759000 	/usr/lib/libstdc++.6.dylib
0x000000010283e000 	/Library/Java/JavaVirtualMachines/jdk1.8.0_11.jdk/Contents/Home/jre/lib/libverify.dylib
0x000000010284c000 	/Library/Java/JavaVirtualMachines/jdk1.8.0_11.jdk/Contents/Home/jre/lib/libjava.dylib
0x00000001028a1000 	/Library/Java/JavaVirtualMachines/jdk1.8.0_11.jdk/Contents/Home/jre/lib/libzip.dylib
0x000000011dbf4000 	/System/Library/Frameworks/JavaVM.framework/Frameworks/JavaRuntimeSupport.framework/JavaRuntimeSupport
0x000000011dc0c000 	/System/Library/Frameworks/JavaVM.framework/Versions/A/Frameworks/JavaNativeFoundation.framework/Versions/A/JavaNativeFoundation
0x000000011dc21000 	/System/Library/Frameworks/JavaVM.framework/Versions/A/JavaVM
0x0000000008759000 	/System/Library/Frameworks/Carbon.framework/Versions/A/Carbon
0x000000011dc2e000 	/System/Library/PrivateFrameworks/JavaLaunching.framework/Versions/A/JavaLaunching
0x0000000008759000 	/System/Library/Frameworks/Carbon.framework/Versions/A/Frameworks/CommonPanels.framework/Versions/A/CommonPanels
0x0000000008759000 	/System/Library/Frameworks/Carbon.framework/Versions/A/Frameworks/Help.framework/Versions/A/Help
0x0000000008759000 	/System/Library/Frameworks/Carbon.framework/Versions/A/Frameworks/ImageCapture.framework/Versions/A/ImageCapture
0x0000000008759000 	/System/Library/Frameworks/Carbon.framework/Versions/A/Frameworks/OpenScripting.framework/Versions/A/OpenScripting
0x0000000008759000 	/System/Library/Frameworks/Carbon.framework/Versions/A/Frameworks/Print.framework/Versions/A/Print
0x0000000008759000 	/System/Library/Frameworks/Carbon.framework/Versions/A/Frameworks/SecurityHI.framework/Versions/A/SecurityHI
0x000000011fb9f000 	/Applications/IntelliJ IDEA 14 CE.app/Contents/bin/libbreakgen64.jnilib
0x000000011fd4b000 	/Library/Java/JavaVirtualMachines/jdk1.8.0_11.jdk/Contents/Home/jre/lib/libnet.dylib
0x000000011ffaf000 	/Library/Java/JavaVirtualMachines/jdk1.8.0_11.jdk/Contents/Home/jre/lib/libprism_es2.dylib
0x0000000008759000 	/System/Library/Frameworks/OpenGL.framework/Versions/A/Resources/GLEngine.bundle/GLEngine
0x0000000008759000 	/System/Library/Frameworks/OpenGL.framework/Versions/A/Libraries/libGLProgrammability.dylib
0x0000000000000000 	/System/Library/Extensions/AppleIntelHD5000GraphicsGLDriver.bundle/Contents/MacOS/AppleIntelHD5000GraphicsGLDriver
0x0000000008759000 	/System/Library/PrivateFrameworks/IOAccelerator.framework/Versions/A/IOAccelerator
0x0000000008759000 	/System/Library/PrivateFrameworks/GPUSupport.framework/Versions/A/Libraries/libGPUSupportMercury.dylib
0x0000000008759000 	/System/Library/Frameworks/OpenGL.framework/Versions/A/Resources/GLRendererFloat.bundle/GLRendererFloat
0x0000000008759000 	/System/Library/Frameworks/OpenCL.framework/Versions/A/Libraries/libcldcpuengine.dylib
0x0000000008759000 	/System/Library/PrivateFrameworks/DiskImages.framework/Versions/A/DiskImages
0x0000000008759000 	/System/Library/Frameworks/DiscRecording.framework/Versions/A/DiscRecording
0x0000000008759000 	/usr/lib/libcsfde.dylib
0x0000000008759000 	/usr/lib/libcurl.4.dylib
0x0000000008759000 	/System/Library/PrivateFrameworks/MediaKit.framework/Versions/A/MediaKit
0x0000000008759000 	/System/Library/PrivateFrameworks/ProtectedCloudStorage.framework/Versions/A/ProtectedCloudStorage
0x0000000008759000 	/usr/lib/libCoreStorage.dylib
0x0000000008759000 	/System/Library/PrivateFrameworks/EFILogin.framework/Versions/A/EFILogin
0x0000000008759000 	/usr/lib/libutil.dylib
0x0000000008759000 	/System/Library/PrivateFrameworks/FindMyDevice.framework/Versions/A/FindMyDevice
0x0000000008759000 	/System/Library/Frameworks/LDAP.framework/Versions/A/LDAP
0x0000000008759000 	/usr/lib/libsasl2.2.dylib
0x0000000008759000 	/System/Library/PrivateFrameworks/CoreDaemon.framework/Versions/B/CoreDaemon
0x0000000008759000 	/usr/lib/libcrypto.0.9.8.dylib
0x0000000008759000 	/System/Library/PrivateFrameworks/AppleSRP.framework/Versions/A/AppleSRP
0x0000000008759000 	/System/Library/PrivateFrameworks/TrustEvaluationAgent.framework/Versions/A/TrustEvaluationAgent
0x000000012045c000 	/Library/Java/JavaVirtualMachines/jdk1.8.0_11.jdk/Contents/Home/jre/lib/libglass.dylib
0x0000000008759000 	/System/Library/PrivateFrameworks/CoreServicesInternal.framework/Versions/A/CoreServicesInternal
0x0000000008759000 	/System/Library/PrivateFrameworks/CloudDocs.framework/Versions/A/CloudDocs
0x0000000008759000 	/System/Library/PrivateFrameworks/CoreDuet.framework/Versions/A/CoreDuet
0x0000000008759000 	/System/Library/Frameworks/CloudKit.framework/Versions/A/CloudKit
0x0000000008759000 	/System/Library/PrivateFrameworks/ProtocolBuffer.framework/Versions/A/ProtocolBuffer
0x0000000008759000 	/System/Library/PrivateFrameworks/CoreDuetDaemonProtocol.framework/Versions/A/CoreDuetDaemonProtocol
0x0000000008759000 	/System/Library/PrivateFrameworks/CoreDuetDebugLogging.framework/Versions/A/CoreDuetDebugLogging
0x0000000008759000 	/System/Library/Frameworks/CoreLocation.framework/Versions/A/CoreLocation
0x0000000008759000 	/System/Library/Frameworks/Accounts.framework/Versions/A/Accounts
0x0000000008759000 	/System/Library/PrivateFrameworks/ApplePushService.framework/Versions/A/ApplePushService
0x0000000008759000 	/System/Library/PrivateFrameworks/GeoServices.framework/Versions/A/GeoServices
0x0000000008759000 	/System/Library/PrivateFrameworks/OAuth.framework/Versions/A/OAuth
0x0000000008759000 	/System/Library/Frameworks/CoreGraphics.framework/Versions/A/Resources/libCGCMS.A.dylib
0x0000000008759000 	/System/Library/CoreServices/RawCamera.bundle/Contents/MacOS/RawCamera
0x0000000008759000 	/System/Library/Frameworks/CoreGraphics.framework/Versions/A/Resources/libRIP.A.dylib
0x0000000008759000 	/System/Library/PrivateFrameworks/FamilyControls.framework/Versions/A/FamilyControls
0x0000000008759000 	/System/Library/PrivateFrameworks/CommerceKit.framework/Versions/A/Frameworks/CommerceCore.framework/Versions/A/CommerceCore
0x0000000008759000 	/System/Library/PrivateFrameworks/SystemAdministration.framework/Versions/A/SystemAdministration
0x0000000008759000 	/System/Library/PrivateFrameworks/AppContainer.framework/Versions/A/AppContainer
0x0000000008759000 	/System/Library/PrivateFrameworks/SecCodeWrapper.framework/Versions/A/SecCodeWrapper
0x0000000008759000 	/System/Library/Frameworks/DirectoryService.framework/Versions/A/DirectoryService
0x0000000008759000 	/System/Library/PrivateFrameworks/LoginUIKit.framework/Versions/A/Frameworks/LoginUICore.framework/Versions/A/LoginUICore
0x0000000008759000 	/usr/lib/libodfde.dylib
0x0000000123c18000 	/Library/Java/JavaVirtualMachines/jdk1.8.0_11.jdk/Contents/Home/jre/lib/libnio.dylib
0x0000000123c27000 	/Library/Java/JavaVirtualMachines/jdk1.8.0_11.jdk/Contents/Home/jre/lib/libglib-lite.dylib
0x0000000123d4d000 	/Library/Java/JavaVirtualMachines/jdk1.8.0_11.jdk/Contents/Home/jre/lib/libgstreamer-lite.dylib
0x0000000123ed0000 	/Library/Java/JavaVirtualMachines/jdk1.8.0_11.jdk/Contents/Home/jre/lib/libjfxmedia.dylib
0x0000000008759000 	/System/Library/Frameworks/QTKit.framework/Versions/A/QTKit
0x0000000008759000 	/System/Library/Frameworks/AVFoundation.framework/Versions/A/AVFoundation
0x0000000008759000 	/System/Library/Frameworks/CoreMedia.framework/Versions/A/CoreMedia
0x0000000008759000 	/System/Library/Frameworks/MediaToolbox.framework/Versions/A/MediaToolbox
0x0000000008759000 	/System/Library/Frameworks/VideoToolbox.framework/Versions/A/VideoToolbox
0x0000000008759000 	/System/Library/PrivateFrameworks/CoreMediaAuthoring.framework/Versions/A/CoreMediaAuthoring
0x0000000008759000 	/System/Library/Frameworks/CoreMediaIO.framework/Versions/A/CoreMediaIO
0x0000000008759000 	/System/Library/Frameworks/AVFoundation.framework/Versions/A/Resources/libAVFAudio.dylib
0x0000000008759000 	/System/Library/PrivateFrameworks/MediaControlSender.framework/Versions/A/MediaControlSender
0x0000000008759000 	/System/Library/PrivateFrameworks/CoreAVCHD.framework/Versions/A/CoreAVCHD
0x0000000008759000 	/System/Library/Frameworks/MediaAccessibility.framework/Versions/A/MediaAccessibility
0x0000000008759000 	/System/Library/PrivateFrameworks/Mangrove.framework/Versions/A/Mangrove
0x0000000008759000 	/System/Library/PrivateFrameworks/CoreAUC.framework/Versions/A/CoreAUC
0x0000000008759000 	/System/Library/PrivateFrameworks/NetworkStatistics.framework/Versions/A/NetworkStatistics
0x0000000008759000 	/System/Library/PrivateFrameworks/AirPlaySupport.framework/Versions/A/AirPlaySupport
0x0000000008759000 	/System/Library/PrivateFrameworks/CoreUtils.framework/Versions/A/CoreUtils
0x0000000008759000 	/System/Library/PrivateFrameworks/AppleVA.framework/Versions/A/AppleVA
0x0000000008759000 	/System/Library/PrivateFrameworks/XPCService.framework/Versions/A/XPCService
0x0000000008759000 	/System/Library/PrivateFrameworks/AppSandbox.framework/Versions/A/AppSandbox
0x0000000008759000 	/usr/lib/libsandbox.1.dylib
0x0000000008759000 	/usr/lib/libMatch.1.dylib
0x0000000123b15000 	/Library/Java/JavaVirtualMachines/jdk1.8.0_11.jdk/Contents/Home/jre/lib/libfxplugins.dylib
0x0000000123b40000 	/System/Library/Frameworks/VideoDecodeAcceleration.framework/Versions/A/VideoDecodeAcceleration
0x0000000123bc9000 	/System/Library/Extensions/AppleHDA.kext/Contents/PlugIns/AppleHDAHALPlugIn.bundle/Contents/MacOS/AppleHDAHALPlugIn
0x000000012407d000 	/System/Library/Components/CoreAudio.component/Contents/MacOS/CoreAudio
0x0000000124458000 	/System/Library/Components/AudioCodecs.component/Contents/MacOS/AudioCodecs
0x0000000123bfa000 	/Library/Java/JavaVirtualMachines/jdk1.8.0_11.jdk/Contents/Home/jre/lib/libjavafx_font.dylib
0x0000000008759000 	/System/Library/Frameworks/CoreGraphics.framework/Versions/A/Resources/libCGXType.A.dylib
0x00000001270e5000 	/Library/Java/JavaVirtualMachines/jdk1.8.0_11.jdk/Contents/Home/jre/lib/libjavafx_iio.dylib
0x0000000124f01000 	cl_kernels
0x000000012728e000 	/System/Library/Frameworks/OpenCL.framework/Versions/A/Libraries/ImageFormats/unorm8_bgra.dylib
0x0000000124f07000 	cl_kernels
0x0000000127c13000 	/Library/Java/JavaVirtualMachines/jdk1.8.0_11.jdk/Contents/Home/jre/lib/libprism_common.dylib

VM Arguments:
jvm_args: -Didea.launcher.port=7539 -Didea.launcher.bin.path=/Applications/IntelliJ IDEA 14 CE.app/Contents/bin -Dfile.encoding=UTF-8 
java_command: com.intellij.rt.execution.application.AppMain Model.Main
java_class_path (initial): /Library/Java/JavaVirtualMachines/jdk1.8.0_11.jdk/Contents/Home/lib/ant-javafx.jar:/Library/Java/JavaVirtualMachines/jdk1.8.0_11.jdk/Contents/Home/lib/dt.jar:/Library/Java/JavaVirtualMachines/jdk1.8.0_11.jdk/Contents/Home/lib/javafx-mx.jar:/Library/Java/JavaVirtualMachines/jdk1.8.0_11.jdk/Contents/Home/lib/jconsole.jar:/Library/Java/JavaVirtualMachines/jdk1.8.0_11.jdk/Contents/Home/lib/sa-jdi.jar:/Library/Java/JavaVirtualMachines/jdk1.8.0_11.jdk/Contents/Home/lib/tools.jar:/Library/Java/JavaVirtualMachines/jdk1.8.0_11.jdk/Contents/Home/jre/lib/charsets.jar:/Library/Java/JavaVirtualMachines/jdk1.8.0_11.jdk/Contents/Home/jre/lib/deploy.jar:/Library/Java/JavaVirtualMachines/jdk1.8.0_11.jdk/Contents/Home/jre/lib/htmlconverter.jar:/Library/Java/JavaVirtualMachines/jdk1.8.0_11.jdk/Contents/Home/jre/lib/javaws.jar:/Library/Java/JavaVirtualMachines/jdk1.8.0_11.jdk/Contents/Home/jre/lib/jce.jar:/Library/Java/JavaVirtualMachines/jdk1.8.0_11.jdk/Contents/Home/jre/lib/jfr.jar:/Library/Java/JavaVirtualMachines/jdk1.8.0_11.jdk/Contents/Home/jre/lib/jfxswt.jar:/Library/Java/JavaVirtualMachines/jdk1.8.0_11.jdk/Contents/Home/jre/lib/jsse.jar:/Library/Java/JavaVirtualMachines/jdk1.8.0_11.jdk/Contents/Home/jre/lib/management-agent.jar:/Library/Java/JavaVirtualMachines/jdk1.8.0_11.jdk/Contents/Home/jre/lib/plugin.jar:/Library/Java/JavaVirtualMachines/jdk1.8.0_11.jdk/Contents/Home/jre/lib/resources.jar:/Library/Java/JavaVirtualMachines/jdk1.8.0_11.jdk/Contents/Home/jre/lib/rt.jar:/Library/Java/JavaVirtualMachines/jdk1.8.0_11.jdk/Contents/Home/jre/lib/ext/cldrdata.jar:/Library/Java/JavaVirtualMachines/jdk1.8.0_11.jdk/Contents/Home/jre/lib/ext/dnsns.jar:/Library/Java/JavaVirtualMachines/jdk1.8.0_11.jdk/Contents/Home/jre/lib/ext/jfxrt.jar:/Library/Java/JavaVirtualMachines/jdk1.8.0_11.jdk/Contents/Home/jre/lib/ext/localedata.jar:/Library/Java/JavaVirtualMachines/jdk1.8.0_11.jdk/Contents/Home/jre/lib/ext/nashorn.jar:/Library/Java/JavaVirtualMachines/jdk1.8.0_11.j
Launcher Type: SUN_STANDARD

Environment Variables:
CLASSPATH=.:/Users/yamininambiar/Downloads/junit.jar:/Users/yamininambiar/Downloads/hamcrest-core.jar
PATH=/Library/Frameworks/Python.framework/Versions/2.7/bin:/usr/local/heroku/bin:/Users/yamininambiar/anaconda/bin:/usr/local/bin:/usr/bin:/bin:/usr/sbin:/sbin:/usr/local/git/bin:/usr/local/MacGPG2/bin
SHELL=/bin/bash

Signal Handlers:
SIGSEGV: [libjvm.dylib+0x56059b], sa_mask[0]=0xfffefeff, sa_flags=0x00000043
SIGBUS: [libjvm.dylib+0x56059b], sa_mask[0]=0xfffefeff, sa_flags=0x00000042
SIGFPE: [libjvm.dylib+0x4438f2], sa_mask[0]=0xfffefeff, sa_flags=0x00000042
SIGPIPE: [libjvm.dylib+0x4438f2], sa_mask[0]=0xfffefeff, sa_flags=0x00000042
SIGXFSZ: [libjvm.dylib+0x4438f2], sa_mask[0]=0xfffefeff, sa_flags=0x00000042
SIGILL: [libjvm.dylib+0x4438f2], sa_mask[0]=0xfffefeff, sa_flags=0x00000042
SIGUSR1: SIG_DFL, sa_mask[0]=0x00000000, sa_flags=0x00000000
SIGUSR2: [libjvm.dylib+0x443410], sa_mask[0]=0x00000004, sa_flags=0x00000042
SIGHUP: [AudioToolbox+0xe0034], sa_mask[0]=0x00000000, sa_flags=0x00000002
SIGINT: [libjvm.dylib+0x44179b], sa_mask[0]=0xfffefeff, sa_flags=0x00000042
SIGTERM: [libjvm.dylib+0x44179b], sa_mask[0]=0xfffefeff, sa_flags=0x00000042
SIGQUIT: [libjvm.dylib+0x44179b], sa_mask[0]=0xfffefeff, sa_flags=0x00000042


---------------  S Y S T E M  ---------------

OS:Bsduname:Darwin 14.1.0 Darwin Kernel Version 14.1.0: Mon Dec 22 23:10:38 PST 2014; root:xnu-2782.10.72~2/RELEASE_X86_64 x86_64
rlimit: STACK 8192k, CORE 0k, NPROC 709, NOFILE 10240, AS infinity
load average:2.50 2.29 2.21

CPU:total 4 (2 cores per cpu, 2 threads per core) family 6 model 69 stepping 1, cmov, cx8, fxsr, mmx, sse, sse2, sse3, ssse3, sse4.1, sse4.2, popcnt, avx, avx2, aes, clmul, erms, ht, tsc, tscinvbit

Memory: 4k page, physical 16777216k(2624372k free)

/proc/meminfo:


vm_info: Java HotSpot(TM) 64-Bit Server VM (25.11-b03) for bsd-amd64 JRE (1.8.0_11-b12), built on Jun 16 2014 17:39:42 by "java_re" with gcc 4.2.1 (Based on Apple Inc. build 5658) (LLVM build 2336.11.00)

time: Wed Oct  7 13:16:59 2015
elapsed time: 70 seconds

