#
# A fatal error has been detected by the Java Runtime Environment:
#
#  SIGSEGV (0xb) at pc=0x0000000121637153, pid=58852, tid=1299
#
# JRE version: Java(TM) SE Runtime Environment (8.0_11-b12) (build 1.8.0_11-b12)
# Java VM: Java HotSpot(TM) 64-Bit Server VM (25.11-b03 mixed mode bsd-amd64 compressed oops)
# Problematic frame:
# C  [libglass.dylib+0x1b153]  GlassScreenDidChangeScreenParameters+0x53
#
# Failed to write core dump. Core dumps have been disabled. To enable core dumping, try "ulimit -c unlimited" before starting Java again
#
# If you would like to submit a bug report, please visit:
#   http://bugreport.sun.com/bugreport/crash.jsp
#

---------------  T H R E A D  ---------------

Current thread is native thread

siginfo:si_signo=SIGSEGV: si_errno=0, si_code=1 (SEGV_MAPERR), si_addr=0x0000000000000000

Registers:
RAX=0x00007fbf10d4cd08, RBX=0x0000000000000000, RCX=0x0000000121669910, RDX=0x00007fff78fb31f8
RSP=0x00007fff5d2c0800, RBP=0x00007fff5d2c0810, RSI=0x00007fbf10e06338, RDI=0x0000000000000000
R8 =0x00007fff5d2c06b0, R9 =0x00007fff7975c300, R10=0x0000000000000000, R11=0x0000000000000246
R12=0x00007fbf10d243e0, R13=0x00000000000f4268, R14=0x00007fbf10e69060, R15=0x00007fff5d2c0950
RIP=0x0000000121637153, EFLAGS=0x0000000000010202, ERR=0x0000000000000004
  TRAPNO=0x000000000000000e

Top of Stack: (sp=0x00007fff5d2c0800)
0x00007fff5d2c0800:   00007fff5d2c0810 00007fff5d2c09e0
0x00007fff5d2c0810:   00007fff5d2c0820 00007fff8d986cdc
0x00007fff5d2c0820:   00007fff5d2c0b80 00007fff8d878244
0x00007fff5d2c0830:   00007fff5d2c0880 0000000000000000
0x00007fff5d2c0840:   00007fff79491cf0 00007fbf10f35ca0
0x00007fff5d2c0850:   0000000000001000 0000000000000288
0x00007fff5d2c0860:   00007fbf10f35ca0 00007fbf10e69060
0x00007fff5d2c0870:   0000000000000000 00007fff5d2c0950
0x00007fff5d2c0880:   0000000000000000 00007fbf10e69020
0x00007fff5d2c0890:   00007fff5d2c09d0 000000000000001b
0x00007fff5d2c08a0:   00000000000f4288 00007fbf10e31140
0x00007fff5d2c08b0:   00007fbf10d4e1c0 00007fbf10d243e0
0x00007fff5d2c08c0:   0000000000000001 00000000000f4268
0x00007fff5d2c08d0:   00007fbf10d243d0 00007fff8c7b7acb
0x00007fff5d2c08e0:   0000000000000001 0000000000000001
0x00007fff5d2c08f0:   0000000000000030 0000000000000001
0x00007fff5d2c0900:   00007fff5d2c0920 00007fff8c7bd231
0x00007fff5d2c0910:   00007fff7948fdd0 0000000000000000
0x00007fff5d2c0920:   00007fff5d2c0940 0000000000000003
0x00007fff5d2c0930:   0000340310e41e50 00007fbf10d24404
0x00007fff5d2c0940:   0000000000000000 00007fff8d86dd1f
0x00007fff5d2c0950:   00007fbf10e69060 00007fff7948fdd0
0x00007fff5d2c0960:   00007fff5d2c09e0 00007fff8d87684f
0x00007fff5d2c0970:   ffffffffffffffff 00007fbf10c22170
0x00007fff5d2c0980:   0000000102959a00 0000000000000002
0x00007fff5d2c0990:   0000000102956000 00007fbf10e3eae2
0x00007fff5d2c09a0:   0000000000000003 0000000102959a00
0x00007fff5d2c09b0:   00007fff5d2c0aa0 00007fff8c7b62a2
0x00007fff5d2c09c0:   00007fbf10e43bd0 00007fff5d2c0b88
0x00007fff5d2c09d0:   0000000000000017 0000000000000000
0x00007fff5d2c09e0:   00000000000f4268 00007fff8d86e013
0x00007fff5d2c09f0:   00007fff00000000 00007fbf10d51e80 

Instructions: (pc=0x0000000121637153)
0x0000000121637133:   51 01 00 48 89 df ff 90 88 03 00 00 48 8d 0d c2
0x0000000121637143:   28 03 00 48 89 01 48 8d 0d c0 27 03 00 48 8b 31
0x0000000121637153:   48 8b 0b 48 89 df 48 89 c2 30 c0 ff 91 68 04 00
0x0000000121637163:   00 48 83 c4 08 5b 5d c3 0f 1f 44 00 00 55 48 89 

Register to memory mapping:

RAX=0x00007fbf10d4cd08 is an unknown value
RBX=0x0000000000000000 is an unknown value
RCX=0x0000000121669910: jScreenClass+0 in /Library/Java/JavaVirtualMachines/jdk1.8.0_11.jdk/Contents/Home/jre/lib/libglass.dylib at 0x000000012161c000
RDX=0x00007fff78fb31f8: __sFX+0x1c8 in /usr/lib/system/libsystem_c.dylib at 0x00007fff8b8b8000
RSP=0x00007fff5d2c0800 is an unknown value
RBP=0x00007fff5d2c0810 is an unknown value
RSI=0x00007fbf10e06338 is a global jni handle
RDI=0x0000000000000000 is an unknown value
R8 =0x00007fff5d2c06b0 is an unknown value
R9 =0x00007fff7975c300: _thread+0 in /usr/lib/system/libsystem_pthread.dylib at 0x00007fff8f1eb000
R10=0x0000000000000000 is an unknown value
R11=0x0000000000000246 is an unknown value
R12=0x00007fbf10d243e0 is an unknown value
R13=0x00000000000f4268 is an unknown value
R14=0x00007fbf10e69060 is an unknown value
R15=0x00007fff5d2c0950 is an unknown value


Stack: [0x00007fff5cac4000,0x00007fff5d2c4000],  sp=0x00007fff5d2c0800,  free space=8178k
Native frames: (J=compiled Java code, j=interpreted, Vv=VM code, C=native code)
C  [libglass.dylib+0x1b153]  GlassScreenDidChangeScreenParameters+0x53
C  [CoreFoundation+0x11ecdc]  __CFNOTIFICATIONCENTER_IS_CALLING_OUT_TO_AN_OBSERVER__+0xc
C  [CoreFoundation+0x10244]  _CFXNotificationPost+0xc44
C  [Foundation+0x2c31]  -[NSNotificationCenter postNotificationName:object:userInfo:]+0x42
C  [AppKit+0x36305e]  -[NSApplication _reactToScreenInvalidationImmediately:]+0x17b
C  [AppKit+0x362e9d]  __44-[NSApplication _reactToScreenInvalidation:]_block_invoke+0x4b
C  [CoreFoundation+0x8056c]  __CFRUNLOOP_IS_CALLING_OUT_TO_A_BLOCK__+0xc
C  [CoreFoundation+0x72675]  __CFRunLoopDoBlocks+0x155
C  [CoreFoundation+0x721b6]  __CFRunLoopRun+0x716
C  [CoreFoundation+0x71858]  CFRunLoopRunSpecific+0x128
C  [java+0x56cb]  CreateExecutionEnvironment+0x367
C  [java+0x166c]  JLI_Launch+0x7a0
C  [java+0x7689]  main+0x65
C  [java+0xec4]  start+0x34


---------------  P R O C E S S  ---------------

VM state:at safepoint (normal execution)

VM Mutex/Monitor currently owned by a thread:  ([mutex/lock_event])
[0x00007fbf10e03df0] Threads_lock - owner thread: 0x00007fbf1200d000
[0x00007fbf10e042f0] Heap_lock - owner thread: 0x00007fbf118ee800

Heap:
 PSYoungGen      total 2560K, used 2108K [0x000000076ab00000, 0x000000076b200000, 0x00000007c0000000)
  eden space 2048K, 79% used [0x000000076ab00000,0x000000076ac97018,0x000000076ad00000)
  from space 512K, 93% used [0x000000076ad00000,0x000000076ad78010,0x000000076ad80000)
  to   space 1536K, 0% used [0x000000076b080000,0x000000076b080000,0x000000076b200000)
 ParOldGen       total 260608K, used 904K [0x00000006c0000000, 0x00000006cfe80000, 0x000000076ab00000)
  object space 260608K, 0% used [0x00000006c0000000,0x00000006c00e2040,0x00000006cfe80000)
 Metaspace       used 5591K, capacity 6570K, committed 6656K, reserved 1056768K
  class space    used 687K, capacity 726K, committed 768K, reserved 1048576K

Card table byte_map: [0x0000000113681000,0x0000000113e82000] byte_map_base: 0x0000000110081000

Marking Bits: (ParMarkBitMap*) 0x0000000103c670a0
 Begin Bits: [0x00000001147e4000, 0x00000001187e4000)
 End Bits:   [0x00000001187e4000, 0x000000011c7e4000)

Polling page: 0x0000000102b96000

CodeCache: size=245760Kb used=1742Kb max_used=1752Kb free=244017Kb
 bounds [0x00000001042c1000, 0x0000000104531000, 0x00000001132c1000]
 total_blobs=651 nmethods=291 adapters=276
 compilation: enabled

Compilation events (10 events):
Event: 0.858 Thread 0x00007fbf11832000  287       3       sun.net.www.protocol.jar.Handler::indexOfBangSlash (52 bytes)
Event: 0.859 Thread 0x00007fbf11832000 nmethod 287 0x0000000104472e10 code [0x0000000104472fc0, 0x0000000104473678]
Event: 0.859 Thread 0x00007fbf11832000  289       3       java.security.CodeSource::equals (60 bytes)
Event: 0.860 Thread 0x00007fbf11832000 nmethod 289 0x00000001044738d0 code [0x0000000104473a80, 0x00000001044741f8]
Event: 0.864 Thread 0x00007fbf11831000 nmethod 288 0x0000000104477490 code [0x00000001044775e0, 0x0000000104477a98]
Event: 0.871 Thread 0x00007fbf1285f800  290       4       java.util.Arrays::copyOfRange (63 bytes)
Event: 0.873 Thread 0x00007fbf11832000  292       3       java.nio.ByteBuffer::arrayOffset (35 bytes)
Event: 0.873 Thread 0x00007fbf11832000 nmethod 292 0x0000000104476ed0 code [0x0000000104477060, 0x0000000104477358]
Event: 0.873 Thread 0x00007fbf11832000  291       3       java.nio.Buffer::position (43 bytes)
Event: 0.874 Thread 0x00007fbf11832000 nmethod 291 0x0000000104476a10 code [0x0000000104476b80, 0x0000000104476e28]

GC Heap History (10 events):
Event: 0.090 GC heap before
{Heap before GC invocations=1 (full 0):
 PSYoungGen      total 1024K, used 512K [0x000000076ab00000, 0x000000076ac80000, 0x00000007c0000000)
  eden space 512K, 100% used [0x000000076ab00000,0x000000076ab80000,0x000000076ab80000)
  from space 512K, 0% used [0x000000076ac00000,0x000000076ac00000,0x000000076ac80000)
  to   space 512K, 0% used [0x000000076ab80000,0x000000076ab80000,0x000000076ac00000)
 ParOldGen       total 260608K, used 0K [0x00000006c0000000, 0x00000006cfe80000, 0x000000076ab00000)
  object space 260608K, 0% used [0x00000006c0000000,0x00000006c0000000,0x00000006cfe80000)
 Metaspace       used 2466K, capacity 4480K, committed 4480K, reserved 1056768K
  class space    used 266K, capacity 384K, committed 384K, reserved 1048576K
Event: 0.092 GC heap after
Heap after GC invocations=1 (full 0):
 PSYoungGen      total 1024K, used 432K [0x000000076ab00000, 0x000000076ad00000, 0x00000007c0000000)
  eden space 512K, 0% used [0x000000076ab00000,0x000000076ab00000,0x000000076ab80000)
  from space 512K, 84% used [0x000000076ab80000,0x000000076abec010,0x000000076ac00000)
  to   space 512K, 0% used [0x000000076ac80000,0x000000076ac80000,0x000000076ad00000)
 ParOldGen       total 260608K, used 8K [0x00000006c0000000, 0x00000006cfe80000, 0x000000076ab00000)
  object space 260608K, 0% used [0x00000006c0000000,0x00000006c0002000,0x00000006cfe80000)
 Metaspace       used 2466K, capacity 4480K, committed 4480K, reserved 1056768K
  class space    used 266K, capacity 384K, committed 384K, reserved 1048576K
}
Event: 0.113 GC heap before
{Heap before GC invocations=2 (full 0):
 PSYoungGen      total 1024K, used 935K [0x000000076ab00000, 0x000000076ad00000, 0x00000007c0000000)
  eden space 512K, 98% used [0x000000076ab00000,0x000000076ab7de08,0x000000076ab80000)
  from space 512K, 84% used [0x000000076ab80000,0x000000076abec010,0x000000076ac00000)
  to   space 512K, 0% used [0x000000076ac80000,0x000000076ac80000,0x000000076ad00000)
 ParOldGen       total 260608K, used 8K [0x00000006c0000000, 0x00000006cfe80000, 0x000000076ab00000)
  object space 260608K, 0% used [0x00000006c0000000,0x00000006c0002000,0x00000006cfe80000)
 Metaspace       used 2622K, capacity 4480K, committed 4480K, reserved 1056768K
  class space    used 286K, capacity 384K, committed 384K, reserved 1048576K
Event: 0.114 GC heap after
Heap after GC invocations=2 (full 0):
 PSYoungGen      total 1536K, used 512K [0x000000076ab00000, 0x000000076ad00000, 0x00000007c0000000)
  eden space 1024K, 0% used [0x000000076ab00000,0x000000076ab00000,0x000000076ac00000)
  from space 512K, 100% used [0x000000076ac80000,0x000000076ad00000,0x000000076ad00000)
  to   space 512K, 0% used [0x000000076ac00000,0x000000076ac00000,0x000000076ac80000)
 ParOldGen       total 260608K, used 64K [0x00000006c0000000, 0x00000006cfe80000, 0x000000076ab00000)
  object space 260608K, 0% used [0x00000006c0000000,0x00000006c0010000,0x00000006cfe80000)
 Metaspace       used 2622K, capacity 4480K, committed 4480K, reserved 1056768K
  class space    used 286K, capacity 384K, committed 384K, reserved 1048576K
}
Event: 0.263 GC heap before
{Heap before GC invocations=3 (full 0):
 PSYoungGen      total 1536K, used 1532K [0x000000076ab00000, 0x000000076ad00000, 0x00000007c0000000)
  eden space 1024K, 99% used [0x000000076ab00000,0x000000076abff1d0,0x000000076ac00000)
  from space 512K, 100% used [0x000000076ac80000,0x000000076ad00000,0x000000076ad00000)
  to   space 512K, 0% used [0x000000076ac00000,0x000000076ac00000,0x000000076ac80000)
 ParOldGen       total 260608K, used 64K [0x00000006c0000000, 0x00000006cfe80000, 0x000000076ab00000)
  object space 260608K, 0% used [0x00000006c0000000,0x00000006c0010000,0x00000006cfe80000)
 Metaspace       used 3392K, capacity 4734K, committed 4864K, reserved 1056768K
  class space    used 370K, capacity 426K, committed 512K, reserved 1048576K
Event: 0.277 GC heap after
Heap after GC invocations=3 (full 0):
 PSYoungGen      total 1536K, used 511K [0x000000076ab00000, 0x000000076ae00000, 0x00000007c0000000)
  eden space 1024K, 0% used [0x000000076ab00000,0x000000076ab00000,0x000000076ac00000)
  from space 512K, 99% used [0x000000076ac00000,0x000000076ac7fc10,0x000000076ac80000)
  to   space 512K, 0% used [0x000000076ad80000,0x000000076ad80000,0x000000076ae00000)
 ParOldGen       total 260608K, used 248K [0x00000006c0000000, 0x00000006cfe80000, 0x000000076ab00000)
  object space 260608K, 0% used [0x00000006c0000000,0x00000006c003e030,0x00000006cfe80000)
 Metaspace       used 3392K, capacity 4734K, committed 4864K, reserved 1056768K
  class space    used 370K, capacity 426K, committed 512K, reserved 1048576K
}
Event: 0.377 GC heap before
{Heap before GC invocations=4 (full 0):
 PSYoungGen      total 1536K, used 1535K [0x000000076ab00000, 0x000000076ae00000, 0x00000007c0000000)
  eden space 1024K, 100% used [0x000000076ab00000,0x000000076ac00000,0x000000076ac00000)
  from space 512K, 99% used [0x000000076ac00000,0x000000076ac7fc10,0x000000076ac80000)
  to   space 512K, 0% used [0x000000076ad80000,0x000000076ad80000,0x000000076ae00000)
 ParOldGen       total 260608K, used 248K [0x00000006c0000000, 0x00000006cfe80000, 0x000000076ab00000)
  object space 260608K, 0% used [0x00000006c0000000,0x00000006c003e030,0x00000006cfe80000)
 Metaspace       used 4001K, capacity 5150K, committed 5376K, reserved 1056768K
  class space    used 443K, capacity 458K, committed 512K, reserved 1048576K
Event: 0.389 GC heap after
Heap after GC invocations=4 (full 0):
 PSYoungGen      total 2560K, used 512K [0x000000076ab00000, 0x000000076ae00000, 0x00000007c0000000)
  eden space 2048K, 0% used [0x000000076ab00000,0x000000076ab00000,0x000000076ad00000)
  from space 512K, 100% used [0x000000076ad80000,0x000000076ae00000,0x000000076ae00000)
  to   space 512K, 0% used [0x000000076ad00000,0x000000076ad00000,0x000000076ad80000)
 ParOldGen       total 260608K, used 304K [0x00000006c0000000, 0x00000006cfe80000, 0x000000076ab00000)
  object space 260608K, 0% used [0x00000006c0000000,0x00000006c004c030,0x00000006cfe80000)
 Metaspace       used 4001K, capacity 5150K, committed 5376K, reserved 1056768K
  class space    used 443K, capacity 458K, committed 512K, reserved 1048576K
}
Event: 0.717 GC heap before
{Heap before GC invocations=5 (full 0):
 PSYoungGen      total 2560K, used 2560K [0x000000076ab00000, 0x000000076ae00000, 0x00000007c0000000)
  eden space 2048K, 100% used [0x000000076ab00000,0x000000076ad00000,0x000000076ad00000)
  from space 512K, 100% used [0x000000076ad80000,0x000000076ae00000,0x000000076ae00000)
  to   space 512K, 0% used [0x000000076ad00000,0x000000076ad00000,0x000000076ad80000)
 ParOldGen       total 260608K, used 304K [0x00000006c0000000, 0x00000006cfe80000, 0x000000076ab00000)
  object space 260608K, 0% used [0x00000006c0000000,0x00000006c004c030,0x00000006cfe80000)
 Metaspace       used 4852K, capacity 5886K, committed 6016K, reserved 1056768K
  class space    used 530K, capacity 554K, committed 640K, reserved 1048576K
Event: 0.729 GC heap after
Heap after GC invocations=5 (full 0):
 PSYoungGen      total 2560K, used 480K [0x000000076ab00000, 0x000000076b200000, 0x00000007c0000000)
  eden space 2048K, 0% used [0x000000076ab00000,0x000000076ab00000,0x000000076ad00000)
  from space 512K, 93% used [0x000000076ad00000,0x000000076ad78010,0x000000076ad80000)
  to   space 1536K, 0% used [0x000000076b080000,0x000000076b080000,0x000000076b200000)
 ParOldGen       total 260608K, used 904K [0x00000006c0000000, 0x00000006cfe80000, 0x000000076ab00000)
  object space 260608K, 0% used [0x00000006c0000000,0x00000006c00e2040,0x00000006cfe80000)
 Metaspace       used 4852K, capacity 5886K, committed 6016K, reserved 1056768K
  class space    used 530K, capacity 554K, committed 640K, reserved 1048576K
}

Deoptimization events (0 events):
No events

Internal exceptions (10 events):
Event: 0.230 Thread 0x00007fbf12042800 Exception <a 'java/security/PrivilegedActionException'> (0x000000076abaa598) thrown at [/HUDSON3/workspace/8-2-build-macosx-x86_64/jdk8u11/648/hotspot/src/share/vm/prims/jvm.cpp, line 1248]
Event: 0.230 Thread 0x00007fbf12042800 Exception <a 'java/security/PrivilegedActionException'> (0x000000076abaa750) thrown at [/HUDSON3/workspace/8-2-build-macosx-x86_64/jdk8u11/648/hotspot/src/share/vm/prims/jvm.cpp, line 1248]
Event: 0.230 Thread 0x00007fbf12042800 Exception <a 'java/security/PrivilegedActionException'> (0x000000076abad990) thrown at [/HUDSON3/workspace/8-2-build-macosx-x86_64/jdk8u11/648/hotspot/src/share/vm/prims/jvm.cpp, line 1248]
Event: 0.230 Thread 0x00007fbf12042800 Exception <a 'java/security/PrivilegedActionException'> (0x000000076abadb48) thrown at [/HUDSON3/workspace/8-2-build-macosx-x86_64/jdk8u11/648/hotspot/src/share/vm/prims/jvm.cpp, line 1248]
Event: 0.231 Thread 0x00007fbf12042800 Exception <a 'java/lang/NullPointerException'> (0x000000076abaf560) thrown at [/HUDSON3/workspace/8-2-build-macosx-x86_64/jdk8u11/648/hotspot/src/share/vm/interpreter/linkResolver.cpp, line 1169]
Event: 0.851 Thread 0x00007fbf1205c000 Exception <a 'java/security/PrivilegedActionException'> (0x000000076ac61150) thrown at [/HUDSON3/workspace/8-2-build-macosx-x86_64/jdk8u11/648/hotspot/src/share/vm/prims/jvm.cpp, line 1248]
Event: 0.852 Thread 0x00007fbf1205c000 Exception <a 'java/security/PrivilegedActionException'> (0x000000076ac6a720) thrown at [/HUDSON3/workspace/8-2-build-macosx-x86_64/jdk8u11/648/hotspot/src/share/vm/prims/jvm.cpp, line 1248]
Event: 0.853 Thread 0x00007fbf1205c000 Exception <a 'java/security/PrivilegedActionException'> (0x000000076ac700e0) thrown at [/HUDSON3/workspace/8-2-build-macosx-x86_64/jdk8u11/648/hotspot/src/share/vm/prims/jvm.cpp, line 1248]
Event: 0.854 Thread 0x00007fbf1205c000 Exception <a 'java/lang/NullPointerException'> (0x000000076ac72f38) thrown at [/HUDSON3/workspace/8-2-build-macosx-x86_64/jdk8u11/648/hotspot/src/share/vm/interpreter/linkResolver.cpp, line 1169]
Event: 0.869 Thread 0x00007fbf12800000 Exception <a 'java/lang/reflect/InvocationTargetException'> (0x000000076ac89ea0) thrown at [/HUDSON3/workspace/8-2-build-macosx-x86_64/jdk8u11/648/hotspot/src/share/vm/runtime/reflection.cpp, line 1079]

Events (10 events):
Event: 0.870 loading class java/util/IdentityHashMap$KeySet done
Event: 0.871 Thread 0x00007fbf12800000 Thread exited: 0x00007fbf12800000
Event: 0.871 Thread 0x00007fbf118ee800 Thread added: 0x00007fbf118ee800
Event: 0.874 Thread 0x00007fbf1205c000 Thread exited: 0x00007fbf1205c000
Event: 0.874 loading class java/lang/Shutdown
Event: 0.874 loading class java/lang/Shutdown done
Event: 0.874 loading class java/lang/Shutdown$Lock
Event: 0.874 loading class java/lang/Shutdown$Lock done
Event: 0.875 Thread 0x00007fbf118ee800 Thread exited: 0x00007fbf118ee800
Event: 0.875 Thread 0x00007fbf1285e800 Thread exited: 0x00007fbf1285e800


Dynamic libraries:
0x0000000008759000 	/System/Library/Frameworks/Cocoa.framework/Versions/A/Cocoa
0x0000000008759000 	/System/Library/Frameworks/Security.framework/Versions/A/Security
0x0000000008759000 	/System/Library/Frameworks/ApplicationServices.framework/Versions/A/ApplicationServices
0x0000000008759000 	/usr/lib/libz.1.dylib
0x0000000008759000 	/usr/lib/libSystem.B.dylib
0x0000000008759000 	/usr/lib/libobjc.A.dylib
0x0000000008759000 	/System/Library/Frameworks/CoreFoundation.framework/Versions/A/CoreFoundation
0x0000000008759000 	/System/Library/Frameworks/Foundation.framework/Versions/C/Foundation
0x0000000008759000 	/System/Library/Frameworks/AppKit.framework/Versions/C/AppKit
0x0000000008759000 	/System/Library/Frameworks/CoreData.framework/Versions/A/CoreData
0x0000000008759000 	/System/Library/PrivateFrameworks/RemoteViewServices.framework/Versions/A/RemoteViewServices
0x0000000008759000 	/System/Library/PrivateFrameworks/UIFoundation.framework/Versions/A/UIFoundation
0x0000000008759000 	/System/Library/Frameworks/IOSurface.framework/Versions/A/IOSurface
0x0000000008759000 	/System/Library/Frameworks/AudioToolbox.framework/Versions/A/AudioToolbox
0x0000000008759000 	/System/Library/Frameworks/AudioUnit.framework/Versions/A/AudioUnit
0x0000000008759000 	/System/Library/PrivateFrameworks/DataDetectorsCore.framework/Versions/A/DataDetectorsCore
0x0000000008759000 	/System/Library/PrivateFrameworks/DesktopServicesPriv.framework/Versions/A/DesktopServicesPriv
0x0000000008759000 	/System/Library/Frameworks/Carbon.framework/Versions/A/Frameworks/HIToolbox.framework/Versions/A/HIToolbox
0x0000000008759000 	/System/Library/Frameworks/QuartzCore.framework/Versions/A/QuartzCore
0x0000000008759000 	/System/Library/Frameworks/Carbon.framework/Versions/A/Frameworks/SpeechRecognition.framework/Versions/A/SpeechRecognition
0x0000000008759000 	/usr/lib/libauto.dylib
0x0000000008759000 	/usr/lib/libicucore.A.dylib
0x0000000008759000 	/usr/lib/libxml2.2.dylib
0x0000000008759000 	/System/Library/PrivateFrameworks/CoreUI.framework/Versions/A/CoreUI
0x0000000008759000 	/System/Library/Frameworks/CoreAudio.framework/Versions/A/CoreAudio
0x0000000008759000 	/System/Library/Frameworks/DiskArbitration.framework/Versions/A/DiskArbitration
0x0000000008759000 	/usr/lib/liblangid.dylib
0x0000000008759000 	/System/Library/PrivateFrameworks/MultitouchSupport.framework/Versions/A/MultitouchSupport
0x0000000008759000 	/System/Library/Frameworks/IOKit.framework/Versions/A/IOKit
0x0000000008759000 	/usr/lib/libDiagnosticMessagesClient.dylib
0x0000000008759000 	/System/Library/Frameworks/CoreServices.framework/Versions/A/CoreServices
0x0000000008759000 	/System/Library/PrivateFrameworks/PerformanceAnalysis.framework/Versions/A/PerformanceAnalysis
0x0000000008759000 	/System/Library/PrivateFrameworks/GenerationalStorage.framework/Versions/A/GenerationalStorage
0x0000000008759000 	/System/Library/Frameworks/OpenGL.framework/Versions/A/OpenGL
0x0000000008759000 	/System/Library/PrivateFrameworks/Sharing.framework/Versions/A/Sharing
0x0000000008759000 	/System/Library/Frameworks/CoreGraphics.framework/Versions/A/CoreGraphics
0x0000000008759000 	/System/Library/Frameworks/CoreText.framework/Versions/A/CoreText
0x0000000008759000 	/System/Library/Frameworks/ImageIO.framework/Versions/A/ImageIO
0x0000000008759000 	/usr/lib/libextension.dylib
0x0000000008759000 	/System/Library/PrivateFrameworks/Backup.framework/Versions/A/Backup
0x0000000008759000 	/usr/lib/libarchive.2.dylib
0x0000000008759000 	/System/Library/Frameworks/CFNetwork.framework/Versions/A/CFNetwork
0x0000000008759000 	/System/Library/Frameworks/SystemConfiguration.framework/Versions/A/SystemConfiguration
0x0000000008759000 	/usr/lib/libCRFSuite.dylib
0x0000000008759000 	/usr/lib/libc++.1.dylib
0x0000000008759000 	/usr/lib/libc++abi.dylib
0x0000000008759000 	/usr/lib/system/libcache.dylib
0x0000000008759000 	/usr/lib/system/libcommonCrypto.dylib
0x0000000008759000 	/usr/lib/system/libcompiler_rt.dylib
0x0000000008759000 	/usr/lib/system/libcopyfile.dylib
0x0000000008759000 	/usr/lib/system/libcorecrypto.dylib
0x0000000008759000 	/usr/lib/system/libdispatch.dylib
0x0000000008759000 	/usr/lib/system/libdyld.dylib
0x0000000008759000 	/usr/lib/system/libkeymgr.dylib
0x0000000008759000 	/usr/lib/system/liblaunch.dylib
0x0000000008759000 	/usr/lib/system/libmacho.dylib
0x0000000008759000 	/usr/lib/system/libquarantine.dylib
0x0000000008759000 	/usr/lib/system/libremovefile.dylib
0x0000000008759000 	/usr/lib/system/libsystem_asl.dylib
0x0000000008759000 	/usr/lib/system/libsystem_blocks.dylib
0x0000000008759000 	/usr/lib/system/libsystem_c.dylib
0x0000000008759000 	/usr/lib/system/libsystem_configuration.dylib
0x0000000008759000 	/usr/lib/system/libsystem_coreservices.dylib
0x0000000008759000 	/usr/lib/system/libsystem_coretls.dylib
0x0000000008759000 	/usr/lib/system/libsystem_dnssd.dylib
0x0000000008759000 	/usr/lib/system/libsystem_info.dylib
0x0000000008759000 	/usr/lib/system/libsystem_kernel.dylib
0x0000000008759000 	/usr/lib/system/libsystem_m.dylib
0x0000000008759000 	/usr/lib/system/libsystem_malloc.dylib
0x0000000008759000 	/usr/lib/system/libsystem_network.dylib
0x0000000008759000 	/usr/lib/system/libsystem_networkextension.dylib
0x0000000008759000 	/usr/lib/system/libsystem_notify.dylib
0x0000000008759000 	/usr/lib/system/libsystem_platform.dylib
0x0000000008759000 	/usr/lib/system/libsystem_pthread.dylib
0x0000000008759000 	/usr/lib/system/libsystem_sandbox.dylib
0x0000000008759000 	/usr/lib/system/libsystem_secinit.dylib
0x0000000008759000 	/usr/lib/system/libsystem_stats.dylib
0x0000000008759000 	/usr/lib/system/libsystem_trace.dylib
0x0000000008759000 	/usr/lib/system/libunc.dylib
0x0000000008759000 	/usr/lib/system/libunwind.dylib
0x0000000008759000 	/usr/lib/system/libxpc.dylib
0x0000000008759000 	/usr/lib/libbz2.1.0.dylib
0x0000000008759000 	/usr/lib/liblzma.5.dylib
0x0000000008759000 	/usr/lib/libbsm.0.dylib
0x0000000008759000 	/usr/lib/libsqlite3.dylib
0x0000000008759000 	/usr/lib/system/libkxld.dylib
0x0000000008759000 	/usr/lib/libxar.1.dylib
0x0000000008759000 	/usr/lib/libpam.2.dylib
0x0000000008759000 	/usr/lib/libOpenScriptingUtil.dylib
0x0000000008759000 	/System/Library/Frameworks/CoreServices.framework/Versions/A/Frameworks/FSEvents.framework/Versions/A/FSEvents
0x0000000008759000 	/System/Library/Frameworks/CoreServices.framework/Versions/A/Frameworks/CarbonCore.framework/Versions/A/CarbonCore
0x0000000008759000 	/System/Library/Frameworks/CoreServices.framework/Versions/A/Frameworks/Metadata.framework/Versions/A/Metadata
0x0000000008759000 	/System/Library/Frameworks/CoreServices.framework/Versions/A/Frameworks/OSServices.framework/Versions/A/OSServices
0x0000000008759000 	/System/Library/Frameworks/CoreServices.framework/Versions/A/Frameworks/SearchKit.framework/Versions/A/SearchKit
0x0000000008759000 	/System/Library/Frameworks/CoreServices.framework/Versions/A/Frameworks/AE.framework/Versions/A/AE
0x0000000008759000 	/System/Library/Frameworks/CoreServices.framework/Versions/A/Frameworks/LaunchServices.framework/Versions/A/LaunchServices
0x0000000008759000 	/System/Library/Frameworks/CoreServices.framework/Versions/A/Frameworks/DictionaryServices.framework/Versions/A/DictionaryServices
0x0000000008759000 	/System/Library/Frameworks/NetFS.framework/Versions/A/NetFS
0x0000000008759000 	/System/Library/PrivateFrameworks/NetAuth.framework/Versions/A/NetAuth
0x0000000008759000 	/System/Library/PrivateFrameworks/login.framework/Versions/A/Frameworks/loginsupport.framework/Versions/A/loginsupport
0x0000000008759000 	/System/Library/PrivateFrameworks/TCC.framework/Versions/A/TCC
0x0000000008759000 	/usr/lib/libmecabra.dylib
0x0000000008759000 	/System/Library/Frameworks/ApplicationServices.framework/Versions/A/Frameworks/ATS.framework/Versions/A/ATS
0x0000000008759000 	/System/Library/Frameworks/ApplicationServices.framework/Versions/A/Frameworks/ColorSync.framework/Versions/A/ColorSync
0x0000000008759000 	/System/Library/Frameworks/ApplicationServices.framework/Versions/A/Frameworks/HIServices.framework/Versions/A/HIServices
0x0000000008759000 	/System/Library/Frameworks/ApplicationServices.framework/Versions/A/Frameworks/LangAnalysis.framework/Versions/A/LangAnalysis
0x0000000008759000 	/System/Library/Frameworks/ApplicationServices.framework/Versions/A/Frameworks/PrintCore.framework/Versions/A/PrintCore
0x0000000008759000 	/System/Library/Frameworks/ApplicationServices.framework/Versions/A/Frameworks/QD.framework/Versions/A/QD
0x0000000008759000 	/System/Library/Frameworks/ApplicationServices.framework/Versions/A/Frameworks/SpeechSynthesis.framework/Versions/A/SpeechSynthesis
0x0000000008759000 	/System/Library/Frameworks/Accelerate.framework/Versions/A/Accelerate
0x0000000008759000 	/System/Library/Frameworks/Accelerate.framework/Versions/A/Frameworks/vImage.framework/Versions/A/vImage
0x0000000008759000 	/System/Library/Frameworks/Accelerate.framework/Versions/A/Frameworks/vecLib.framework/Versions/A/vecLib
0x0000000008759000 	/System/Library/Frameworks/Accelerate.framework/Versions/A/Frameworks/vecLib.framework/Versions/A/libvDSP.dylib
0x0000000008759000 	/System/Library/Frameworks/Accelerate.framework/Versions/A/Frameworks/vecLib.framework/Versions/A/libvMisc.dylib
0x0000000008759000 	/System/Library/Frameworks/Accelerate.framework/Versions/A/Frameworks/vecLib.framework/Versions/A/libLAPACK.dylib
0x0000000008759000 	/System/Library/Frameworks/Accelerate.framework/Versions/A/Frameworks/vecLib.framework/Versions/A/libBLAS.dylib
0x0000000008759000 	/System/Library/Frameworks/Accelerate.framework/Versions/A/Frameworks/vecLib.framework/Versions/A/libLinearAlgebra.dylib
0x0000000008759000 	/System/Library/Frameworks/ApplicationServices.framework/Versions/A/Frameworks/ATS.framework/Versions/A/Resources/libFontParser.dylib
0x0000000008759000 	/System/Library/Frameworks/ApplicationServices.framework/Versions/A/Frameworks/ATS.framework/Versions/A/Resources/libFontRegistry.dylib
0x0000000008759000 	/System/Library/PrivateFrameworks/AppleVPA.framework/Versions/A/AppleVPA
0x0000000008759000 	/System/Library/PrivateFrameworks/AppleJPEG.framework/Versions/A/AppleJPEG
0x0000000008759000 	/System/Library/Frameworks/ImageIO.framework/Versions/A/Resources/libJPEG.dylib
0x0000000008759000 	/System/Library/Frameworks/ImageIO.framework/Versions/A/Resources/libTIFF.dylib
0x0000000008759000 	/System/Library/Frameworks/ImageIO.framework/Versions/A/Resources/libPng.dylib
0x0000000008759000 	/System/Library/Frameworks/ImageIO.framework/Versions/A/Resources/libGIF.dylib
0x0000000008759000 	/System/Library/Frameworks/ImageIO.framework/Versions/A/Resources/libJP2.dylib
0x0000000008759000 	/System/Library/Frameworks/ImageIO.framework/Versions/A/Resources/libRadiance.dylib
0x0000000008759000 	/System/Library/Frameworks/CoreVideo.framework/Versions/A/CoreVideo
0x0000000008759000 	/System/Library/Frameworks/OpenGL.framework/Versions/A/Libraries/libGLU.dylib
0x0000000008759000 	/System/Library/Frameworks/OpenGL.framework/Versions/A/Libraries/libGFXShared.dylib
0x0000000008759000 	/System/Library/Frameworks/OpenGL.framework/Versions/A/Libraries/libGL.dylib
0x0000000008759000 	/System/Library/Frameworks/OpenGL.framework/Versions/A/Libraries/libGLImage.dylib
0x0000000008759000 	/System/Library/Frameworks/OpenGL.framework/Versions/A/Libraries/libCVMSPluginSupport.dylib
0x0000000008759000 	/System/Library/Frameworks/OpenGL.framework/Versions/A/Libraries/libCoreVMClient.dylib
0x0000000008759000 	/usr/lib/libcups.2.dylib
0x0000000008759000 	/System/Library/Frameworks/Kerberos.framework/Versions/A/Kerberos
0x0000000008759000 	/System/Library/Frameworks/GSS.framework/Versions/A/GSS
0x0000000008759000 	/usr/lib/libresolv.9.dylib
0x0000000008759000 	/usr/lib/libiconv.2.dylib
0x0000000008759000 	/System/Library/PrivateFrameworks/Heimdal.framework/Versions/A/Heimdal
0x0000000008759000 	/usr/lib/libheimdal-asn1.dylib
0x0000000008759000 	/System/Library/Frameworks/OpenDirectory.framework/Versions/A/OpenDirectory
0x0000000008759000 	/System/Library/PrivateFrameworks/CommonAuth.framework/Versions/A/CommonAuth
0x0000000008759000 	/System/Library/Frameworks/OpenDirectory.framework/Versions/A/Frameworks/CFOpenDirectory.framework/Versions/A/CFOpenDirectory
0x0000000008759000 	/System/Library/Frameworks/SecurityFoundation.framework/Versions/A/SecurityFoundation
0x0000000008759000 	/System/Library/PrivateFrameworks/LanguageModeling.framework/Versions/A/LanguageModeling
0x0000000008759000 	/usr/lib/libcmph.dylib
0x0000000008759000 	/System/Library/Frameworks/ServiceManagement.framework/Versions/A/ServiceManagement
0x0000000008759000 	/usr/lib/libxslt.1.dylib
0x0000000008759000 	/System/Library/Frameworks/Carbon.framework/Versions/A/Frameworks/Ink.framework/Versions/A/Ink
0x0000000008759000 	/System/Library/Frameworks/QuartzCore.framework/Versions/A/Frameworks/CoreImage.framework/Versions/A/CoreImage
0x0000000008759000 	/System/Library/PrivateFrameworks/CrashReporterSupport.framework/Versions/A/CrashReporterSupport
0x0000000008759000 	/System/Library/Frameworks/OpenCL.framework/Versions/A/OpenCL
0x0000000008759000 	/System/Library/PrivateFrameworks/FaceCore.framework/Versions/A/FaceCore
0x0000000008759000 	/System/Library/PrivateFrameworks/Ubiquity.framework/Versions/A/Ubiquity
0x0000000008759000 	/System/Library/PrivateFrameworks/IconServices.framework/Versions/A/IconServices
0x0000000008759000 	/System/Library/PrivateFrameworks/ChunkingLibrary.framework/Versions/A/ChunkingLibrary
0x0000000008759000 	/System/Library/PrivateFrameworks/Apple80211.framework/Versions/A/Apple80211
0x0000000008759000 	/System/Library/Frameworks/CoreWLAN.framework/Versions/A/CoreWLAN
0x0000000008759000 	/System/Library/Frameworks/IOBluetooth.framework/Versions/A/IOBluetooth
0x0000000008759000 	/System/Library/PrivateFrameworks/CoreWiFi.framework/Versions/A/CoreWiFi
0x0000000008759000 	/System/Library/Frameworks/CoreBluetooth.framework/Versions/A/CoreBluetooth
0x0000000008759000 	/System/Library/PrivateFrameworks/DebugSymbols.framework/Versions/A/DebugSymbols
0x0000000008759000 	/System/Library/PrivateFrameworks/CoreSymbolication.framework/Versions/A/CoreSymbolication
0x0000000008759000 	/System/Library/PrivateFrameworks/Symbolication.framework/Versions/A/Symbolication
0x0000000008759000 	/System/Library/PrivateFrameworks/SpeechRecognitionCore.framework/Versions/A/SpeechRecognitionCore
0x0000000103400000 	/Library/Java/JavaVirtualMachines/jdk1.8.0_11.jdk/Contents/Home/jre/lib/server/libjvm.dylib
0x0000000008759000 	/usr/lib/libstdc++.6.dylib
0x0000000102b54000 	/Library/Java/JavaVirtualMachines/jdk1.8.0_11.jdk/Contents/Home/jre/lib/libverify.dylib
0x0000000102b62000 	/Library/Java/JavaVirtualMachines/jdk1.8.0_11.jdk/Contents/Home/jre/lib/libjava.dylib
0x0000000102ba0000 	/Library/Java/JavaVirtualMachines/jdk1.8.0_11.jdk/Contents/Home/jre/lib/libzip.dylib
0x000000011edb8000 	/System/Library/Frameworks/JavaVM.framework/Frameworks/JavaRuntimeSupport.framework/JavaRuntimeSupport
0x000000011edd0000 	/System/Library/Frameworks/JavaVM.framework/Versions/A/Frameworks/JavaNativeFoundation.framework/Versions/A/JavaNativeFoundation
0x000000011ede5000 	/System/Library/Frameworks/JavaVM.framework/Versions/A/JavaVM
0x0000000008759000 	/System/Library/Frameworks/Carbon.framework/Versions/A/Carbon
0x000000011edf2000 	/System/Library/PrivateFrameworks/JavaLaunching.framework/Versions/A/JavaLaunching
0x0000000008759000 	/System/Library/Frameworks/Carbon.framework/Versions/A/Frameworks/CommonPanels.framework/Versions/A/CommonPanels
0x0000000008759000 	/System/Library/Frameworks/Carbon.framework/Versions/A/Frameworks/Help.framework/Versions/A/Help
0x0000000008759000 	/System/Library/Frameworks/Carbon.framework/Versions/A/Frameworks/ImageCapture.framework/Versions/A/ImageCapture
0x0000000008759000 	/System/Library/Frameworks/Carbon.framework/Versions/A/Frameworks/OpenScripting.framework/Versions/A/OpenScripting
0x0000000008759000 	/System/Library/Frameworks/Carbon.framework/Versions/A/Frameworks/Print.framework/Versions/A/Print
0x0000000008759000 	/System/Library/Frameworks/Carbon.framework/Versions/A/Frameworks/SecurityHI.framework/Versions/A/SecurityHI
0x0000000120d5f000 	/Applications/IntelliJ IDEA 14 CE.app/Contents/bin/libbreakgen64.jnilib
0x0000000120f0b000 	/Library/Java/JavaVirtualMachines/jdk1.8.0_11.jdk/Contents/Home/jre/lib/libnet.dylib
0x000000012116f000 	/Library/Java/JavaVirtualMachines/jdk1.8.0_11.jdk/Contents/Home/jre/lib/libprism_es2.dylib
0x0000000008759000 	/System/Library/Frameworks/OpenGL.framework/Versions/A/Resources/GLEngine.bundle/GLEngine
0x0000000008759000 	/System/Library/Frameworks/OpenGL.framework/Versions/A/Libraries/libGLProgrammability.dylib
0x0000000000000000 	/System/Library/Extensions/AppleIntelHD5000GraphicsGLDriver.bundle/Contents/MacOS/AppleIntelHD5000GraphicsGLDriver
0x0000000008759000 	/System/Library/PrivateFrameworks/IOAccelerator.framework/Versions/A/IOAccelerator
0x0000000008759000 	/System/Library/PrivateFrameworks/GPUSupport.framework/Versions/A/Libraries/libGPUSupportMercury.dylib
0x0000000008759000 	/System/Library/Frameworks/OpenGL.framework/Versions/A/Resources/GLRendererFloat.bundle/GLRendererFloat
0x0000000008759000 	/System/Library/Frameworks/OpenCL.framework/Versions/A/Libraries/libcldcpuengine.dylib
0x0000000008759000 	/System/Library/PrivateFrameworks/DiskImages.framework/Versions/A/DiskImages
0x0000000008759000 	/System/Library/Frameworks/DiscRecording.framework/Versions/A/DiscRecording
0x0000000008759000 	/usr/lib/libcsfde.dylib
0x0000000008759000 	/usr/lib/libcurl.4.dylib
0x0000000008759000 	/System/Library/PrivateFrameworks/MediaKit.framework/Versions/A/MediaKit
0x0000000008759000 	/System/Library/PrivateFrameworks/ProtectedCloudStorage.framework/Versions/A/ProtectedCloudStorage
0x0000000008759000 	/usr/lib/libCoreStorage.dylib
0x0000000008759000 	/System/Library/PrivateFrameworks/EFILogin.framework/Versions/A/EFILogin
0x0000000008759000 	/usr/lib/libutil.dylib
0x0000000008759000 	/System/Library/PrivateFrameworks/FindMyDevice.framework/Versions/A/FindMyDevice
0x0000000008759000 	/System/Library/Frameworks/LDAP.framework/Versions/A/LDAP
0x0000000008759000 	/usr/lib/libsasl2.2.dylib
0x0000000008759000 	/System/Library/PrivateFrameworks/CoreDaemon.framework/Versions/B/CoreDaemon
0x0000000008759000 	/usr/lib/libcrypto.0.9.8.dylib
0x0000000008759000 	/System/Library/PrivateFrameworks/AppleSRP.framework/Versions/A/AppleSRP
0x0000000008759000 	/System/Library/PrivateFrameworks/TrustEvaluationAgent.framework/Versions/A/TrustEvaluationAgent
0x000000012161c000 	/Library/Java/JavaVirtualMachines/jdk1.8.0_11.jdk/Contents/Home/jre/lib/libglass.dylib
0x0000000008759000 	/System/Library/PrivateFrameworks/CoreServicesInternal.framework/Versions/A/CoreServicesInternal
0x0000000008759000 	/System/Library/PrivateFrameworks/CloudDocs.framework/Versions/A/CloudDocs
0x0000000008759000 	/System/Library/PrivateFrameworks/CoreDuet.framework/Versions/A/CoreDuet
0x0000000008759000 	/System/Library/Frameworks/CloudKit.framework/Versions/A/CloudKit
0x0000000008759000 	/System/Library/PrivateFrameworks/ProtocolBuffer.framework/Versions/A/ProtocolBuffer
0x0000000008759000 	/System/Library/PrivateFrameworks/CoreDuetDaemonProtocol.framework/Versions/A/CoreDuetDaemonProtocol
0x0000000008759000 	/System/Library/PrivateFrameworks/CoreDuetDebugLogging.framework/Versions/A/CoreDuetDebugLogging
0x0000000008759000 	/System/Library/Frameworks/CoreLocation.framework/Versions/A/CoreLocation
0x0000000008759000 	/System/Library/Frameworks/Accounts.framework/Versions/A/Accounts
0x0000000008759000 	/System/Library/PrivateFrameworks/ApplePushService.framework/Versions/A/ApplePushService
0x0000000008759000 	/System/Library/PrivateFrameworks/GeoServices.framework/Versions/A/GeoServices
0x0000000008759000 	/System/Library/PrivateFrameworks/OAuth.framework/Versions/A/OAuth
0x0000000008759000 	/System/Library/Frameworks/CoreGraphics.framework/Versions/A/Resources/libCGCMS.A.dylib
0x0000000008759000 	/System/Library/CoreServices/RawCamera.bundle/Contents/MacOS/RawCamera
0x0000000008759000 	/System/Library/Frameworks/CoreGraphics.framework/Versions/A/Resources/libRIP.A.dylib
0x0000000008759000 	/System/Library/PrivateFrameworks/FamilyControls.framework/Versions/A/FamilyControls
0x0000000008759000 	/System/Library/PrivateFrameworks/CommerceKit.framework/Versions/A/Frameworks/CommerceCore.framework/Versions/A/CommerceCore
0x0000000008759000 	/System/Library/PrivateFrameworks/SystemAdministration.framework/Versions/A/SystemAdministration
0x0000000008759000 	/System/Library/PrivateFrameworks/AppContainer.framework/Versions/A/AppContainer
0x0000000008759000 	/System/Library/PrivateFrameworks/SecCodeWrapper.framework/Versions/A/SecCodeWrapper
0x0000000008759000 	/System/Library/Frameworks/DirectoryService.framework/Versions/A/DirectoryService
0x0000000008759000 	/System/Library/PrivateFrameworks/LoginUIKit.framework/Versions/A/Frameworks/LoginUICore.framework/Versions/A/LoginUICore
0x0000000008759000 	/usr/lib/libodfde.dylib

VM Arguments:
jvm_args: -Didea.launcher.port=7532 -Didea.launcher.bin.path=/Applications/IntelliJ IDEA 14 CE.app/Contents/bin -Dfile.encoding=UTF-8 
java_command: com.intellij.rt.execution.application.AppMain main.java.com.mule.Main
java_class_path (initial): /Library/Java/JavaVirtualMachines/jdk1.8.0_11.jdk/Contents/Home/lib/ant-javafx.jar:/Library/Java/JavaVirtualMachines/jdk1.8.0_11.jdk/Contents/Home/lib/dt.jar:/Library/Java/JavaVirtualMachines/jdk1.8.0_11.jdk/Contents/Home/lib/javafx-mx.jar:/Library/Java/JavaVirtualMachines/jdk1.8.0_11.jdk/Contents/Home/lib/jconsole.jar:/Library/Java/JavaVirtualMachines/jdk1.8.0_11.jdk/Contents/Home/lib/sa-jdi.jar:/Library/Java/JavaVirtualMachines/jdk1.8.0_11.jdk/Contents/Home/lib/tools.jar:/Library/Java/JavaVirtualMachines/jdk1.8.0_11.jdk/Contents/Home/jre/lib/charsets.jar:/Library/Java/JavaVirtualMachines/jdk1.8.0_11.jdk/Contents/Home/jre/lib/deploy.jar:/Library/Java/JavaVirtualMachines/jdk1.8.0_11.jdk/Contents/Home/jre/lib/htmlconverter.jar:/Library/Java/JavaVirtualMachines/jdk1.8.0_11.jdk/Contents/Home/jre/lib/javaws.jar:/Library/Java/JavaVirtualMachines/jdk1.8.0_11.jdk/Contents/Home/jre/lib/jce.jar:/Library/Java/JavaVirtualMachines/jdk1.8.0_11.jdk/Contents/Home/jre/lib/jfr.jar:/Library/Java/JavaVirtualMachines/jdk1.8.0_11.jdk/Contents/Home/jre/lib/jfxswt.jar:/Library/Java/JavaVirtualMachines/jdk1.8.0_11.jdk/Contents/Home/jre/lib/jsse.jar:/Library/Java/JavaVirtualMachines/jdk1.8.0_11.jdk/Contents/Home/jre/lib/management-agent.jar:/Library/Java/JavaVirtualMachines/jdk1.8.0_11.jdk/Contents/Home/jre/lib/plugin.jar:/Library/Java/JavaVirtualMachines/jdk1.8.0_11.jdk/Contents/Home/jre/lib/resources.jar:/Library/Java/JavaVirtualMachines/jdk1.8.0_11.jdk/Contents/Home/jre/lib/rt.jar:/Library/Java/JavaVirtualMachines/jdk1.8.0_11.jdk/Contents/Home/jre/lib/ext/cldrdata.jar:/Library/Java/JavaVirtualMachines/jdk1.8.0_11.jdk/Contents/Home/jre/lib/ext/dnsns.jar:/Library/Java/JavaVirtualMachines/jdk1.8.0_11.jdk/Contents/Home/jre/lib/ext/jfxrt.jar:/Library/Java/JavaVirtualMachines/jdk1.8.0_11.jdk/Contents/Home/jre/lib/ext/localedata.jar:/Library/Java/JavaVirtualMachines/jdk1.8.0_11.jdk/Contents/Home/jre/lib/ext/nashorn.jar:/Library/Java/JavaVirtualMachines/jdk1.8.0_11.j
Launcher Type: SUN_STANDARD

Environment Variables:
CLASSPATH=.:/Users/yamininambiar/Downloads/junit.jar:/Users/yamininambiar/Downloads/hamcrest-core.jar
PATH=/Library/Frameworks/Python.framework/Versions/2.7/bin:/usr/local/heroku/bin:/Users/yamininambiar/anaconda/bin:/usr/local/bin:/usr/bin:/bin:/usr/sbin:/sbin:/usr/local/git/bin:/usr/local/MacGPG2/bin
SHELL=/bin/bash

Signal Handlers:
SIGSEGV: [libjvm.dylib+0x56059b], sa_mask[0]=0xfffefeff, sa_flags=0x00000043
SIGBUS: [libjvm.dylib+0x56059b], sa_mask[0]=0xfffefeff, sa_flags=0x00000042
SIGFPE: [libjvm.dylib+0x4438f2], sa_mask[0]=0xfffefeff, sa_flags=0x00000042
SIGPIPE: [libjvm.dylib+0x4438f2], sa_mask[0]=0xfffefeff, sa_flags=0x00000042
SIGXFSZ: [libjvm.dylib+0x4438f2], sa_mask[0]=0xfffefeff, sa_flags=0x00000042
SIGILL: [libjvm.dylib+0x4438f2], sa_mask[0]=0xfffefeff, sa_flags=0x00000042
SIGUSR1: SIG_DFL, sa_mask[0]=0x00000000, sa_flags=0x00000000
SIGUSR2: [libjvm.dylib+0x443410], sa_mask[0]=0x00000004, sa_flags=0x00000042
SIGHUP: [libjvm.dylib+0x44179b], sa_mask[0]=0xfffefeff, sa_flags=0x00000042
SIGINT: [libjvm.dylib+0x44179b], sa_mask[0]=0xfffefeff, sa_flags=0x00000042
SIGTERM: [libjvm.dylib+0x44179b], sa_mask[0]=0xfffefeff, sa_flags=0x00000042
SIGQUIT: [libjvm.dylib+0x44179b], sa_mask[0]=0xfffefeff, sa_flags=0x00000042


---------------  S Y S T E M  ---------------

OS:Bsduname:Darwin 14.1.0 Darwin Kernel Version 14.1.0: Mon Dec 22 23:10:38 PST 2014; root:xnu-2782.10.72~2/RELEASE_X86_64 x86_64
rlimit: STACK 8192k, CORE 0k, NPROC 709, NOFILE 10240, AS infinity
load average:2.58 1.93 1.85

CPU:total 4 (2 cores per cpu, 2 threads per core) family 6 main.java.com.mule.Model 69 stepping 1, cmov, cx8, fxsr, mmx, sse, sse2, sse3, ssse3, sse4.1, sse4.2, popcnt, avx, avx2, aes, clmul, erms, ht, tsc, tscinvbit

Memory: 4k page, physical 16777216k(1731640k free)

/proc/meminfo:


vm_info: Java HotSpot(TM) 64-Bit Server VM (25.11-b03) for bsd-amd64 JRE (1.8.0_11-b12), built on Jun 16 2014 17:39:42 by "java_re" with gcc 4.2.1 (Based on Apple Inc. build 5658) (LLVM build 2336.11.00)

time: Tue Nov  3 13:03:03 2015
elapsed time: 0 seconds

