#
# A fatal error has been detected by the Java Runtime Environment:
#
#  SIGSEGV (0xb) at pc=0x00007fff8c5b044f, pid=18822, tid=1299
#
# JRE version: Java(TM) SE Runtime Environment (8.0_11-b12) (build 1.8.0_11-b12)
# Java VM: Java HotSpot(TM) 64-Bit Server VM (25.11-b03 mixed mode bsd-amd64 compressed oops)
# Problematic frame:
# C  [libobjc.A.dylib+0x944f]  objc_release+0xf
#
# Failed to write core dump. Core dumps have been disabled. To enable core dumping, try "ulimit -c unlimited" before starting Java again
#
# If you would like to submit a bug report, please visit:
#   http://bugreport.sun.com/bugreport/crash.jsp
# The crash happened outside the Java Virtual Machine in native code.
# See problematic frame for where to report the bug.
#

---------------  T H R E A D  ---------------

Current thread (0x00007ff07c0c2800):  JavaThread "JavaFX Application Thread" [_thread_in_native, id=1299, stack(0x00007fff4f526000,0x00007fff4fd26000)]

siginfo:si_signo=SIGSEGV: si_errno=0, si_code=0 (SEGV0), si_addr=0x0000000000000000

Registers:
RAX=0x6000000000000000, RBX=0x00007ff07ca72010, RCX=0x00007ff07ca72388, RDX=0x00007fff4fd1fce8
RSP=0x00007fff4fd1fd78, RBP=0x00007fff4fd201c0, RSI=0x0000000000000000, RDI=0x00007ff07df38870
R8 =0x00000000000001ff, R9 =0x00007ff07b494ec0, R10=0x00007ff080858770, R11=0x000000012ec04518
R12=0xa3a3a3a3a3a3a3a3, R13=0x00007fff78fb2070, R14=0x00007ff07ca72380, R15=0x00007ff07ca72000
RIP=0x00007fff8c5b044f, EFLAGS=0x0000000000010246, ERR=0x0000000000000000
  TRAPNO=0x000000000000000d

Top of Stack: (sp=0x00007fff4fd1fd78)
0x00007fff4fd1fd78:   00007fff8c5aee8f 00007fff4fd1fdf0
0x00007fff4fd1fd88:   00007ff07ca72380 00007fff4fd1fdd0
0x00007fff4fd1fd98:   00007fff8f1ecb4e 0000000010000004
0x00007fff4fd1fda8:   0001206810000004 0434990004349900
0x00007fff4fd1fdb8:   0000000010000004 00007fff4fd1fdf0
0x00007fff4fd1fdc8:   00007ff07b41c910 00007fff4fd1ff20
0x00007fff4fd1fdd8:   00007fff8d8c624f 0000000000000000
0x00007fff4fd1fde8:   000000010fef4000 0000001800000011
0x00007fff4fd1fdf8:   0000000000000b03 0000000000001002
0x00007fff4fd1fe08:   000000000000ffff 0000000000000000
0x00007fff4fd1fe18:   0000000000000018 00007fff791e4210
0x00007fff4fd1fe28:   00007ff07df50a20 00007fff4fd1fe90
0x00007fff4fd1fe38:   00007fff791e4210 00007fff4fd1fe70
0x00007fff4fd1fe48:   00007fff8c5c9225 000000010ff24000
0x00007fff4fd1fe58:   00007ff07b888fc0 0000000000001380
0x00007fff4fd1fe68:   00007fff8c7b8f56 00007fff4fd1fed0
0x00007fff4fd1fe78:   00007fff8c5c897a 00007fff4fd1fef4
0x00007fff4fd1fe88:   ffff800f820af5e0 00007ff07b888fc0
0x00007fff4fd1fe98:   00007ff07b889000 00007ff07b677998
0x00007fff4fd1fea8:   000000010fef4000 00007fff4fd1ff00
0x00007fff4fd1feb8:   0000000000001400 00007ff07df50a00
0x00007fff4fd1fec8:   000000010fef7a00 000000010fef4000
0x00007fff4fd1fed8:   00007ff07df50a20 00007ff07df50a20
0x00007fff4fd1fee8:   ffff800f820af5e0 00007ff07df50a20
0x00007fff4fd1fef8:   0000000000000009 00007fff4fd1ff20
0x00007fff4fd1ff08:   00007fff8c5ae5b5 00007fff789d2ee0
0x00007fff4fd1ff18:   00007ff07b676e20 000000010fef8e00
0x00007fff4fd1ff28:   000000010fef4000 00007ff07df00000
0x00007fff4fd1ff38:   0000000000000060 00007ff07df50a20
0x00007fff4fd1ff48:   000000010fef4000 00007fff4fd1fff0
0x00007fff4fd1ff58:   00007fff8c7bc3ec 00007ff07df4d640
0x00007fff4fd1ff68:   0000000000001301 0000000000000001 

Instructions: (pc=0x00007fff8c5b044f)
0x00007fff8c5b042f:   c0 48 85 ff 74 04 48 8b 47 08 c3 90 90 90 90 90
0x00007fff8c5b043f:   90 48 85 ff 74 06 40 f6 c7 01 74 01 c3 48 8b 07
0x00007fff8c5b044f:   f6 40 20 02 74 0a be 01 00 00 00 e9 51 83 01 00
0x00007fff8c5b045f:   48 8d 05 7a 16 c3 ec 48 8b 30 e9 52 7c ff ff 90 

Register to memory mapping:

RAX=0x6000000000000000 is an unknown value
RBX=0x00007ff07ca72010 is an unknown value
RCX=0x00007ff07ca72388 is an unknown value
RDX=0x00007fff4fd1fce8 is pointing into the stack for thread: 0x00007ff07c0c2800
RSP=0x00007fff4fd1fd78 is pointing into the stack for thread: 0x00007ff07c0c2800
RBP=0x00007fff4fd201c0 is pointing into the stack for thread: 0x00007ff07c0c2800
RSI=0x0000000000000000 is an unknown value
RDI=0x00007ff07df38870 is an unknown value
R8 =0x00000000000001ff is an unknown value
R9 =0x00007ff07b494ec0 is an unknown value
R10=0x00007ff080858770 is an unknown value
R11=0x000000012ec04518: OBJC_CLASS_$_GlassLayer3D+0 in /Library/Java/JavaVirtualMachines/jdk1.8.0_11.jdk/Contents/Home/jre/lib/libglass.dylib at 0x000000012ebba000
R12=0xa3a3a3a3a3a3a3a3 is an unknown value
R13=0x00007fff78fb2070: __stack_chk_guard+0 in /usr/lib/system/libsystem_c.dylib at 0x00007fff8b8b8000
R14=0x00007ff07ca72380 is an unknown value
R15=0x00007ff07ca72000 is an unknown value


Stack: [0x00007fff4f526000,0x00007fff4fd26000],  sp=0x00007fff4fd1fd78,  free space=8167k
Native frames: (J=compiled Java code, j=interpreted, Vv=VM code, C=native code)
C  [libobjc.A.dylib+0x944f]  objc_release+0xf
C  [CoreFoundation+0x3a302]  _CFAutoreleasePoolPop+0x32
C  [Foundation+0x1bedf]  -[NSAutoreleasePool drain]+0x99
C  [libglass.dylib+0x1f12e]  Java_com_sun_glass_ui_mac_MacView__1close+0x17e
j  com.sun.glass.ui.mac.MacView._close(J)Z+0
j  com.sun.glass.ui.View.close()V+53
j  com.sun.javafx.tk.quantum.ViewScene.dispose()V+17
j  javafx.scene.Scene.impl_disposePeer()V+29
j  javafx.stage.Window$9.invalidated()V+501
J 900 C1 javafx.beans.property.BooleanPropertyBase.set(Z)V (35 bytes) @ 0x0000000111b48db4 [0x0000000111b48b00+0x2b4]
j  javafx.stage.Window.setShowing(Z)V+11
j  javafx.stage.Window.hide()V+2
J 2835 C1 com.sun.javafx.stage.WindowCloseRequestHandler.dispatchBubblingEvent(Ljavafx/event/Event;)Ljavafx/event/Event; (23 bytes) @ 0x00000001120c47ac [0x00000001120c45a0+0x20c]
J 1686 C1 com.sun.javafx.event.CompositeEventDispatcher.dispatchBubblingEvent(Ljavafx/event/Event;)Ljavafx/event/Event; (35 bytes) @ 0x0000000111d040d4 [0x0000000111d03f20+0x1b4]
J 1583 C1 com.sun.javafx.event.BasicEventDispatcher.dispatchEvent(Ljavafx/event/Event;Ljavafx/event/EventDispatchChain;)Ljavafx/event/Event; (44 bytes) @ 0x0000000111cb4884 [0x0000000111cb45c0+0x2c4]
J 1546 C1 com.sun.javafx.event.EventDispatchChainImpl.dispatchEvent(Ljavafx/event/Event;)Ljavafx/event/Event; (101 bytes) @ 0x0000000111caa42c [0x0000000111caa280+0x1ac]
J 2301 C1 com.sun.javafx.event.EventUtil.fireEvent(Ljavafx/event/EventTarget;Ljavafx/event/Event;)Ljavafx/event/Event; (81 bytes) @ 0x0000000111ed5524 [0x0000000111ed4e80+0x6a4]
J 2300 C1 javafx.event.Event.fireEvent(Ljavafx/event/EventTarget;Ljavafx/event/Event;)V (35 bytes) @ 0x0000000111ed41a4 [0x0000000111ed40e0+0xc4]
j  com.sun.javafx.stage.WindowPeerListener.closing()V+18
j  com.sun.javafx.tk.quantum.GlassStage$2.run()Ljava/lang/Void;+7
j  com.sun.javafx.tk.quantum.GlassStage$2.run()Ljava/lang/Object;+1
v  ~StubRoutines::call_stub
V  [libjvm.dylib+0x2c5d36]  JavaCalls::call_helper(JavaValue*, methodHandle*, JavaCallArguments*, Thread*)+0x6ae
V  [libjvm.dylib+0x31b4c2]  JVM_DoPrivileged+0x4b6
J 1090  java.security.AccessController.doPrivileged(Ljava/security/PrivilegedAction;Ljava/security/AccessControlContext;)Ljava/lang/Object; (0 bytes) @ 0x0000000111bd69d5 [0x0000000111bd6900+0xd5]
j  com.sun.javafx.tk.quantum.GlassStage.requestClosingAllWindows()V+100
j  com.sun.javafx.tk.quantum.QuantumToolkit$15.handleQuitAction(Lcom/sun/glass/ui/Application;J)V+0
j  com.sun.glass.ui.Application.notifyWillQuit()V+14
v  ~StubRoutines::call_stub
V  [libjvm.dylib+0x2c5d36]  JavaCalls::call_helper(JavaValue*, methodHandle*, JavaCallArguments*, Thread*)+0x6ae
V  [libjvm.dylib+0x2faba0]  jni_invoke_nonstatic(JNIEnv_*, JavaValue*, _jobject*, JNICallType, _jmethodID*, JNI_ArgumentPusher*, Thread*)+0x2fb
V  [libjvm.dylib+0x2ed834]  jni_CallVoidMethod+0x16b
C  [libglass.dylib+0xb730]  -[GlassApplication applicationShouldTerminate:]+0xb0
C  [AppKit+0x32eeff]  -[NSApplication _docController:shouldTerminate:]+0x45
C  [AppKit+0x32edcc]  __91-[NSDocumentController(NSInternal) _closeAllDocumentsWithDelegate:shouldTerminateSelector:]_block_invoke+0x209
C  [AppKit+0x32ea14]  -[NSDocumentController(NSInternal) _closeAllDocumentsWithDelegate:shouldTerminateSelector:]+0x527
C  [AppKit+0x32e496]  -[NSDocumentController(NSInternal) __closeAllDocumentsWithDelegate:shouldTerminateSelector:]+0x123
C  [AppKit+0x32e14f]  -[NSApplication _shouldTerminate]+0x2ce
C  [AppKit+0x36e1c2]  -[NSApplication(NSAppleEventHandling) _handleAEQuit]+0x165
C  [AppKit+0x27f99]  -[NSApplication(NSAppleEventHandling) _handleCoreEvent:withReplyEvent:]+0x118
C  [Foundation+0x221e8]  -[NSAppleEventManager dispatchRawAppleEvent:withRawReply:handlerRefCon:]+0x122
C  [Foundation+0x22059]  _NSAppleEventManagerGenericHandler+0x66
C  [AE+0xd99c]  aeDispatchAppleEvent(AEDesc const*, AEDesc*, unsigned int, unsigned char*)+0x213
C  [AE+0xd719]  dispatchEventAndSendReply(AEDesc const*, AEDesc*)+0x1f
C  [AE+0xd623]  aeProcessAppleEvent+0x127
C  [HIToolbox+0x3ba2e]  AEProcessAppleEvent+0x38
C  [AppKit+0x24626]  _DPSNextEvent+0xa69
C  [AppKit+0x23730]  -[NSApplication nextEventMatchingMask:untilDate:inMode:dequeue:]+0xc2
C  [AppKit+0x17593]  -[NSApplication run]+0x252
C  [libglass.dylib+0xbf95]  -[GlassApplication runLoop:]+0x6a5
C  [Foundation+0x65cdc]  __NSThreadPerformPerform+0x125
C  [CoreFoundation+0x80681]  __CFRUNLOOP_IS_CALLING_OUT_TO_A_SOURCE0_PERFORM_FUNCTION__+0x11
C  [CoreFoundation+0x7280d]  __CFRunLoopDoSources0+0x10d
C  [CoreFoundation+0x71e3f]  __CFRunLoopRun+0x39f
C  [CoreFoundation+0x71858]  CFRunLoopRunSpecific+0x128
C  [java+0x56cb]  CreateExecutionEnvironment+0x367
C  [java+0x166c]  JLI_Launch+0x7a0
C  [java+0x7689]  main+0x65
C  [java+0xec4]  start+0x34

Java frames: (J=compiled Java code, j=interpreted, Vv=VM code)
j  com.sun.glass.ui.mac.MacView._close(J)Z+0
j  com.sun.glass.ui.View.close()V+53
j  com.sun.javafx.tk.quantum.ViewScene.dispose()V+17
j  javafx.scene.Scene.impl_disposePeer()V+29
j  javafx.stage.Window$9.invalidated()V+501
J 900 C1 javafx.beans.property.BooleanPropertyBase.set(Z)V (35 bytes) @ 0x0000000111b48db4 [0x0000000111b48b00+0x2b4]
j  javafx.stage.Window.setShowing(Z)V+11
j  javafx.stage.Window.hide()V+2
J 2835 C1 com.sun.javafx.stage.WindowCloseRequestHandler.dispatchBubblingEvent(Ljavafx/event/Event;)Ljavafx/event/Event; (23 bytes) @ 0x00000001120c47ac [0x00000001120c45a0+0x20c]
J 1686 C1 com.sun.javafx.event.CompositeEventDispatcher.dispatchBubblingEvent(Ljavafx/event/Event;)Ljavafx/event/Event; (35 bytes) @ 0x0000000111d040d4 [0x0000000111d03f20+0x1b4]
J 1583 C1 com.sun.javafx.event.BasicEventDispatcher.dispatchEvent(Ljavafx/event/Event;Ljavafx/event/EventDispatchChain;)Ljavafx/event/Event; (44 bytes) @ 0x0000000111cb4884 [0x0000000111cb45c0+0x2c4]
J 1546 C1 com.sun.javafx.event.EventDispatchChainImpl.dispatchEvent(Ljavafx/event/Event;)Ljavafx/event/Event; (101 bytes) @ 0x0000000111caa42c [0x0000000111caa280+0x1ac]
J 2301 C1 com.sun.javafx.event.EventUtil.fireEvent(Ljavafx/event/EventTarget;Ljavafx/event/Event;)Ljavafx/event/Event; (81 bytes) @ 0x0000000111ed5524 [0x0000000111ed4e80+0x6a4]
J 2300 C1 javafx.event.Event.fireEvent(Ljavafx/event/EventTarget;Ljavafx/event/Event;)V (35 bytes) @ 0x0000000111ed41a4 [0x0000000111ed40e0+0xc4]
j  com.sun.javafx.stage.WindowPeerListener.closing()V+18
j  com.sun.javafx.tk.quantum.GlassStage$2.run()Ljava/lang/Void;+7
j  com.sun.javafx.tk.quantum.GlassStage$2.run()Ljava/lang/Object;+1
v  ~StubRoutines::call_stub
J 1090  java.security.AccessController.doPrivileged(Ljava/security/PrivilegedAction;Ljava/security/AccessControlContext;)Ljava/lang/Object; (0 bytes) @ 0x0000000111bd6963 [0x0000000111bd6900+0x63]
j  com.sun.javafx.tk.quantum.GlassStage.requestClosingAllWindows()V+100
j  com.sun.javafx.tk.quantum.QuantumToolkit$15.handleQuitAction(Lcom/sun/glass/ui/Application;J)V+0
j  com.sun.glass.ui.Application.notifyWillQuit()V+14
v  ~StubRoutines::call_stub

---------------  P R O C E S S  ---------------

Java Threads: ( => current thread )
  0x00007ff07c9a8800 JavaThread "Prism Font Disposer" daemon [_thread_blocked, id=49695, stack(0x0000000133194000,0x0000000133294000)]
  0x00007ff07d0a8800 JavaThread "Thread-4" daemon [_thread_in_native, id=36103, stack(0x0000000131077000,0x00000001310f7000)]
=>0x00007ff07c0c2800 JavaThread "JavaFX Application Thread" [_thread_in_native, id=1299, stack(0x00007fff4f526000,0x00007fff4fd26000)]
  0x00007ff07d071000 JavaThread "Thread-2" daemon [_thread_blocked, id=24339, stack(0x000000012ec25000,0x000000012ed25000)]
  0x00007ff07b8f0800 JavaThread "QuantumRenderer-0" daemon [_thread_blocked, id=20227, stack(0x000000012e60b000,0x000000012e70b000)]
  0x00007ff07c814800 JavaThread "JavaFX-Launcher" [_thread_blocked, id=19715, stack(0x000000012e508000,0x000000012e608000)]
  0x00007ff07c03d000 JavaThread "Monitor Ctrl-Break" daemon [_thread_in_native, id=19203, stack(0x000000012e301000,0x000000012e401000)]
  0x00007ff07c80d000 JavaThread "Service Thread" daemon [_thread_blocked, id=18179, stack(0x000000012dfa9000,0x000000012e0a9000)]
  0x00007ff07b862800 JavaThread "C1 CompilerThread2" daemon [_thread_blocked, id=17667, stack(0x000000012dea6000,0x000000012dfa6000)]
  0x00007ff07b861800 JavaThread "C2 CompilerThread1" daemon [_thread_blocked, id=17155, stack(0x000000012dda3000,0x000000012dea3000)]
  0x00007ff07b83d800 JavaThread "C2 CompilerThread0" daemon [_thread_blocked, id=16643, stack(0x000000012dca0000,0x000000012dda0000)]
  0x00007ff07b85d800 JavaThread "Signal Dispatcher" daemon [_thread_blocked, id=13331, stack(0x000000012db9d000,0x000000012dc9d000)]
  0x00007ff07c00c000 JavaThread "Finalizer" daemon [_thread_blocked, id=11523, stack(0x000000012c24e000,0x000000012c34e000)]
  0x00007ff07c00b000 JavaThread "Reference Handler" daemon [_thread_blocked, id=11011, stack(0x000000012c14b000,0x000000012c24b000)]
  0x00007ff07b810800 JavaThread "main" [_thread_blocked, id=4867, stack(0x00000001116c2000,0x00000001117c2000)]

Other Threads:
  0x00007ff07c008800 VMThread [stack: 0x000000012c048000,0x000000012c148000] [id=10499]
  0x00007ff07c80e000 WatcherThread [stack: 0x000000012e0ac000,0x000000012e1ac000] [id=18691]

VM state:not at safepoint (normal execution)

VM Mutex/Monitor currently owned by a thread: None

Heap:
 PSYoungGen      total 20992K, used 12345K [0x000000076ab00000, 0x000000076c300000, 0x00000007c0000000)
  eden space 19456K, 56% used [0x000000076ab00000,0x000000076b5be630,0x000000076be00000)
  from space 1536K, 87% used [0x000000076be80000,0x000000076bfd0000,0x000000076c000000)
  to   space 2560K, 0% used [0x000000076c080000,0x000000076c080000,0x000000076c300000)
 ParOldGen       total 260608K, used 16303K [0x00000006c0000000, 0x00000006cfe80000, 0x000000076ab00000)
  object space 260608K, 6% used [0x00000006c0000000,0x00000006c0febe58,0x00000006cfe80000)
 Metaspace       used 17272K, capacity 17502K, committed 17792K, reserved 1064960K
  class space    used 2516K, capacity 2596K, committed 2688K, reserved 1048576K

Card table byte_map: [0x0000000120bc9000,0x00000001213ca000] byte_map_base: 0x000000011d5c9000

Marking Bits: (ParMarkBitMap*) 0x00000001110670a0
 Begin Bits: [0x0000000121d2c000, 0x0000000125d2c000)
 End Bits:   [0x0000000125d2c000, 0x0000000129d2c000)

Polling page: 0x000000010fffd000

CodeCache: size=245760Kb used=9971Kb max_used=9984Kb free=235788Kb
 bounds [0x0000000111809000, 0x00000001121d9000, 0x0000000120809000]
 total_blobs=3840 nmethods=3203 adapters=551
 compilation: enabled

Compilation events (10 events):
Event: 869.761 Thread 0x00007ff07b861800 3202   !   4       com.sun.glass.ui.mac.MacTouchInputSupport::notifyEndTouchEvent (120 bytes)
Event: 869.761 Thread 0x00007ff07b83d800 3201       4       com.sun.glass.ui.mac.MacGestureSupport::notifyEndTouchEvent (8 bytes)
Event: 869.812 Thread 0x00007ff07b83d800 nmethod 3201 0x00000001121cab10 code [0x00000001121cae00, 0x00000001121cc400]
Event: 869.815 Thread 0x00007ff07b861800 nmethod 3202 0x00000001121cf390 code [0x00000001121cf660, 0x00000001121d0d40]
Event: 932.850 Thread 0x00007ff07b83d800 3203       4       javafx.scene.image.Image$Animation$1::handle (9 bytes)
Event: 932.850 Thread 0x00007ff07b861800 3204       4       javafx.scene.image.Image$Animation::updateImage (39 bytes)
Event: 932.854 Thread 0x00007ff07b861800 nmethod 3204 0x00000001121be690 code [0x00000001121be800, 0x00000001121be9b8]
Event: 932.854 Thread 0x00007ff07b83d800 nmethod 3203 0x00000001121acfd0 code [0x00000001121ad140, 0x00000001121ad358]
Event: 934.652 Thread 0x00007ff07b861800 3205       4       javafx.scene.Node::impl_layoutBoundsChanged (47 bytes)
Event: 934.656 Thread 0x00007ff07b861800 nmethod 3205 0x00000001121bfc90 code [0x00000001121bfe00, 0x00000001121c0038]

GC Heap History (10 events):
Event: 1.069 GC heap before
{Heap before GC invocations=9 (full 0):
 PSYoungGen      total 9216K, used 9184K [0x000000076ab00000, 0x000000076b800000, 0x00000007c0000000)
  eden space 7680K, 100% used [0x000000076ab00000,0x000000076b280000,0x000000076b280000)
  from space 1536K, 97% used [0x000000076b480000,0x000000076b5f8010,0x000000076b600000)
  to   space 2048K, 0% used [0x000000076b280000,0x000000076b280000,0x000000076b480000)
 ParOldGen       total 260608K, used 1776K [0x00000006c0000000, 0x00000006cfe80000, 0x000000076ab00000)
  object space 260608K, 0% used [0x00000006c0000000,0x00000006c01bc0a0,0x00000006cfe80000)
 Metaspace       used 10348K, capacity 10444K, committed 10752K, reserved 1058816K
  class space    used 1408K, capacity 1435K, committed 1536K, reserved 1048576K
Event: 1.074 GC heap after
Heap after GC invocations=9 (full 0):
 PSYoungGen      total 9728K, used 2036K [0x000000076ab00000, 0x000000076bc00000, 0x00000007c0000000)
  eden space 7680K, 0% used [0x000000076ab00000,0x000000076ab00000,0x000000076b280000)
  from space 2048K, 99% used [0x000000076b280000,0x000000076b47d330,0x000000076b480000)
  to   space 2560K, 0% used [0x000000076b980000,0x000000076b980000,0x000000076bc00000)
 ParOldGen       total 260608K, used 4496K [0x00000006c0000000, 0x00000006cfe80000, 0x000000076ab00000)
  object space 260608K, 1% used [0x00000006c0000000,0x00000006c04643a0,0x00000006cfe80000)
 Metaspace       used 10348K, capacity 10444K, committed 10752K, reserved 1058816K
  class space    used 1408K, capacity 1435K, committed 1536K, reserved 1048576K
}
Event: 1.259 GC heap before
{Heap before GC invocations=10 (full 0):
 PSYoungGen      total 9728K, used 9703K [0x000000076ab00000, 0x000000076bc00000, 0x00000007c0000000)
  eden space 7680K, 99% used [0x000000076ab00000,0x000000076b27c968,0x000000076b280000)
  from space 2048K, 99% used [0x000000076b280000,0x000000076b47d330,0x000000076b480000)
  to   space 2560K, 0% used [0x000000076b980000,0x000000076b980000,0x000000076bc00000)
 ParOldGen       total 260608K, used 4496K [0x00000006c0000000, 0x00000006cfe80000, 0x000000076ab00000)
  object space 260608K, 1% used [0x00000006c0000000,0x00000006c04643a0,0x00000006cfe80000)
 Metaspace       used 11730K, capacity 11960K, committed 12032K, reserved 1058816K
  class space    used 1655K, capacity 1731K, committed 1792K, reserved 1048576K
Event: 1.263 GC heap after
Heap after GC invocations=10 (full 0):
 PSYoungGen      total 14848K, used 1909K [0x000000076ab00000, 0x000000076bc00000, 0x00000007c0000000)
  eden space 12288K, 0% used [0x000000076ab00000,0x000000076ab00000,0x000000076b700000)
  from space 2560K, 74% used [0x000000076b980000,0x000000076bb5d490,0x000000076bc00000)
  to   space 2560K, 0% used [0x000000076b700000,0x000000076b700000,0x000000076b980000)
 ParOldGen       total 260608K, used 5792K [0x00000006c0000000, 0x00000006cfe80000, 0x000000076ab00000)
  object space 260608K, 2% used [0x00000006c0000000,0x00000006c05a8070,0x00000006cfe80000)
 Metaspace       used 11730K, capacity 11960K, committed 12032K, reserved 1058816K
  class space    used 1655K, capacity 1731K, committed 1792K, reserved 1048576K
}
Event: 1.607 GC heap before
{Heap before GC invocations=11 (full 0):
 PSYoungGen      total 14848K, used 14197K [0x000000076ab00000, 0x000000076bc00000, 0x00000007c0000000)
  eden space 12288K, 100% used [0x000000076ab00000,0x000000076b700000,0x000000076b700000)
  from space 2560K, 74% used [0x000000076b980000,0x000000076bb5d490,0x000000076bc00000)
  to   space 2560K, 0% used [0x000000076b700000,0x000000076b700000,0x000000076b980000)
 ParOldGen       total 260608K, used 5792K [0x00000006c0000000, 0x00000006cfe80000, 0x000000076ab00000)
  object space 260608K, 2% used [0x00000006c0000000,0x00000006c05a8070,0x00000006cfe80000)
 Metaspace       used 13819K, capacity 14014K, committed 14208K, reserved 1060864K
  class space    used 1990K, capacity 2052K, committed 2176K, reserved 1048576K
Event: 1.611 GC heap after
Heap after GC invocations=11 (full 0):
 PSYoungGen      total 14848K, used 1303K [0x000000076ab00000, 0x000000076c380000, 0x00000007c0000000)
  eden space 12288K, 0% used [0x000000076ab00000,0x000000076ab00000,0x000000076b700000)
  from space 2560K, 50% used [0x000000076b700000,0x000000076b845e40,0x000000076b980000)
  to   space 2560K, 0% used [0x000000076c100000,0x000000076c100000,0x000000076c380000)
 ParOldGen       total 260608K, used 7585K [0x00000006c0000000, 0x00000006cfe80000, 0x000000076ab00000)
  object space 260608K, 2% used [0x00000006c0000000,0x00000006c07685b0,0x00000006cfe80000)
 Metaspace       used 13819K, capacity 14014K, committed 14208K, reserved 1060864K
  class space    used 1990K, capacity 2052K, committed 2176K, reserved 1048576K
}
Event: 8.695 GC heap before
{Heap before GC invocations=12 (full 0):
 PSYoungGen      total 14848K, used 13591K [0x000000076ab00000, 0x000000076c380000, 0x00000007c0000000)
  eden space 12288K, 100% used [0x000000076ab00000,0x000000076b700000,0x000000076b700000)
  from space 2560K, 50% used [0x000000076b700000,0x000000076b845e40,0x000000076b980000)
  to   space 2560K, 0% used [0x000000076c100000,0x000000076c100000,0x000000076c380000)
 ParOldGen       total 260608K, used 7585K [0x00000006c0000000, 0x00000006cfe80000, 0x000000076ab00000)
  object space 260608K, 2% used [0x00000006c0000000,0x00000006c07685b0,0x00000006cfe80000)
 Metaspace       used 16197K, capacity 16414K, committed 16640K, reserved 1062912K
  class space    used 2457K, capacity 2532K, committed 2560K, reserved 1048576K
Event: 8.701 GC heap after
Heap after GC invocations=12 (full 0):
 PSYoungGen      total 22528K, used 1920K [0x000000076ab00000, 0x000000076c380000, 0x00000007c0000000)
  eden space 19968K, 0% used [0x000000076ab00000,0x000000076ab00000,0x000000076be80000)
  from space 2560K, 75% used [0x000000076c100000,0x000000076c2e0000,0x000000076c380000)
  to   space 2560K, 0% used [0x000000076be80000,0x000000076be80000,0x000000076c100000)
 ParOldGen       total 260608K, used 10663K [0x00000006c0000000, 0x00000006cfe80000, 0x000000076ab00000)
  object space 260608K, 4% used [0x00000006c0000000,0x00000006c0a69e38,0x00000006cfe80000)
 Metaspace       used 16197K, capacity 16414K, committed 16640K, reserved 1062912K
  class space    used 2457K, capacity 2532K, committed 2560K, reserved 1048576K
}
Event: 102.712 GC heap before
{Heap before GC invocations=13 (full 0):
 PSYoungGen      total 22528K, used 21888K [0x000000076ab00000, 0x000000076c380000, 0x00000007c0000000)
  eden space 19968K, 100% used [0x000000076ab00000,0x000000076be80000,0x000000076be80000)
  from space 2560K, 75% used [0x000000076c100000,0x000000076c2e0000,0x000000076c380000)
  to   space 2560K, 0% used [0x000000076be80000,0x000000076be80000,0x000000076c100000)
 ParOldGen       total 260608K, used 10663K [0x00000006c0000000, 0x00000006cfe80000, 0x000000076ab00000)
  object space 260608K, 4% used [0x00000006c0000000,0x00000006c0a69e38,0x00000006cfe80000)
 Metaspace       used 17265K, capacity 17502K, committed 17792K, reserved 1064960K
  class space    used 2513K, capacity 2596K, committed 2688K, reserved 1048576K
Event: 102.721 GC heap after
Heap after GC invocations=13 (full 0):
 PSYoungGen      total 20992K, used 1344K [0x000000076ab00000, 0x000000076c300000, 0x00000007c0000000)
  eden space 19456K, 0% used [0x000000076ab00000,0x000000076ab00000,0x000000076be00000)
  from space 1536K, 87% used [0x000000076be80000,0x000000076bfd0000,0x000000076c000000)
  to   space 2560K, 0% used [0x000000076c080000,0x000000076c080000,0x000000076c300000)
 ParOldGen       total 260608K, used 16303K [0x00000006c0000000, 0x00000006cfe80000, 0x000000076ab00000)
  object space 260608K, 6% used [0x00000006c0000000,0x00000006c0febe58,0x00000006cfe80000)
 Metaspace       used 17265K, capacity 17502K, committed 17792K, reserved 1064960K
  class space    used 2513K, capacity 2596K, committed 2688K, reserved 1048576K
}

Deoptimization events (10 events):
Event: 12.741 Thread 0x00007ff07c0c2800 Uncommon trap: reason=class_check action=maybe_recompile pc=0x0000000111e75aa4 method=javafx.scene.Node.updateLocalToParentTransform()V @ 11
Event: 12.742 Thread 0x00007ff07c0c2800 Uncommon trap: reason=class_check action=maybe_recompile pc=0x0000000111e75aa4 method=javafx.scene.Node.updateLocalToParentTransform()V @ 11
Event: 12.742 Thread 0x00007ff07c0c2800 Uncommon trap: reason=class_check action=maybe_recompile pc=0x0000000111e75aa4 method=javafx.scene.Node.updateLocalToParentTransform()V @ 11
Event: 12.742 Thread 0x00007ff07c0c2800 Uncommon trap: reason=class_check action=maybe_recompile pc=0x0000000111e75aa4 method=javafx.scene.Node.updateLocalToParentTransform()V @ 11
Event: 13.195 Thread 0x00007ff07c0c2800 Uncommon trap: reason=array_check action=maybe_recompile pc=0x0000000111f5c284 method=com.sun.javafx.css.SimpleSelector.applies(Ljavafx/css/Styleable;[Ljava/util/Set;I)Z @ 37
Event: 13.195 Thread 0x00007ff07c0c2800 Uncommon trap: reason=array_check action=maybe_recompile pc=0x0000000111f5c284 method=com.sun.javafx.css.SimpleSelector.applies(Ljavafx/css/Styleable;[Ljava/util/Set;I)Z @ 37
Event: 13.195 Thread 0x00007ff07c0c2800 Uncommon trap: reason=array_check action=maybe_recompile pc=0x0000000111f5c284 method=com.sun.javafx.css.SimpleSelector.applies(Ljavafx/css/Styleable;[Ljava/util/Set;I)Z @ 37
Event: 13.195 Thread 0x00007ff07c0c2800 Uncommon trap: reason=array_check action=maybe_recompile pc=0x0000000111f5c284 method=com.sun.javafx.css.SimpleSelector.applies(Ljavafx/css/Styleable;[Ljava/util/Set;I)Z @ 37
Event: 18.586 Thread 0x00007ff07c0c2800 Uncommon trap: reason=array_check action=maybe_recompile pc=0x0000000112135b4c method=com.sun.javafx.css.CompoundSelector.applies(Ljavafx/css/Styleable;[Ljava/util/Set;I)Z @ 128
Event: 19.636 Thread 0x00007ff07c0c2800 Uncommon trap: reason=unreached action=reinterpret pc=0x0000000111d9b114 method=javafx.scene.CssStyleHelper.lookup(Ljavafx/css/Styleable;Ljavafx/css/CssMetaData;Lcom/sun/javafx/css/StyleMap;Ljava/util/Set;Ljavafx/css/Styleable;Lcom/sun/javafx/css/Calculat

Internal exceptions (10 events):
Event: 1.333 Thread 0x00007ff07c0c2800 Exception <a 'java/security/PrivilegedActionException'> (0x000000076b29e1f0) thrown at [/HUDSON3/workspace/8-2-build-macosx-x86_64/jdk8u11/648/hotspot/src/share/vm/prims/jvm.cpp, line 1248]
Event: 1.428 Thread 0x00007ff07c0c2800 Implicit null exception at 0x0000000111a8fff5 to 0x0000000111a901f9
Event: 1.428 Thread 0x00007ff07c0c2800 Implicit null exception at 0x0000000111ab003b to 0x0000000111ab0965
Event: 8.528 Thread 0x00007ff07c0c2800 Exception <a 'java/security/PrivilegedActionException'> (0x000000076aff04e8) thrown at [/HUDSON3/workspace/8-2-build-macosx-x86_64/jdk8u11/648/hotspot/src/share/vm/prims/jvm.cpp, line 1248]
Event: 8.557 Thread 0x00007ff07c0c2800 Exception <a 'java/security/PrivilegedActionException'> (0x000000076b0f9180) thrown at [/HUDSON3/workspace/8-2-build-macosx-x86_64/jdk8u11/648/hotspot/src/share/vm/prims/jvm.cpp, line 1248]
Event: 8.557 Thread 0x00007ff07c0c2800 Exception <a 'java/security/PrivilegedActionException'> (0x000000076b10e608) thrown at [/HUDSON3/workspace/8-2-build-macosx-x86_64/jdk8u11/648/hotspot/src/share/vm/prims/jvm.cpp, line 1248]
Event: 8.558 Thread 0x00007ff07c0c2800 Exception <a 'java/security/PrivilegedActionException'> (0x000000076b12c898) thrown at [/HUDSON3/workspace/8-2-build-macosx-x86_64/jdk8u11/648/hotspot/src/share/vm/prims/jvm.cpp, line 1248]
Event: 8.576 Thread 0x00007ff07c0c2800 Implicit null exception at 0x0000000111cf6e59 to 0x0000000111cf9945
Event: 12.733 Thread 0x00007ff07c0c2800 Implicit null exception at 0x0000000111dac210 to 0x0000000111dac825
Event: 19.620 Thread 0x00007ff07c0c2800 Exception <a 'java/security/PrivilegedActionException'> (0x000000076b7bee08) thrown at [/HUDSON3/workspace/8-2-build-macosx-x86_64/jdk8u11/648/hotspot/src/share/vm/prims/jvm.cpp, line 1248]

Events (10 events):
Event: 102.712 Executing VM operation: ParallelGCFailedAllocation
Event: 102.721 Executing VM operation: ParallelGCFailedAllocation done
Event: 102.721 Executing VM operation: RevokeBias
Event: 102.721 Executing VM operation: RevokeBias done
Event: 103.133 loading class java/util/ArrayList$1
Event: 103.133 loading class java/util/ArrayList$1 done
Event: 981.286 loading class com/sun/javafx/tk/quantum/GlassStage$2
Event: 981.286 loading class com/sun/javafx/tk/quantum/GlassStage$2 done
Event: 981.288 loading class com/sun/javafx/application/PlatformImpl$9
Event: 981.288 loading class com/sun/javafx/application/PlatformImpl$9 done


Dynamic libraries:
0x0000000008759000 	/System/Library/Frameworks/Cocoa.framework/Versions/A/Cocoa
0x0000000008759000 	/System/Library/Frameworks/Security.framework/Versions/A/Security
0x0000000008759000 	/System/Library/Frameworks/ApplicationServices.framework/Versions/A/ApplicationServices
0x0000000008759000 	/usr/lib/libz.1.dylib
0x0000000008759000 	/usr/lib/libSystem.B.dylib
0x0000000008759000 	/usr/lib/libobjc.A.dylib
0x0000000008759000 	/System/Library/Frameworks/CoreFoundation.framework/Versions/A/CoreFoundation
0x0000000008759000 	/System/Library/Frameworks/Foundation.framework/Versions/C/Foundation
0x0000000008759000 	/System/Library/Frameworks/AppKit.framework/Versions/C/AppKit
0x0000000008759000 	/System/Library/Frameworks/CoreData.framework/Versions/A/CoreData
0x0000000008759000 	/System/Library/PrivateFrameworks/RemoteViewServices.framework/Versions/A/RemoteViewServices
0x0000000008759000 	/System/Library/PrivateFrameworks/UIFoundation.framework/Versions/A/UIFoundation
0x0000000008759000 	/System/Library/Frameworks/IOSurface.framework/Versions/A/IOSurface
0x0000000008759000 	/System/Library/Frameworks/AudioToolbox.framework/Versions/A/AudioToolbox
0x0000000008759000 	/System/Library/Frameworks/AudioUnit.framework/Versions/A/AudioUnit
0x0000000008759000 	/System/Library/PrivateFrameworks/DataDetectorsCore.framework/Versions/A/DataDetectorsCore
0x0000000008759000 	/System/Library/PrivateFrameworks/DesktopServicesPriv.framework/Versions/A/DesktopServicesPriv
0x0000000008759000 	/System/Library/Frameworks/Carbon.framework/Versions/A/Frameworks/HIToolbox.framework/Versions/A/HIToolbox
0x0000000008759000 	/System/Library/Frameworks/QuartzCore.framework/Versions/A/QuartzCore
0x0000000008759000 	/System/Library/Frameworks/Carbon.framework/Versions/A/Frameworks/SpeechRecognition.framework/Versions/A/SpeechRecognition
0x0000000008759000 	/usr/lib/libauto.dylib
0x0000000008759000 	/usr/lib/libicucore.A.dylib
0x0000000008759000 	/usr/lib/libxml2.2.dylib
0x0000000008759000 	/System/Library/PrivateFrameworks/CoreUI.framework/Versions/A/CoreUI
0x0000000008759000 	/System/Library/Frameworks/CoreAudio.framework/Versions/A/CoreAudio
0x0000000008759000 	/System/Library/Frameworks/DiskArbitration.framework/Versions/A/DiskArbitration
0x0000000008759000 	/usr/lib/liblangid.dylib
0x0000000008759000 	/System/Library/PrivateFrameworks/MultitouchSupport.framework/Versions/A/MultitouchSupport
0x0000000008759000 	/System/Library/Frameworks/IOKit.framework/Versions/A/IOKit
0x0000000008759000 	/usr/lib/libDiagnosticMessagesClient.dylib
0x0000000008759000 	/System/Library/Frameworks/CoreServices.framework/Versions/A/CoreServices
0x0000000008759000 	/System/Library/PrivateFrameworks/PerformanceAnalysis.framework/Versions/A/PerformanceAnalysis
0x0000000008759000 	/System/Library/PrivateFrameworks/GenerationalStorage.framework/Versions/A/GenerationalStorage
0x0000000008759000 	/System/Library/Frameworks/OpenGL.framework/Versions/A/OpenGL
0x0000000008759000 	/System/Library/PrivateFrameworks/Sharing.framework/Versions/A/Sharing
0x0000000008759000 	/System/Library/Frameworks/CoreGraphics.framework/Versions/A/CoreGraphics
0x0000000008759000 	/System/Library/Frameworks/CoreText.framework/Versions/A/CoreText
0x0000000008759000 	/System/Library/Frameworks/ImageIO.framework/Versions/A/ImageIO
0x0000000008759000 	/usr/lib/libextension.dylib
0x0000000008759000 	/System/Library/PrivateFrameworks/Backup.framework/Versions/A/Backup
0x0000000008759000 	/usr/lib/libarchive.2.dylib
0x0000000008759000 	/System/Library/Frameworks/CFNetwork.framework/Versions/A/CFNetwork
0x0000000008759000 	/System/Library/Frameworks/SystemConfiguration.framework/Versions/A/SystemConfiguration
0x0000000008759000 	/usr/lib/libCRFSuite.dylib
0x0000000008759000 	/usr/lib/libc++.1.dylib
0x0000000008759000 	/usr/lib/libc++abi.dylib
0x0000000008759000 	/usr/lib/system/libcache.dylib
0x0000000008759000 	/usr/lib/system/libcommonCrypto.dylib
0x0000000008759000 	/usr/lib/system/libcompiler_rt.dylib
0x0000000008759000 	/usr/lib/system/libcopyfile.dylib
0x0000000008759000 	/usr/lib/system/libcorecrypto.dylib
0x0000000008759000 	/usr/lib/system/libdispatch.dylib
0x0000000008759000 	/usr/lib/system/libdyld.dylib
0x0000000008759000 	/usr/lib/system/libkeymgr.dylib
0x0000000008759000 	/usr/lib/system/liblaunch.dylib
0x0000000008759000 	/usr/lib/system/libmacho.dylib
0x0000000008759000 	/usr/lib/system/libquarantine.dylib
0x0000000008759000 	/usr/lib/system/libremovefile.dylib
0x0000000008759000 	/usr/lib/system/libsystem_asl.dylib
0x0000000008759000 	/usr/lib/system/libsystem_blocks.dylib
0x0000000008759000 	/usr/lib/system/libsystem_c.dylib
0x0000000008759000 	/usr/lib/system/libsystem_configuration.dylib
0x0000000008759000 	/usr/lib/system/libsystem_coreservices.dylib
0x0000000008759000 	/usr/lib/system/libsystem_coretls.dylib
0x0000000008759000 	/usr/lib/system/libsystem_dnssd.dylib
0x0000000008759000 	/usr/lib/system/libsystem_info.dylib
0x0000000008759000 	/usr/lib/system/libsystem_kernel.dylib
0x0000000008759000 	/usr/lib/system/libsystem_m.dylib
0x0000000008759000 	/usr/lib/system/libsystem_malloc.dylib
0x0000000008759000 	/usr/lib/system/libsystem_network.dylib
0x0000000008759000 	/usr/lib/system/libsystem_networkextension.dylib
0x0000000008759000 	/usr/lib/system/libsystem_notify.dylib
0x0000000008759000 	/usr/lib/system/libsystem_platform.dylib
0x0000000008759000 	/usr/lib/system/libsystem_pthread.dylib
0x0000000008759000 	/usr/lib/system/libsystem_sandbox.dylib
0x0000000008759000 	/usr/lib/system/libsystem_secinit.dylib
0x0000000008759000 	/usr/lib/system/libsystem_stats.dylib
0x0000000008759000 	/usr/lib/system/libsystem_trace.dylib
0x0000000008759000 	/usr/lib/system/libunc.dylib
0x0000000008759000 	/usr/lib/system/libunwind.dylib
0x0000000008759000 	/usr/lib/system/libxpc.dylib
0x0000000008759000 	/usr/lib/libbz2.1.0.dylib
0x0000000008759000 	/usr/lib/liblzma.5.dylib
0x0000000008759000 	/usr/lib/libbsm.0.dylib
0x0000000008759000 	/usr/lib/libsqlite3.dylib
0x0000000008759000 	/usr/lib/system/libkxld.dylib
0x0000000008759000 	/usr/lib/libxar.1.dylib
0x0000000008759000 	/usr/lib/libpam.2.dylib
0x0000000008759000 	/usr/lib/libOpenScriptingUtil.dylib
0x0000000008759000 	/System/Library/Frameworks/CoreServices.framework/Versions/A/Frameworks/FSEvents.framework/Versions/A/FSEvents
0x0000000008759000 	/System/Library/Frameworks/CoreServices.framework/Versions/A/Frameworks/CarbonCore.framework/Versions/A/CarbonCore
0x0000000008759000 	/System/Library/Frameworks/CoreServices.framework/Versions/A/Frameworks/Metadata.framework/Versions/A/Metadata
0x0000000008759000 	/System/Library/Frameworks/CoreServices.framework/Versions/A/Frameworks/OSServices.framework/Versions/A/OSServices
0x0000000008759000 	/System/Library/Frameworks/CoreServices.framework/Versions/A/Frameworks/SearchKit.framework/Versions/A/SearchKit
0x0000000008759000 	/System/Library/Frameworks/CoreServices.framework/Versions/A/Frameworks/AE.framework/Versions/A/AE
0x0000000008759000 	/System/Library/Frameworks/CoreServices.framework/Versions/A/Frameworks/LaunchServices.framework/Versions/A/LaunchServices
0x0000000008759000 	/System/Library/Frameworks/CoreServices.framework/Versions/A/Frameworks/DictionaryServices.framework/Versions/A/DictionaryServices
0x0000000008759000 	/System/Library/Frameworks/NetFS.framework/Versions/A/NetFS
0x0000000008759000 	/System/Library/PrivateFrameworks/NetAuth.framework/Versions/A/NetAuth
0x0000000008759000 	/System/Library/PrivateFrameworks/login.framework/Versions/A/Frameworks/loginsupport.framework/Versions/A/loginsupport
0x0000000008759000 	/System/Library/PrivateFrameworks/TCC.framework/Versions/A/TCC
0x0000000008759000 	/usr/lib/libmecabra.dylib
0x0000000008759000 	/System/Library/Frameworks/ApplicationServices.framework/Versions/A/Frameworks/ATS.framework/Versions/A/ATS
0x0000000008759000 	/System/Library/Frameworks/ApplicationServices.framework/Versions/A/Frameworks/ColorSync.framework/Versions/A/ColorSync
0x0000000008759000 	/System/Library/Frameworks/ApplicationServices.framework/Versions/A/Frameworks/HIServices.framework/Versions/A/HIServices
0x0000000008759000 	/System/Library/Frameworks/ApplicationServices.framework/Versions/A/Frameworks/LangAnalysis.framework/Versions/A/LangAnalysis
0x0000000008759000 	/System/Library/Frameworks/ApplicationServices.framework/Versions/A/Frameworks/PrintCore.framework/Versions/A/PrintCore
0x0000000008759000 	/System/Library/Frameworks/ApplicationServices.framework/Versions/A/Frameworks/QD.framework/Versions/A/QD
0x0000000008759000 	/System/Library/Frameworks/ApplicationServices.framework/Versions/A/Frameworks/SpeechSynthesis.framework/Versions/A/SpeechSynthesis
0x0000000008759000 	/System/Library/Frameworks/Accelerate.framework/Versions/A/Accelerate
0x0000000008759000 	/System/Library/Frameworks/Accelerate.framework/Versions/A/Frameworks/vImage.framework/Versions/A/vImage
0x0000000008759000 	/System/Library/Frameworks/Accelerate.framework/Versions/A/Frameworks/vecLib.framework/Versions/A/vecLib
0x0000000008759000 	/System/Library/Frameworks/Accelerate.framework/Versions/A/Frameworks/vecLib.framework/Versions/A/libvDSP.dylib
0x0000000008759000 	/System/Library/Frameworks/Accelerate.framework/Versions/A/Frameworks/vecLib.framework/Versions/A/libvMisc.dylib
0x0000000008759000 	/System/Library/Frameworks/Accelerate.framework/Versions/A/Frameworks/vecLib.framework/Versions/A/libLAPACK.dylib
0x0000000008759000 	/System/Library/Frameworks/Accelerate.framework/Versions/A/Frameworks/vecLib.framework/Versions/A/libBLAS.dylib
0x0000000008759000 	/System/Library/Frameworks/Accelerate.framework/Versions/A/Frameworks/vecLib.framework/Versions/A/libLinearAlgebra.dylib
0x0000000008759000 	/System/Library/Frameworks/ApplicationServices.framework/Versions/A/Frameworks/ATS.framework/Versions/A/Resources/libFontParser.dylib
0x0000000008759000 	/System/Library/Frameworks/ApplicationServices.framework/Versions/A/Frameworks/ATS.framework/Versions/A/Resources/libFontRegistry.dylib
0x0000000008759000 	/System/Library/PrivateFrameworks/AppleVPA.framework/Versions/A/AppleVPA
0x0000000008759000 	/System/Library/PrivateFrameworks/AppleJPEG.framework/Versions/A/AppleJPEG
0x0000000008759000 	/System/Library/Frameworks/ImageIO.framework/Versions/A/Resources/libJPEG.dylib
0x0000000008759000 	/System/Library/Frameworks/ImageIO.framework/Versions/A/Resources/libTIFF.dylib
0x0000000008759000 	/System/Library/Frameworks/ImageIO.framework/Versions/A/Resources/libPng.dylib
0x0000000008759000 	/System/Library/Frameworks/ImageIO.framework/Versions/A/Resources/libGIF.dylib
0x0000000008759000 	/System/Library/Frameworks/ImageIO.framework/Versions/A/Resources/libJP2.dylib
0x0000000008759000 	/System/Library/Frameworks/ImageIO.framework/Versions/A/Resources/libRadiance.dylib
0x0000000008759000 	/System/Library/Frameworks/CoreVideo.framework/Versions/A/CoreVideo
0x0000000008759000 	/System/Library/Frameworks/OpenGL.framework/Versions/A/Libraries/libGLU.dylib
0x0000000008759000 	/System/Library/Frameworks/OpenGL.framework/Versions/A/Libraries/libGFXShared.dylib
0x0000000008759000 	/System/Library/Frameworks/OpenGL.framework/Versions/A/Libraries/libGL.dylib
0x0000000008759000 	/System/Library/Frameworks/OpenGL.framework/Versions/A/Libraries/libGLImage.dylib
0x0000000008759000 	/System/Library/Frameworks/OpenGL.framework/Versions/A/Libraries/libCVMSPluginSupport.dylib
0x0000000008759000 	/System/Library/Frameworks/OpenGL.framework/Versions/A/Libraries/libCoreVMClient.dylib
0x0000000008759000 	/usr/lib/libcups.2.dylib
0x0000000008759000 	/System/Library/Frameworks/Kerberos.framework/Versions/A/Kerberos
0x0000000008759000 	/System/Library/Frameworks/GSS.framework/Versions/A/GSS
0x0000000008759000 	/usr/lib/libresolv.9.dylib
0x0000000008759000 	/usr/lib/libiconv.2.dylib
0x0000000008759000 	/System/Library/PrivateFrameworks/Heimdal.framework/Versions/A/Heimdal
0x0000000008759000 	/usr/lib/libheimdal-asn1.dylib
0x0000000008759000 	/System/Library/Frameworks/OpenDirectory.framework/Versions/A/OpenDirectory
0x0000000008759000 	/System/Library/PrivateFrameworks/CommonAuth.framework/Versions/A/CommonAuth
0x0000000008759000 	/System/Library/Frameworks/OpenDirectory.framework/Versions/A/Frameworks/CFOpenDirectory.framework/Versions/A/CFOpenDirectory
0x0000000008759000 	/System/Library/Frameworks/SecurityFoundation.framework/Versions/A/SecurityFoundation
0x0000000008759000 	/System/Library/PrivateFrameworks/LanguageModeling.framework/Versions/A/LanguageModeling
0x0000000008759000 	/usr/lib/libcmph.dylib
0x0000000008759000 	/System/Library/Frameworks/ServiceManagement.framework/Versions/A/ServiceManagement
0x0000000008759000 	/usr/lib/libxslt.1.dylib
0x0000000008759000 	/System/Library/Frameworks/Carbon.framework/Versions/A/Frameworks/Ink.framework/Versions/A/Ink
0x0000000008759000 	/System/Library/Frameworks/QuartzCore.framework/Versions/A/Frameworks/CoreImage.framework/Versions/A/CoreImage
0x0000000008759000 	/System/Library/PrivateFrameworks/CrashReporterSupport.framework/Versions/A/CrashReporterSupport
0x0000000008759000 	/System/Library/Frameworks/OpenCL.framework/Versions/A/OpenCL
0x0000000008759000 	/System/Library/PrivateFrameworks/FaceCore.framework/Versions/A/FaceCore
0x0000000008759000 	/System/Library/PrivateFrameworks/Ubiquity.framework/Versions/A/Ubiquity
0x0000000008759000 	/System/Library/PrivateFrameworks/IconServices.framework/Versions/A/IconServices
0x0000000008759000 	/System/Library/PrivateFrameworks/ChunkingLibrary.framework/Versions/A/ChunkingLibrary
0x0000000008759000 	/System/Library/PrivateFrameworks/Apple80211.framework/Versions/A/Apple80211
0x0000000008759000 	/System/Library/Frameworks/CoreWLAN.framework/Versions/A/CoreWLAN
0x0000000008759000 	/System/Library/Frameworks/IOBluetooth.framework/Versions/A/IOBluetooth
0x0000000008759000 	/System/Library/PrivateFrameworks/CoreWiFi.framework/Versions/A/CoreWiFi
0x0000000008759000 	/System/Library/Frameworks/CoreBluetooth.framework/Versions/A/CoreBluetooth
0x0000000008759000 	/System/Library/PrivateFrameworks/DebugSymbols.framework/Versions/A/DebugSymbols
0x0000000008759000 	/System/Library/PrivateFrameworks/CoreSymbolication.framework/Versions/A/CoreSymbolication
0x0000000008759000 	/System/Library/PrivateFrameworks/Symbolication.framework/Versions/A/Symbolication
0x0000000008759000 	/System/Library/PrivateFrameworks/SpeechRecognitionCore.framework/Versions/A/SpeechRecognitionCore
0x0000000110800000 	/Library/Java/JavaVirtualMachines/jdk1.8.0_11.jdk/Contents/Home/jre/lib/server/libjvm.dylib
0x0000000008759000 	/usr/lib/libstdc++.6.dylib
0x000000010ffef000 	/Library/Java/JavaVirtualMachines/jdk1.8.0_11.jdk/Contents/Home/jre/lib/libverify.dylib
0x00000001117c4000 	/Library/Java/JavaVirtualMachines/jdk1.8.0_11.jdk/Contents/Home/jre/lib/libjava.dylib
0x0000000111800000 	/Library/Java/JavaVirtualMachines/jdk1.8.0_11.jdk/Contents/Home/jre/lib/libzip.dylib
0x000000012c350000 	/System/Library/Frameworks/JavaVM.framework/Frameworks/JavaRuntimeSupport.framework/JavaRuntimeSupport
0x000000012c368000 	/System/Library/Frameworks/JavaVM.framework/Versions/A/Frameworks/JavaNativeFoundation.framework/Versions/A/JavaNativeFoundation
0x000000012c37d000 	/System/Library/Frameworks/JavaVM.framework/Versions/A/JavaVM
0x0000000008759000 	/System/Library/Frameworks/Carbon.framework/Versions/A/Carbon
0x000000012c38a000 	/System/Library/PrivateFrameworks/JavaLaunching.framework/Versions/A/JavaLaunching
0x0000000008759000 	/System/Library/Frameworks/Carbon.framework/Versions/A/Frameworks/CommonPanels.framework/Versions/A/CommonPanels
0x0000000008759000 	/System/Library/Frameworks/Carbon.framework/Versions/A/Frameworks/Help.framework/Versions/A/Help
0x0000000008759000 	/System/Library/Frameworks/Carbon.framework/Versions/A/Frameworks/ImageCapture.framework/Versions/A/ImageCapture
0x0000000008759000 	/System/Library/Frameworks/Carbon.framework/Versions/A/Frameworks/OpenScripting.framework/Versions/A/OpenScripting
0x0000000008759000 	/System/Library/Frameworks/Carbon.framework/Versions/A/Frameworks/Print.framework/Versions/A/Print
0x0000000008759000 	/System/Library/Frameworks/Carbon.framework/Versions/A/Frameworks/SecurityHI.framework/Versions/A/SecurityHI
0x000000012e2fd000 	/Applications/IntelliJ IDEA 14 CE.app/Contents/bin/libbreakgen64.jnilib
0x000000012e4a9000 	/Library/Java/JavaVirtualMachines/jdk1.8.0_11.jdk/Contents/Home/jre/lib/libnet.dylib
0x000000012e70d000 	/Library/Java/JavaVirtualMachines/jdk1.8.0_11.jdk/Contents/Home/jre/lib/libprism_es2.dylib
0x0000000008759000 	/System/Library/Frameworks/OpenGL.framework/Versions/A/Resources/GLEngine.bundle/GLEngine
0x0000000008759000 	/System/Library/Frameworks/OpenGL.framework/Versions/A/Libraries/libGLProgrammability.dylib
0x0000000000000000 	/System/Library/Extensions/AppleIntelHD5000GraphicsGLDriver.bundle/Contents/MacOS/AppleIntelHD5000GraphicsGLDriver
0x0000000008759000 	/System/Library/PrivateFrameworks/IOAccelerator.framework/Versions/A/IOAccelerator
0x0000000008759000 	/System/Library/PrivateFrameworks/GPUSupport.framework/Versions/A/Libraries/libGPUSupportMercury.dylib
0x0000000008759000 	/System/Library/Frameworks/OpenGL.framework/Versions/A/Resources/GLRendererFloat.bundle/GLRendererFloat
0x0000000008759000 	/System/Library/Frameworks/OpenCL.framework/Versions/A/Libraries/libcldcpuengine.dylib
0x0000000008759000 	/System/Library/PrivateFrameworks/DiskImages.framework/Versions/A/DiskImages
0x0000000008759000 	/System/Library/Frameworks/DiscRecording.framework/Versions/A/DiscRecording
0x0000000008759000 	/usr/lib/libcsfde.dylib
0x0000000008759000 	/usr/lib/libcurl.4.dylib
0x0000000008759000 	/System/Library/PrivateFrameworks/MediaKit.framework/Versions/A/MediaKit
0x0000000008759000 	/System/Library/PrivateFrameworks/ProtectedCloudStorage.framework/Versions/A/ProtectedCloudStorage
0x0000000008759000 	/usr/lib/libCoreStorage.dylib
0x0000000008759000 	/System/Library/PrivateFrameworks/EFILogin.framework/Versions/A/EFILogin
0x0000000008759000 	/usr/lib/libutil.dylib
0x0000000008759000 	/System/Library/PrivateFrameworks/FindMyDevice.framework/Versions/A/FindMyDevice
0x0000000008759000 	/System/Library/Frameworks/LDAP.framework/Versions/A/LDAP
0x0000000008759000 	/usr/lib/libsasl2.2.dylib
0x0000000008759000 	/System/Library/PrivateFrameworks/CoreDaemon.framework/Versions/B/CoreDaemon
0x0000000008759000 	/usr/lib/libcrypto.0.9.8.dylib
0x0000000008759000 	/System/Library/PrivateFrameworks/AppleSRP.framework/Versions/A/AppleSRP
0x0000000008759000 	/System/Library/PrivateFrameworks/TrustEvaluationAgent.framework/Versions/A/TrustEvaluationAgent
0x000000012ebba000 	/Library/Java/JavaVirtualMachines/jdk1.8.0_11.jdk/Contents/Home/jre/lib/libglass.dylib
0x0000000008759000 	/System/Library/PrivateFrameworks/CoreServicesInternal.framework/Versions/A/CoreServicesInternal
0x0000000008759000 	/System/Library/PrivateFrameworks/CloudDocs.framework/Versions/A/CloudDocs
0x0000000008759000 	/System/Library/PrivateFrameworks/CoreDuet.framework/Versions/A/CoreDuet
0x0000000008759000 	/System/Library/Frameworks/CloudKit.framework/Versions/A/CloudKit
0x0000000008759000 	/System/Library/PrivateFrameworks/ProtocolBuffer.framework/Versions/A/ProtocolBuffer
0x0000000008759000 	/System/Library/PrivateFrameworks/CoreDuetDaemonProtocol.framework/Versions/A/CoreDuetDaemonProtocol
0x0000000008759000 	/System/Library/PrivateFrameworks/CoreDuetDebugLogging.framework/Versions/A/CoreDuetDebugLogging
0x0000000008759000 	/System/Library/Frameworks/CoreLocation.framework/Versions/A/CoreLocation
0x0000000008759000 	/System/Library/Frameworks/Accounts.framework/Versions/A/Accounts
0x0000000008759000 	/System/Library/PrivateFrameworks/ApplePushService.framework/Versions/A/ApplePushService
0x0000000008759000 	/System/Library/PrivateFrameworks/GeoServices.framework/Versions/A/GeoServices
0x0000000008759000 	/System/Library/PrivateFrameworks/OAuth.framework/Versions/A/OAuth
0x0000000008759000 	/System/Library/Frameworks/CoreGraphics.framework/Versions/A/Resources/libCGCMS.A.dylib
0x0000000008759000 	/System/Library/CoreServices/RawCamera.bundle/Contents/MacOS/RawCamera
0x0000000008759000 	/System/Library/Frameworks/CoreGraphics.framework/Versions/A/Resources/libRIP.A.dylib
0x0000000008759000 	/System/Library/PrivateFrameworks/FamilyControls.framework/Versions/A/FamilyControls
0x0000000008759000 	/System/Library/PrivateFrameworks/CommerceKit.framework/Versions/A/Frameworks/CommerceCore.framework/Versions/A/CommerceCore
0x0000000008759000 	/System/Library/PrivateFrameworks/SystemAdministration.framework/Versions/A/SystemAdministration
0x0000000008759000 	/System/Library/PrivateFrameworks/AppContainer.framework/Versions/A/AppContainer
0x0000000008759000 	/System/Library/PrivateFrameworks/SecCodeWrapper.framework/Versions/A/SecCodeWrapper
0x0000000008759000 	/System/Library/Frameworks/DirectoryService.framework/Versions/A/DirectoryService
0x0000000008759000 	/System/Library/PrivateFrameworks/LoginUIKit.framework/Versions/A/Frameworks/LoginUICore.framework/Versions/A/LoginUICore
0x0000000008759000 	/usr/lib/libodfde.dylib
0x0000000132303000 	/Library/Java/JavaVirtualMachines/jdk1.8.0_11.jdk/Contents/Home/jre/lib/libjavafx_font.dylib
0x0000000008759000 	/System/Library/Frameworks/CoreGraphics.framework/Versions/A/Resources/libCGXType.A.dylib
0x0000000132a5f000 	cl_kernels
0x0000000135151000 	/System/Library/Frameworks/OpenCL.framework/Versions/A/Libraries/ImageFormats/unorm8_bgra.dylib
0x0000000132a51000 	cl_kernels
0x0000000135470000 	/Library/Java/JavaVirtualMachines/jdk1.8.0_11.jdk/Contents/Home/jre/lib/libprism_common.dylib

VM Arguments:
jvm_args: -Didea.launcher.port=7532 -Didea.launcher.bin.path=/Applications/IntelliJ IDEA 14 CE.app/Contents/bin -Dfile.encoding=UTF-8 
java_command: com.intellij.rt.execution.application.AppMain Model.Main
java_class_path (initial): /Library/Java/JavaVirtualMachines/jdk1.8.0_11.jdk/Contents/Home/lib/ant-javafx.jar:/Library/Java/JavaVirtualMachines/jdk1.8.0_11.jdk/Contents/Home/lib/dt.jar:/Library/Java/JavaVirtualMachines/jdk1.8.0_11.jdk/Contents/Home/lib/javafx-mx.jar:/Library/Java/JavaVirtualMachines/jdk1.8.0_11.jdk/Contents/Home/lib/jconsole.jar:/Library/Java/JavaVirtualMachines/jdk1.8.0_11.jdk/Contents/Home/lib/sa-jdi.jar:/Library/Java/JavaVirtualMachines/jdk1.8.0_11.jdk/Contents/Home/lib/tools.jar:/Library/Java/JavaVirtualMachines/jdk1.8.0_11.jdk/Contents/Home/jre/lib/charsets.jar:/Library/Java/JavaVirtualMachines/jdk1.8.0_11.jdk/Contents/Home/jre/lib/deploy.jar:/Library/Java/JavaVirtualMachines/jdk1.8.0_11.jdk/Contents/Home/jre/lib/htmlconverter.jar:/Library/Java/JavaVirtualMachines/jdk1.8.0_11.jdk/Contents/Home/jre/lib/javaws.jar:/Library/Java/JavaVirtualMachines/jdk1.8.0_11.jdk/Contents/Home/jre/lib/jce.jar:/Library/Java/JavaVirtualMachines/jdk1.8.0_11.jdk/Contents/Home/jre/lib/jfr.jar:/Library/Java/JavaVirtualMachines/jdk1.8.0_11.jdk/Contents/Home/jre/lib/jfxswt.jar:/Library/Java/JavaVirtualMachines/jdk1.8.0_11.jdk/Contents/Home/jre/lib/jsse.jar:/Library/Java/JavaVirtualMachines/jdk1.8.0_11.jdk/Contents/Home/jre/lib/management-agent.jar:/Library/Java/JavaVirtualMachines/jdk1.8.0_11.jdk/Contents/Home/jre/lib/plugin.jar:/Library/Java/JavaVirtualMachines/jdk1.8.0_11.jdk/Contents/Home/jre/lib/resources.jar:/Library/Java/JavaVirtualMachines/jdk1.8.0_11.jdk/Contents/Home/jre/lib/rt.jar:/Library/Java/JavaVirtualMachines/jdk1.8.0_11.jdk/Contents/Home/jre/lib/ext/cldrdata.jar:/Library/Java/JavaVirtualMachines/jdk1.8.0_11.jdk/Contents/Home/jre/lib/ext/dnsns.jar:/Library/Java/JavaVirtualMachines/jdk1.8.0_11.jdk/Contents/Home/jre/lib/ext/jfxrt.jar:/Library/Java/JavaVirtualMachines/jdk1.8.0_11.jdk/Contents/Home/jre/lib/ext/localedata.jar:/Library/Java/JavaVirtualMachines/jdk1.8.0_11.jdk/Contents/Home/jre/lib/ext/nashorn.jar:/Library/Java/JavaVirtualMachines/jdk1.8.0_11.j
Launcher Type: SUN_STANDARD

Environment Variables:
CLASSPATH=.:/Users/yamininambiar/Downloads/junit.jar:/Users/yamininambiar/Downloads/hamcrest-core.jar
PATH=/Library/Frameworks/Python.framework/Versions/2.7/bin:/usr/local/heroku/bin:/Users/yamininambiar/anaconda/bin:/usr/local/bin:/usr/bin:/bin:/usr/sbin:/sbin:/usr/local/git/bin:/usr/local/MacGPG2/bin
SHELL=/bin/bash

Signal Handlers:
SIGSEGV: [libjvm.dylib+0x56059b], sa_mask[0]=0xfffefeff, sa_flags=0x00000043
SIGBUS: [libjvm.dylib+0x56059b], sa_mask[0]=0xfffefeff, sa_flags=0x00000042
SIGFPE: [libjvm.dylib+0x4438f2], sa_mask[0]=0xfffefeff, sa_flags=0x00000042
SIGPIPE: [libjvm.dylib+0x4438f2], sa_mask[0]=0xfffefeff, sa_flags=0x00000042
SIGXFSZ: [libjvm.dylib+0x4438f2], sa_mask[0]=0xfffefeff, sa_flags=0x00000042
SIGILL: [libjvm.dylib+0x4438f2], sa_mask[0]=0xfffefeff, sa_flags=0x00000042
SIGUSR1: SIG_DFL, sa_mask[0]=0x00000000, sa_flags=0x00000000
SIGUSR2: [libjvm.dylib+0x443410], sa_mask[0]=0x00000004, sa_flags=0x00000042
SIGHUP: [libjvm.dylib+0x44179b], sa_mask[0]=0xfffefeff, sa_flags=0x00000042
SIGINT: [libjvm.dylib+0x44179b], sa_mask[0]=0xfffefeff, sa_flags=0x00000042
SIGTERM: [libjvm.dylib+0x44179b], sa_mask[0]=0xfffefeff, sa_flags=0x00000042
SIGQUIT: [libjvm.dylib+0x44179b], sa_mask[0]=0xfffefeff, sa_flags=0x00000042


---------------  S Y S T E M  ---------------

OS:Bsduname:Darwin 14.1.0 Darwin Kernel Version 14.1.0: Mon Dec 22 23:10:38 PST 2014; root:xnu-2782.10.72~2/RELEASE_X86_64 x86_64
rlimit: STACK 8192k, CORE 0k, NPROC 709, NOFILE 10240, AS infinity
load average:4.62 3.59 2.82

CPU:total 4 (2 cores per cpu, 2 threads per core) family 6 model 69 stepping 1, cmov, cx8, fxsr, mmx, sse, sse2, sse3, ssse3, sse4.1, sse4.2, popcnt, avx, avx2, aes, clmul, erms, ht, tsc, tscinvbit

Memory: 4k page, physical 16777216k(1715244k free)

/proc/meminfo:


vm_info: Java HotSpot(TM) 64-Bit Server VM (25.11-b03) for bsd-amd64 JRE (1.8.0_11-b12), built on Jun 16 2014 17:39:42 by "java_re" with gcc 4.2.1 (Based on Apple Inc. build 5658) (LLVM build 2336.11.00)

time: Mon Oct  5 13:04:06 2015
elapsed time: 981 seconds

